Compose([
  RemoveFreeColumns([30, 108, 444, 943, 1264])
])
(2480, 1385)
# Run(72):
	cv_params={'layer': [2], 'hidden': [64], 'net': [<class 'models.AggGCNConv'>], 'lr': [0.01], 'epoch': [150]},
	lr_decay=0.9,
	decay_steps=50,
	weight_decay=0.0005,
	n_folds=5,

# Evaluating model(0): {'epoch': 150, 'hidden': 64, 'layer': 2, 'lr': 0.01, 'net': <class 'models.AggGCNConv'>}
{'fold': 0, 'epoch': 50, 'train_loss': 1.0565649271011353, 'val_loss': 0.8408491611480713, 'test_acc': 0.7900000214576721}
{'fold': 0, 'epoch': 100, 'train_loss': 0.8715522289276123, 'val_loss': 0.6985507607460022, 'test_acc': 0.7900000214576721}
{'fold': 0, 'epoch': 150, 'train_loss': 0.9744928479194641, 'val_loss': 0.7047389149665833, 'test_acc': 0.7900000214576721}
{'fold': 1, 'epoch': 50, 'train_loss': 1.0569496154785156, 'val_loss': 0.8803278207778931, 'test_acc': 0.7676767706871033}
{'fold': 1, 'epoch': 100, 'train_loss': 1.0231705904006958, 'val_loss': 0.8557340502738953, 'test_acc': 0.7575757503509521}
{'fold': 1, 'epoch': 150, 'train_loss': 1.013162612915039, 'val_loss': 0.8756966590881348, 'test_acc': 0.747474730014801}
{'fold': 2, 'epoch': 50, 'train_loss': 0.9548461437225342, 'val_loss': 0.8158196210861206, 'test_acc': 0.8585858345031738}
{'fold': 2, 'epoch': 100, 'train_loss': 1.0003247261047363, 'val_loss': 0.8115256428718567, 'test_acc': 0.8484848737716675}
{'fold': 2, 'epoch': 150, 'train_loss': 1.0645058155059814, 'val_loss': 0.8082346320152283, 'test_acc': 0.8484848737716675}
{'fold': 3, 'epoch': 50, 'train_loss': 1.0803343057632446, 'val_loss': 0.6711504459381104, 'test_acc': 0.808080792427063}
{'fold': 3, 'epoch': 100, 'train_loss': 1.1256543397903442, 'val_loss': 0.6284393668174744, 'test_acc': 0.8282828330993652}
{'fold': 3, 'epoch': 150, 'train_loss': 0.9626582860946655, 'val_loss': 0.6345273852348328, 'test_acc': 0.8484848737716675}
{'fold': 4, 'epoch': 50, 'train_loss': 1.0333536863327026, 'val_loss': 0.7360681891441345, 'test_acc': 0.8181818127632141}
{'fold': 4, 'epoch': 100, 'train_loss': 0.9784603118896484, 'val_loss': 0.7363299131393433, 'test_acc': 0.8181818127632141}
{'fold': 4, 'epoch': 150, 'train_loss': 0.9808894395828247, 'val_loss': 0.7729876041412354, 'test_acc': 0.7777777910232544}
Val Loss: 0.7313, Test Accuracy: 0.806 +/- 0.031, Duration: 7.661
Model(0) results: loss=0.731, accuracy=0.806, std=0.031, cv_params={'epoch': 150, 'hidden': 64, 'layer': 2, 'lr': 0.01, 'net': <class 'models.AggGCNConv'>}
Best Model(0) results: loss=0.731, accuracy=0.806, std=0.031, cv_params={'epoch': 150, 'hidden': 64, 'layer': 2, 'lr': 0.01, 'net': <class 'models.AggGCNConv'>}

--
AggGCNConv(
  (conv1): GCNConv(1385, 64)
  (conv2): GCNConv(64, 7)
)(0): loss=0.731, accuracy=0.806, std=0.031, cv_params={'epoch': 150, 'hidden': 64, 'layer': 2, 'lr': 0.01, 'net': <class 'models.AggGCNConv'>}
