Compose([
  RemoveDuplicatedEdges(),
  RemoveIsolatedNodes(),
  GCNNorm(add_self_loops=True)
])
(2480, 1390)
# Run(106):
	cv_params={'layer': [4], 'hidden': [32], 'net': [<class 'models.GCNConv'>], 'lr': [0.001], 'epoch': [3000]},
	lr_decay=0.5,
	decay_steps=50,
	weight_decay=0.0005,
	n_folds=5,

# Evaluating model(0): {'epoch': 3000, 'hidden': 32, 'layer': 4, 'lr': 0.001, 'net': <class 'models.GCNConv'>}
{'fold': 0, 'epoch': 50, 'train_loss': 1.4740220308303833, 'val_loss': 1.4208927154541016, 'test_acc': 0.5199999809265137}
{'fold': 0, 'epoch': 100, 'train_loss': 0.9378382563591003, 'val_loss': 0.9449055194854736, 'test_acc': 0.6100000143051147}
{'fold': 0, 'epoch': 150, 'train_loss': 0.8152532577514648, 'val_loss': 0.8508987426757812, 'test_acc': 0.6499999761581421}
{'fold': 0, 'epoch': 200, 'train_loss': 0.7122094035148621, 'val_loss': 0.824944257736206, 'test_acc': 0.6499999761581421}
{'fold': 0, 'epoch': 250, 'train_loss': 0.6655921936035156, 'val_loss': 0.8183677792549133, 'test_acc': 0.6399999856948853}
{'fold': 0, 'epoch': 300, 'train_loss': 0.6455115079879761, 'val_loss': 0.814726710319519, 'test_acc': 0.6399999856948853}
{'fold': 0, 'epoch': 350, 'train_loss': 0.6543141603469849, 'val_loss': 0.813744843006134, 'test_acc': 0.6399999856948853}
{'fold': 0, 'epoch': 400, 'train_loss': 0.6668386459350586, 'val_loss': 0.8129098415374756, 'test_acc': 0.6399999856948853}
{'fold': 0, 'epoch': 450, 'train_loss': 0.630685031414032, 'val_loss': 0.8127941489219666, 'test_acc': 0.6399999856948853}
{'fold': 0, 'epoch': 500, 'train_loss': 0.6443876028060913, 'val_loss': 0.8126165270805359, 'test_acc': 0.6399999856948853}
{'fold': 0, 'epoch': 550, 'train_loss': 0.6436811089515686, 'val_loss': 0.8125391006469727, 'test_acc': 0.6399999856948853}
{'fold': 0, 'epoch': 600, 'train_loss': 0.6082515120506287, 'val_loss': 0.8125271797180176, 'test_acc': 0.6399999856948853}
{'fold': 0, 'epoch': 650, 'train_loss': 0.6995222568511963, 'val_loss': 0.8125350475311279, 'test_acc': 0.6399999856948853}
{'fold': 0, 'epoch': 700, 'train_loss': 0.6322726607322693, 'val_loss': 0.8125172853469849, 'test_acc': 0.6399999856948853}
{'fold': 0, 'epoch': 750, 'train_loss': 0.6269333958625793, 'val_loss': 0.8125147819519043, 'test_acc': 0.6399999856948853}
{'fold': 0, 'epoch': 800, 'train_loss': 0.6512049436569214, 'val_loss': 0.8125122785568237, 'test_acc': 0.6399999856948853}
{'fold': 0, 'epoch': 850, 'train_loss': 0.6537774205207825, 'val_loss': 0.8125105500221252, 'test_acc': 0.6399999856948853}
{'fold': 0, 'epoch': 900, 'train_loss': 0.6739183664321899, 'val_loss': 0.8125104308128357, 'test_acc': 0.6399999856948853}
{'fold': 0, 'epoch': 950, 'train_loss': 0.6534588932991028, 'val_loss': 0.8125102519989014, 'test_acc': 0.6399999856948853}
{'fold': 0, 'epoch': 1000, 'train_loss': 0.6523967981338501, 'val_loss': 0.8125103116035461, 'test_acc': 0.6399999856948853}
{'fold': 0, 'epoch': 1050, 'train_loss': 0.6336344480514526, 'val_loss': 0.8125103116035461, 'test_acc': 0.6399999856948853}
{'fold': 0, 'epoch': 1100, 'train_loss': 0.6391828060150146, 'val_loss': 0.8125103116035461, 'test_acc': 0.6399999856948853}
{'fold': 0, 'epoch': 1150, 'train_loss': 0.623468279838562, 'val_loss': 0.8125102519989014, 'test_acc': 0.6399999856948853}
{'fold': 0, 'epoch': 1200, 'train_loss': 0.6385126709938049, 'val_loss': 0.8125102519989014, 'test_acc': 0.6399999856948853}
{'fold': 0, 'epoch': 1250, 'train_loss': 0.6353858709335327, 'val_loss': 0.8125102519989014, 'test_acc': 0.6399999856948853}
{'fold': 0, 'epoch': 1300, 'train_loss': 0.6532020568847656, 'val_loss': 0.8125102519989014, 'test_acc': 0.6399999856948853}
{'fold': 0, 'epoch': 1350, 'train_loss': 0.6510689854621887, 'val_loss': 0.8125102519989014, 'test_acc': 0.6399999856948853}
{'fold': 0, 'epoch': 1400, 'train_loss': 0.6824771165847778, 'val_loss': 0.8125102519989014, 'test_acc': 0.6399999856948853}
{'fold': 0, 'epoch': 1450, 'train_loss': 0.6364266872406006, 'val_loss': 0.8125102519989014, 'test_acc': 0.6399999856948853}
{'fold': 0, 'epoch': 1500, 'train_loss': 0.691173791885376, 'val_loss': 0.8125102519989014, 'test_acc': 0.6399999856948853}
{'fold': 0, 'epoch': 1550, 'train_loss': 0.6960596442222595, 'val_loss': 0.8125102519989014, 'test_acc': 0.6399999856948853}
{'fold': 0, 'epoch': 1600, 'train_loss': 0.6240171194076538, 'val_loss': 0.8125102519989014, 'test_acc': 0.6399999856948853}
{'fold': 0, 'epoch': 1650, 'train_loss': 0.630163848400116, 'val_loss': 0.8125102519989014, 'test_acc': 0.6399999856948853}
{'fold': 0, 'epoch': 1700, 'train_loss': 0.6621776819229126, 'val_loss': 0.8125102519989014, 'test_acc': 0.6399999856948853}
{'fold': 0, 'epoch': 1750, 'train_loss': 0.5770845413208008, 'val_loss': 0.8125102519989014, 'test_acc': 0.6399999856948853}
{'fold': 0, 'epoch': 1800, 'train_loss': 0.6768912672996521, 'val_loss': 0.8125102519989014, 'test_acc': 0.6399999856948853}
{'fold': 0, 'epoch': 1850, 'train_loss': 0.6938868761062622, 'val_loss': 0.8125102519989014, 'test_acc': 0.6399999856948853}
{'fold': 0, 'epoch': 1900, 'train_loss': 0.6705514192581177, 'val_loss': 0.8125102519989014, 'test_acc': 0.6399999856948853}
{'fold': 0, 'epoch': 1950, 'train_loss': 0.6733137369155884, 'val_loss': 0.8125102519989014, 'test_acc': 0.6399999856948853}
{'fold': 0, 'epoch': 2000, 'train_loss': 0.651623547077179, 'val_loss': 0.8125102519989014, 'test_acc': 0.6399999856948853}
{'fold': 0, 'epoch': 2050, 'train_loss': 0.6282210350036621, 'val_loss': 0.8125102519989014, 'test_acc': 0.6399999856948853}
{'fold': 0, 'epoch': 2100, 'train_loss': 0.6296356916427612, 'val_loss': 0.8125102519989014, 'test_acc': 0.6399999856948853}
{'fold': 0, 'epoch': 2150, 'train_loss': 0.637588620185852, 'val_loss': 0.8125102519989014, 'test_acc': 0.6399999856948853}
{'fold': 0, 'epoch': 2200, 'train_loss': 0.6268997192382812, 'val_loss': 0.8125102519989014, 'test_acc': 0.6399999856948853}
{'fold': 0, 'epoch': 2250, 'train_loss': 0.6338422894477844, 'val_loss': 0.8125102519989014, 'test_acc': 0.6399999856948853}
{'fold': 0, 'epoch': 2300, 'train_loss': 0.6291753053665161, 'val_loss': 0.8125102519989014, 'test_acc': 0.6399999856948853}
{'fold': 0, 'epoch': 2350, 'train_loss': 0.6784297823905945, 'val_loss': 0.8125102519989014, 'test_acc': 0.6399999856948853}
{'fold': 0, 'epoch': 2400, 'train_loss': 0.6252328753471375, 'val_loss': 0.8125102519989014, 'test_acc': 0.6399999856948853}
{'fold': 0, 'epoch': 2450, 'train_loss': 0.6478545069694519, 'val_loss': 0.8125102519989014, 'test_acc': 0.6399999856948853}
{'fold': 0, 'epoch': 2500, 'train_loss': 0.6336671710014343, 'val_loss': 0.8125102519989014, 'test_acc': 0.6399999856948853}
{'fold': 0, 'epoch': 2550, 'train_loss': 0.626929521560669, 'val_loss': 0.8125102519989014, 'test_acc': 0.6399999856948853}
{'fold': 0, 'epoch': 2600, 'train_loss': 0.6847591400146484, 'val_loss': 0.8125102519989014, 'test_acc': 0.6399999856948853}
{'fold': 0, 'epoch': 2650, 'train_loss': 0.6258717775344849, 'val_loss': 0.8125102519989014, 'test_acc': 0.6399999856948853}
{'fold': 0, 'epoch': 2700, 'train_loss': 0.6369072198867798, 'val_loss': 0.8125102519989014, 'test_acc': 0.6399999856948853}
{'fold': 0, 'epoch': 2750, 'train_loss': 0.6397426128387451, 'val_loss': 0.8125102519989014, 'test_acc': 0.6399999856948853}
{'fold': 0, 'epoch': 2800, 'train_loss': 0.6340895891189575, 'val_loss': 0.8125102519989014, 'test_acc': 0.6399999856948853}
{'fold': 0, 'epoch': 2850, 'train_loss': 0.6428792476654053, 'val_loss': 0.8125102519989014, 'test_acc': 0.6399999856948853}
{'fold': 0, 'epoch': 2900, 'train_loss': 0.6138139367103577, 'val_loss': 0.8125102519989014, 'test_acc': 0.6399999856948853}
{'fold': 0, 'epoch': 2950, 'train_loss': 0.598713219165802, 'val_loss': 0.8125102519989014, 'test_acc': 0.6399999856948853}
{'fold': 0, 'epoch': 3000, 'train_loss': 0.6315882802009583, 'val_loss': 0.8125102519989014, 'test_acc': 0.6399999856948853}
{'fold': 1, 'epoch': 50, 'train_loss': 1.4313068389892578, 'val_loss': 1.559928297996521, 'test_acc': 0.3030303120613098}
{'fold': 1, 'epoch': 100, 'train_loss': 0.9335556030273438, 'val_loss': 1.1942130327224731, 'test_acc': 0.6565656661987305}
{'fold': 1, 'epoch': 150, 'train_loss': 0.7167117595672607, 'val_loss': 1.1198451519012451, 'test_acc': 0.6767676472663879}
{'fold': 1, 'epoch': 200, 'train_loss': 0.6210759878158569, 'val_loss': 1.1097692251205444, 'test_acc': 0.6767676472663879}
{'fold': 1, 'epoch': 250, 'train_loss': 0.6258928775787354, 'val_loss': 1.1069475412368774, 'test_acc': 0.6666666865348816}
{'fold': 1, 'epoch': 300, 'train_loss': 0.5758242011070251, 'val_loss': 1.1103806495666504, 'test_acc': 0.6666666865348816}
{'fold': 1, 'epoch': 350, 'train_loss': 0.6073489785194397, 'val_loss': 1.1104185581207275, 'test_acc': 0.6666666865348816}
{'fold': 1, 'epoch': 400, 'train_loss': 0.5805941820144653, 'val_loss': 1.1093659400939941, 'test_acc': 0.6666666865348816}
{'fold': 1, 'epoch': 450, 'train_loss': 0.5617479085922241, 'val_loss': 1.1092033386230469, 'test_acc': 0.6666666865348816}
{'fold': 1, 'epoch': 500, 'train_loss': 0.5828186869621277, 'val_loss': 1.110538363456726, 'test_acc': 0.6666666865348816}
{'fold': 1, 'epoch': 550, 'train_loss': 0.6415036916732788, 'val_loss': 1.1108202934265137, 'test_acc': 0.6666666865348816}
{'fold': 1, 'epoch': 600, 'train_loss': 0.5668577551841736, 'val_loss': 1.1109603643417358, 'test_acc': 0.6666666865348816}
{'fold': 1, 'epoch': 650, 'train_loss': 0.5930973887443542, 'val_loss': 1.1107343435287476, 'test_acc': 0.6666666865348816}
{'fold': 1, 'epoch': 700, 'train_loss': 0.5929020047187805, 'val_loss': 1.1107882261276245, 'test_acc': 0.6666666865348816}
{'fold': 1, 'epoch': 750, 'train_loss': 0.5988091230392456, 'val_loss': 1.1107404232025146, 'test_acc': 0.6666666865348816}
{'fold': 1, 'epoch': 800, 'train_loss': 0.5653144121170044, 'val_loss': 1.1107537746429443, 'test_acc': 0.6666666865348816}
{'fold': 1, 'epoch': 850, 'train_loss': 0.6293166875839233, 'val_loss': 1.110751986503601, 'test_acc': 0.6666666865348816}
{'fold': 1, 'epoch': 900, 'train_loss': 0.5958446264266968, 'val_loss': 1.1107500791549683, 'test_acc': 0.6666666865348816}
{'fold': 1, 'epoch': 950, 'train_loss': 0.5923957228660583, 'val_loss': 1.1107490062713623, 'test_acc': 0.6666666865348816}
{'fold': 1, 'epoch': 1000, 'train_loss': 0.593384325504303, 'val_loss': 1.1107488870620728, 'test_acc': 0.6666666865348816}
{'fold': 1, 'epoch': 1050, 'train_loss': 0.5831121802330017, 'val_loss': 1.1107487678527832, 'test_acc': 0.6666666865348816}
{'fold': 1, 'epoch': 1100, 'train_loss': 0.5787511467933655, 'val_loss': 1.1107487678527832, 'test_acc': 0.6666666865348816}
{'fold': 1, 'epoch': 1150, 'train_loss': 0.6052810549736023, 'val_loss': 1.1107487678527832, 'test_acc': 0.6666666865348816}
{'fold': 1, 'epoch': 1200, 'train_loss': 0.5725587606430054, 'val_loss': 1.1107487678527832, 'test_acc': 0.6666666865348816}
{'fold': 1, 'epoch': 1250, 'train_loss': 0.6367499232292175, 'val_loss': 1.1107487678527832, 'test_acc': 0.6666666865348816}
{'fold': 1, 'epoch': 1300, 'train_loss': 0.5504427552223206, 'val_loss': 1.1107487678527832, 'test_acc': 0.6666666865348816}
{'fold': 1, 'epoch': 1350, 'train_loss': 0.594099760055542, 'val_loss': 1.1107487678527832, 'test_acc': 0.6666666865348816}
{'fold': 1, 'epoch': 1400, 'train_loss': 0.5923765897750854, 'val_loss': 1.1107487678527832, 'test_acc': 0.6666666865348816}
{'fold': 1, 'epoch': 1450, 'train_loss': 0.5703150033950806, 'val_loss': 1.1107487678527832, 'test_acc': 0.6666666865348816}
{'fold': 1, 'epoch': 1500, 'train_loss': 0.6124302744865417, 'val_loss': 1.1107487678527832, 'test_acc': 0.6666666865348816}
{'fold': 1, 'epoch': 1550, 'train_loss': 0.6038925051689148, 'val_loss': 1.1107487678527832, 'test_acc': 0.6666666865348816}
{'fold': 1, 'epoch': 1600, 'train_loss': 0.6116368770599365, 'val_loss': 1.1107487678527832, 'test_acc': 0.6666666865348816}
{'fold': 1, 'epoch': 1650, 'train_loss': 0.5970105528831482, 'val_loss': 1.1107487678527832, 'test_acc': 0.6666666865348816}
{'fold': 1, 'epoch': 1700, 'train_loss': 0.581612765789032, 'val_loss': 1.1107487678527832, 'test_acc': 0.6666666865348816}
{'fold': 1, 'epoch': 1750, 'train_loss': 0.5983498096466064, 'val_loss': 1.1107487678527832, 'test_acc': 0.6666666865348816}
{'fold': 1, 'epoch': 1800, 'train_loss': 0.5909355282783508, 'val_loss': 1.1107487678527832, 'test_acc': 0.6666666865348816}
{'fold': 1, 'epoch': 1850, 'train_loss': 0.6426937580108643, 'val_loss': 1.1107487678527832, 'test_acc': 0.6666666865348816}
{'fold': 1, 'epoch': 1900, 'train_loss': 0.5935990810394287, 'val_loss': 1.1107487678527832, 'test_acc': 0.6666666865348816}
{'fold': 1, 'epoch': 1950, 'train_loss': 0.6002783179283142, 'val_loss': 1.1107487678527832, 'test_acc': 0.6666666865348816}
{'fold': 1, 'epoch': 2000, 'train_loss': 0.572557806968689, 'val_loss': 1.1107487678527832, 'test_acc': 0.6666666865348816}
{'fold': 1, 'epoch': 2050, 'train_loss': 0.5969829559326172, 'val_loss': 1.1107487678527832, 'test_acc': 0.6666666865348816}
{'fold': 1, 'epoch': 2100, 'train_loss': 0.5749700665473938, 'val_loss': 1.1107487678527832, 'test_acc': 0.6666666865348816}
{'fold': 1, 'epoch': 2150, 'train_loss': 0.6261259317398071, 'val_loss': 1.1107487678527832, 'test_acc': 0.6666666865348816}
{'fold': 1, 'epoch': 2200, 'train_loss': 0.619914174079895, 'val_loss': 1.1107487678527832, 'test_acc': 0.6666666865348816}
{'fold': 1, 'epoch': 2250, 'train_loss': 0.5961861610412598, 'val_loss': 1.1107487678527832, 'test_acc': 0.6666666865348816}
{'fold': 1, 'epoch': 2300, 'train_loss': 0.5665143728256226, 'val_loss': 1.1107487678527832, 'test_acc': 0.6666666865348816}
{'fold': 1, 'epoch': 2350, 'train_loss': 0.6045376658439636, 'val_loss': 1.1107487678527832, 'test_acc': 0.6666666865348816}
{'fold': 1, 'epoch': 2400, 'train_loss': 0.581651508808136, 'val_loss': 1.1107487678527832, 'test_acc': 0.6666666865348816}
{'fold': 1, 'epoch': 2450, 'train_loss': 0.5864871144294739, 'val_loss': 1.1107487678527832, 'test_acc': 0.6666666865348816}
{'fold': 1, 'epoch': 2500, 'train_loss': 0.5853213667869568, 'val_loss': 1.1107487678527832, 'test_acc': 0.6666666865348816}
{'fold': 1, 'epoch': 2550, 'train_loss': 0.6302688121795654, 'val_loss': 1.1107487678527832, 'test_acc': 0.6666666865348816}
{'fold': 1, 'epoch': 2600, 'train_loss': 0.5955727100372314, 'val_loss': 1.1107487678527832, 'test_acc': 0.6666666865348816}
{'fold': 1, 'epoch': 2650, 'train_loss': 0.5867618322372437, 'val_loss': 1.1107487678527832, 'test_acc': 0.6666666865348816}
{'fold': 1, 'epoch': 2700, 'train_loss': 0.5906907320022583, 'val_loss': 1.1107487678527832, 'test_acc': 0.6666666865348816}
{'fold': 1, 'epoch': 2750, 'train_loss': 0.568457305431366, 'val_loss': 1.1107487678527832, 'test_acc': 0.6666666865348816}
{'fold': 1, 'epoch': 2800, 'train_loss': 0.5918668508529663, 'val_loss': 1.1107487678527832, 'test_acc': 0.6666666865348816}
{'fold': 1, 'epoch': 2850, 'train_loss': 0.5568249225616455, 'val_loss': 1.1107487678527832, 'test_acc': 0.6666666865348816}
{'fold': 1, 'epoch': 2900, 'train_loss': 0.5886753797531128, 'val_loss': 1.1107487678527832, 'test_acc': 0.6666666865348816}
{'fold': 1, 'epoch': 2950, 'train_loss': 0.6010645627975464, 'val_loss': 1.1107487678527832, 'test_acc': 0.6666666865348816}
{'fold': 1, 'epoch': 3000, 'train_loss': 0.5952906608581543, 'val_loss': 1.1107487678527832, 'test_acc': 0.6666666865348816}
{'fold': 2, 'epoch': 50, 'train_loss': 1.5140576362609863, 'val_loss': 1.5187146663665771, 'test_acc': 0.4343434274196625}
{'fold': 2, 'epoch': 100, 'train_loss': 1.060053825378418, 'val_loss': 1.234525203704834, 'test_acc': 0.6565656661987305}
{'fold': 2, 'epoch': 150, 'train_loss': 0.8149622678756714, 'val_loss': 1.097710132598877, 'test_acc': 0.7070707082748413}
{'fold': 2, 'epoch': 200, 'train_loss': 0.6899930238723755, 'val_loss': 1.0632002353668213, 'test_acc': 0.7272727489471436}
{'fold': 2, 'epoch': 250, 'train_loss': 0.6776759624481201, 'val_loss': 1.0525716543197632, 'test_acc': 0.7373737096786499}
{'fold': 2, 'epoch': 300, 'train_loss': 0.6385685205459595, 'val_loss': 1.0445687770843506, 'test_acc': 0.747474730014801}
{'fold': 2, 'epoch': 350, 'train_loss': 0.6440702676773071, 'val_loss': 1.045230746269226, 'test_acc': 0.747474730014801}
{'fold': 2, 'epoch': 400, 'train_loss': 0.6583802103996277, 'val_loss': 1.0434956550598145, 'test_acc': 0.747474730014801}
{'fold': 2, 'epoch': 450, 'train_loss': 0.6545829772949219, 'val_loss': 1.042378306388855, 'test_acc': 0.7575757503509521}
{'fold': 2, 'epoch': 500, 'train_loss': 0.6384337544441223, 'val_loss': 1.0419541597366333, 'test_acc': 0.7575757503509521}
{'fold': 2, 'epoch': 550, 'train_loss': 0.6172109246253967, 'val_loss': 1.042271375656128, 'test_acc': 0.7575757503509521}
{'fold': 2, 'epoch': 600, 'train_loss': 0.6253315210342407, 'val_loss': 1.0423517227172852, 'test_acc': 0.7575757503509521}
{'fold': 2, 'epoch': 650, 'train_loss': 0.6212774515151978, 'val_loss': 1.042318344116211, 'test_acc': 0.7575757503509521}
{'fold': 2, 'epoch': 700, 'train_loss': 0.6212892532348633, 'val_loss': 1.0423216819763184, 'test_acc': 0.7575757503509521}
{'fold': 2, 'epoch': 750, 'train_loss': 0.6418665647506714, 'val_loss': 1.0423181056976318, 'test_acc': 0.7575757503509521}
{'fold': 2, 'epoch': 800, 'train_loss': 0.6604676246643066, 'val_loss': 1.0423303842544556, 'test_acc': 0.7575757503509521}
{'fold': 2, 'epoch': 850, 'train_loss': 0.6312248110771179, 'val_loss': 1.042320966720581, 'test_acc': 0.7575757503509521}
{'fold': 2, 'epoch': 900, 'train_loss': 0.6333913803100586, 'val_loss': 1.042319416999817, 'test_acc': 0.7575757503509521}
{'fold': 2, 'epoch': 950, 'train_loss': 0.6307736039161682, 'val_loss': 1.0423189401626587, 'test_acc': 0.7575757503509521}
{'fold': 2, 'epoch': 1000, 'train_loss': 0.6353021264076233, 'val_loss': 1.0423190593719482, 'test_acc': 0.7575757503509521}
{'fold': 2, 'epoch': 1050, 'train_loss': 0.63190758228302, 'val_loss': 1.0423189401626587, 'test_acc': 0.7575757503509521}
{'fold': 2, 'epoch': 1100, 'train_loss': 0.6227589845657349, 'val_loss': 1.0423189401626587, 'test_acc': 0.7575757503509521}
{'fold': 2, 'epoch': 1150, 'train_loss': 0.6353464722633362, 'val_loss': 1.0423189401626587, 'test_acc': 0.7575757503509521}
{'fold': 2, 'epoch': 1200, 'train_loss': 0.6289502382278442, 'val_loss': 1.0423189401626587, 'test_acc': 0.7575757503509521}
{'fold': 2, 'epoch': 1250, 'train_loss': 0.6549495458602905, 'val_loss': 1.0423189401626587, 'test_acc': 0.7575757503509521}
{'fold': 2, 'epoch': 1300, 'train_loss': 0.6431893110275269, 'val_loss': 1.0423189401626587, 'test_acc': 0.7575757503509521}
{'fold': 2, 'epoch': 1350, 'train_loss': 0.6024397611618042, 'val_loss': 1.0423189401626587, 'test_acc': 0.7575757503509521}
{'fold': 2, 'epoch': 1400, 'train_loss': 0.6041715145111084, 'val_loss': 1.0423189401626587, 'test_acc': 0.7575757503509521}
{'fold': 2, 'epoch': 1450, 'train_loss': 0.6615033149719238, 'val_loss': 1.0423189401626587, 'test_acc': 0.7575757503509521}
{'fold': 2, 'epoch': 1500, 'train_loss': 0.6203880310058594, 'val_loss': 1.0423189401626587, 'test_acc': 0.7575757503509521}
{'fold': 2, 'epoch': 1550, 'train_loss': 0.6192774176597595, 'val_loss': 1.0423189401626587, 'test_acc': 0.7575757503509521}
{'fold': 2, 'epoch': 1600, 'train_loss': 0.6112251877784729, 'val_loss': 1.0423189401626587, 'test_acc': 0.7575757503509521}
{'fold': 2, 'epoch': 1650, 'train_loss': 0.6537394523620605, 'val_loss': 1.0423189401626587, 'test_acc': 0.7575757503509521}
{'fold': 2, 'epoch': 1700, 'train_loss': 0.6213828921318054, 'val_loss': 1.0423189401626587, 'test_acc': 0.7575757503509521}
{'fold': 2, 'epoch': 1750, 'train_loss': 0.6272436380386353, 'val_loss': 1.0423189401626587, 'test_acc': 0.7575757503509521}
{'fold': 2, 'epoch': 1800, 'train_loss': 0.635572075843811, 'val_loss': 1.0423189401626587, 'test_acc': 0.7575757503509521}
{'fold': 2, 'epoch': 1850, 'train_loss': 0.5980527400970459, 'val_loss': 1.0423189401626587, 'test_acc': 0.7575757503509521}
{'fold': 2, 'epoch': 1900, 'train_loss': 0.6151983737945557, 'val_loss': 1.0423189401626587, 'test_acc': 0.7575757503509521}
{'fold': 2, 'epoch': 1950, 'train_loss': 0.6407197713851929, 'val_loss': 1.0423189401626587, 'test_acc': 0.7575757503509521}
{'fold': 2, 'epoch': 2000, 'train_loss': 0.6161136627197266, 'val_loss': 1.0423189401626587, 'test_acc': 0.7575757503509521}
{'fold': 2, 'epoch': 2050, 'train_loss': 0.6220115423202515, 'val_loss': 1.0423189401626587, 'test_acc': 0.7575757503509521}
{'fold': 2, 'epoch': 2100, 'train_loss': 0.651004433631897, 'val_loss': 1.0423189401626587, 'test_acc': 0.7575757503509521}
{'fold': 2, 'epoch': 2150, 'train_loss': 0.6121892333030701, 'val_loss': 1.0423189401626587, 'test_acc': 0.7575757503509521}
{'fold': 2, 'epoch': 2200, 'train_loss': 0.6422160863876343, 'val_loss': 1.0423189401626587, 'test_acc': 0.7575757503509521}
{'fold': 2, 'epoch': 2250, 'train_loss': 0.645339846611023, 'val_loss': 1.0423189401626587, 'test_acc': 0.7575757503509521}
{'fold': 2, 'epoch': 2300, 'train_loss': 0.6296840310096741, 'val_loss': 1.0423189401626587, 'test_acc': 0.7575757503509521}
{'fold': 2, 'epoch': 2350, 'train_loss': 0.6559744477272034, 'val_loss': 1.0423189401626587, 'test_acc': 0.7575757503509521}
{'fold': 2, 'epoch': 2400, 'train_loss': 0.6521227955818176, 'val_loss': 1.0423189401626587, 'test_acc': 0.7575757503509521}
{'fold': 2, 'epoch': 2450, 'train_loss': 0.6656937599182129, 'val_loss': 1.0423189401626587, 'test_acc': 0.7575757503509521}
{'fold': 2, 'epoch': 2500, 'train_loss': 0.6080171465873718, 'val_loss': 1.0423189401626587, 'test_acc': 0.7575757503509521}
{'fold': 2, 'epoch': 2550, 'train_loss': 0.6344850063323975, 'val_loss': 1.0423189401626587, 'test_acc': 0.7575757503509521}
{'fold': 2, 'epoch': 2600, 'train_loss': 0.6221581101417542, 'val_loss': 1.0423189401626587, 'test_acc': 0.7575757503509521}
{'fold': 2, 'epoch': 2650, 'train_loss': 0.6322462558746338, 'val_loss': 1.0423189401626587, 'test_acc': 0.7575757503509521}
{'fold': 2, 'epoch': 2700, 'train_loss': 0.62396240234375, 'val_loss': 1.0423189401626587, 'test_acc': 0.7575757503509521}
{'fold': 2, 'epoch': 2750, 'train_loss': 0.6728683710098267, 'val_loss': 1.0423189401626587, 'test_acc': 0.7575757503509521}
{'fold': 2, 'epoch': 2800, 'train_loss': 0.6141620874404907, 'val_loss': 1.0423189401626587, 'test_acc': 0.7575757503509521}
{'fold': 2, 'epoch': 2850, 'train_loss': 0.6248312592506409, 'val_loss': 1.0423189401626587, 'test_acc': 0.7575757503509521}
{'fold': 2, 'epoch': 2900, 'train_loss': 0.6288912892341614, 'val_loss': 1.0423189401626587, 'test_acc': 0.7575757503509521}
{'fold': 2, 'epoch': 2950, 'train_loss': 0.634070873260498, 'val_loss': 1.0423189401626587, 'test_acc': 0.7575757503509521}
{'fold': 2, 'epoch': 3000, 'train_loss': 0.6680837273597717, 'val_loss': 1.0423189401626587, 'test_acc': 0.7575757503509521}
{'fold': 3, 'epoch': 50, 'train_loss': 1.585490107536316, 'val_loss': 1.4880567789077759, 'test_acc': 0.49494948983192444}
{'fold': 3, 'epoch': 100, 'train_loss': 1.0215163230895996, 'val_loss': 0.9400742053985596, 'test_acc': 0.6161616444587708}
{'fold': 3, 'epoch': 150, 'train_loss': 0.7668920755386353, 'val_loss': 0.7402235865592957, 'test_acc': 0.6868686676025391}
{'fold': 3, 'epoch': 200, 'train_loss': 0.7027440667152405, 'val_loss': 0.6783789992332458, 'test_acc': 0.7777777910232544}
{'fold': 3, 'epoch': 250, 'train_loss': 0.6129547357559204, 'val_loss': 0.6560512781143188, 'test_acc': 0.7878788113594055}
{'fold': 3, 'epoch': 300, 'train_loss': 0.6171056032180786, 'val_loss': 0.643561840057373, 'test_acc': 0.7979797720909119}
{'fold': 3, 'epoch': 350, 'train_loss': 0.6411201357841492, 'val_loss': 0.6401004791259766, 'test_acc': 0.7979797720909119}
{'fold': 3, 'epoch': 400, 'train_loss': 0.5948019623756409, 'val_loss': 0.6378457546234131, 'test_acc': 0.7979797720909119}
{'fold': 3, 'epoch': 450, 'train_loss': 0.6046408414840698, 'val_loss': 0.6367454528808594, 'test_acc': 0.7979797720909119}
{'fold': 3, 'epoch': 500, 'train_loss': 0.6323378682136536, 'val_loss': 0.6363104581832886, 'test_acc': 0.7979797720909119}
{'fold': 3, 'epoch': 550, 'train_loss': 0.5807247757911682, 'val_loss': 0.6361945271492004, 'test_acc': 0.7979797720909119}
{'fold': 3, 'epoch': 600, 'train_loss': 0.6188472509384155, 'val_loss': 0.6360667943954468, 'test_acc': 0.7979797720909119}
{'fold': 3, 'epoch': 650, 'train_loss': 0.5736085772514343, 'val_loss': 0.6360746622085571, 'test_acc': 0.7979797720909119}
{'fold': 3, 'epoch': 700, 'train_loss': 0.6131725907325745, 'val_loss': 0.6360391974449158, 'test_acc': 0.7979797720909119}
{'fold': 3, 'epoch': 750, 'train_loss': 0.5995851755142212, 'val_loss': 0.6360293030738831, 'test_acc': 0.7979797720909119}
{'fold': 3, 'epoch': 800, 'train_loss': 0.5994360446929932, 'val_loss': 0.6360156536102295, 'test_acc': 0.7979797720909119}
{'fold': 3, 'epoch': 850, 'train_loss': 0.5706232786178589, 'val_loss': 0.6360114812850952, 'test_acc': 0.7979797720909119}
{'fold': 3, 'epoch': 900, 'train_loss': 0.6218777894973755, 'val_loss': 0.6360102295875549, 'test_acc': 0.7979797720909119}
{'fold': 3, 'epoch': 950, 'train_loss': 0.6004554033279419, 'val_loss': 0.6360102295875549, 'test_acc': 0.7979797720909119}
{'fold': 3, 'epoch': 1000, 'train_loss': 0.6009738445281982, 'val_loss': 0.6360100507736206, 'test_acc': 0.7979797720909119}
{'fold': 3, 'epoch': 1050, 'train_loss': 0.5756621360778809, 'val_loss': 0.6360100507736206, 'test_acc': 0.7979797720909119}
{'fold': 3, 'epoch': 1100, 'train_loss': 0.5945153832435608, 'val_loss': 0.6360100507736206, 'test_acc': 0.7979797720909119}
{'fold': 3, 'epoch': 1150, 'train_loss': 0.5611603260040283, 'val_loss': 0.6360099911689758, 'test_acc': 0.7979797720909119}
{'fold': 3, 'epoch': 1200, 'train_loss': 0.5712257027626038, 'val_loss': 0.6360100507736206, 'test_acc': 0.7979797720909119}
{'fold': 3, 'epoch': 1250, 'train_loss': 0.5754671692848206, 'val_loss': 0.6360100507736206, 'test_acc': 0.7979797720909119}
{'fold': 3, 'epoch': 1300, 'train_loss': 0.5783409476280212, 'val_loss': 0.6360100507736206, 'test_acc': 0.7979797720909119}
{'fold': 3, 'epoch': 1350, 'train_loss': 0.6056916117668152, 'val_loss': 0.6360100507736206, 'test_acc': 0.7979797720909119}
{'fold': 3, 'epoch': 1400, 'train_loss': 0.5946848392486572, 'val_loss': 0.6360100507736206, 'test_acc': 0.7979797720909119}
{'fold': 3, 'epoch': 1450, 'train_loss': 0.5930960178375244, 'val_loss': 0.6360100507736206, 'test_acc': 0.7979797720909119}
{'fold': 3, 'epoch': 1500, 'train_loss': 0.6033340096473694, 'val_loss': 0.6360100507736206, 'test_acc': 0.7979797720909119}
{'fold': 3, 'epoch': 1550, 'train_loss': 0.5996403098106384, 'val_loss': 0.6360100507736206, 'test_acc': 0.7979797720909119}
{'fold': 3, 'epoch': 1600, 'train_loss': 0.6211891174316406, 'val_loss': 0.6360100507736206, 'test_acc': 0.7979797720909119}
{'fold': 3, 'epoch': 1650, 'train_loss': 0.6025853753089905, 'val_loss': 0.6360100507736206, 'test_acc': 0.7979797720909119}
{'fold': 3, 'epoch': 1700, 'train_loss': 0.6089908480644226, 'val_loss': 0.6360100507736206, 'test_acc': 0.7979797720909119}
{'fold': 3, 'epoch': 1750, 'train_loss': 0.5852161049842834, 'val_loss': 0.6360100507736206, 'test_acc': 0.7979797720909119}
{'fold': 3, 'epoch': 1800, 'train_loss': 0.6322481036186218, 'val_loss': 0.6360100507736206, 'test_acc': 0.7979797720909119}
{'fold': 3, 'epoch': 1850, 'train_loss': 0.5582132935523987, 'val_loss': 0.6360100507736206, 'test_acc': 0.7979797720909119}
{'fold': 3, 'epoch': 1900, 'train_loss': 0.6391738653182983, 'val_loss': 0.6360100507736206, 'test_acc': 0.7979797720909119}
{'fold': 3, 'epoch': 1950, 'train_loss': 0.5657368302345276, 'val_loss': 0.6360100507736206, 'test_acc': 0.7979797720909119}
{'fold': 3, 'epoch': 2000, 'train_loss': 0.6068228483200073, 'val_loss': 0.6360100507736206, 'test_acc': 0.7979797720909119}
{'fold': 3, 'epoch': 2050, 'train_loss': 0.5876464247703552, 'val_loss': 0.6360100507736206, 'test_acc': 0.7979797720909119}
{'fold': 3, 'epoch': 2100, 'train_loss': 0.5944408178329468, 'val_loss': 0.6360100507736206, 'test_acc': 0.7979797720909119}
{'fold': 3, 'epoch': 2150, 'train_loss': 0.582304835319519, 'val_loss': 0.6360100507736206, 'test_acc': 0.7979797720909119}
{'fold': 3, 'epoch': 2200, 'train_loss': 0.5830618739128113, 'val_loss': 0.6360100507736206, 'test_acc': 0.7979797720909119}
{'fold': 3, 'epoch': 2250, 'train_loss': 0.5982698202133179, 'val_loss': 0.6360100507736206, 'test_acc': 0.7979797720909119}
{'fold': 3, 'epoch': 2300, 'train_loss': 0.5949227809906006, 'val_loss': 0.6360100507736206, 'test_acc': 0.7979797720909119}
{'fold': 3, 'epoch': 2350, 'train_loss': 0.608239471912384, 'val_loss': 0.6360100507736206, 'test_acc': 0.7979797720909119}
{'fold': 3, 'epoch': 2400, 'train_loss': 0.5770189762115479, 'val_loss': 0.6360100507736206, 'test_acc': 0.7979797720909119}
{'fold': 3, 'epoch': 2450, 'train_loss': 0.5767017602920532, 'val_loss': 0.6360100507736206, 'test_acc': 0.7979797720909119}
{'fold': 3, 'epoch': 2500, 'train_loss': 0.5855412483215332, 'val_loss': 0.6360100507736206, 'test_acc': 0.7979797720909119}
{'fold': 3, 'epoch': 2550, 'train_loss': 0.5884231328964233, 'val_loss': 0.6360100507736206, 'test_acc': 0.7979797720909119}
{'fold': 3, 'epoch': 2600, 'train_loss': 0.5932397842407227, 'val_loss': 0.6360100507736206, 'test_acc': 0.7979797720909119}
{'fold': 3, 'epoch': 2650, 'train_loss': 0.6257577538490295, 'val_loss': 0.6360100507736206, 'test_acc': 0.7979797720909119}
{'fold': 3, 'epoch': 2700, 'train_loss': 0.5870316028594971, 'val_loss': 0.6360100507736206, 'test_acc': 0.7979797720909119}
{'fold': 3, 'epoch': 2750, 'train_loss': 0.638859212398529, 'val_loss': 0.6360100507736206, 'test_acc': 0.7979797720909119}
{'fold': 3, 'epoch': 2800, 'train_loss': 0.6147318482398987, 'val_loss': 0.6360100507736206, 'test_acc': 0.7979797720909119}
{'fold': 3, 'epoch': 2850, 'train_loss': 0.5931674242019653, 'val_loss': 0.6360100507736206, 'test_acc': 0.7979797720909119}
{'fold': 3, 'epoch': 2900, 'train_loss': 0.5791290998458862, 'val_loss': 0.6360100507736206, 'test_acc': 0.7979797720909119}
{'fold': 3, 'epoch': 2950, 'train_loss': 0.6222448945045471, 'val_loss': 0.6360100507736206, 'test_acc': 0.7979797720909119}
{'fold': 3, 'epoch': 3000, 'train_loss': 0.6103816628456116, 'val_loss': 0.6360100507736206, 'test_acc': 0.7979797720909119}
{'fold': 4, 'epoch': 50, 'train_loss': 1.4646614789962769, 'val_loss': 1.3978509902954102, 'test_acc': 0.4343434274196625}
{'fold': 4, 'epoch': 100, 'train_loss': 0.9941461682319641, 'val_loss': 1.122950553894043, 'test_acc': 0.5353535413742065}
{'fold': 4, 'epoch': 150, 'train_loss': 0.8199642896652222, 'val_loss': 1.0283740758895874, 'test_acc': 0.6363636255264282}
{'fold': 4, 'epoch': 200, 'train_loss': 0.7830986976623535, 'val_loss': 0.9849345684051514, 'test_acc': 0.7171717286109924}
{'fold': 4, 'epoch': 250, 'train_loss': 0.6864294409751892, 'val_loss': 0.964084267616272, 'test_acc': 0.7171717286109924}
{'fold': 4, 'epoch': 300, 'train_loss': 0.687438428401947, 'val_loss': 0.9501426815986633, 'test_acc': 0.7171717286109924}
{'fold': 4, 'epoch': 350, 'train_loss': 0.6818533539772034, 'val_loss': 0.9474180340766907, 'test_acc': 0.7171717286109924}
{'fold': 4, 'epoch': 400, 'train_loss': 0.6599459648132324, 'val_loss': 0.9435821175575256, 'test_acc': 0.7171717286109924}
{'fold': 4, 'epoch': 450, 'train_loss': 0.7305033802986145, 'val_loss': 0.9425014853477478, 'test_acc': 0.7171717286109924}
{'fold': 4, 'epoch': 500, 'train_loss': 0.6662120223045349, 'val_loss': 0.9420913457870483, 'test_acc': 0.7171717286109924}
{'fold': 4, 'epoch': 550, 'train_loss': 0.6740343570709229, 'val_loss': 0.9415437579154968, 'test_acc': 0.7171717286109924}
{'fold': 4, 'epoch': 600, 'train_loss': 0.6931484937667847, 'val_loss': 0.9413297176361084, 'test_acc': 0.7272727489471436}
{'fold': 4, 'epoch': 650, 'train_loss': 0.6752183437347412, 'val_loss': 0.9412811994552612, 'test_acc': 0.7373737096786499}
{'fold': 4, 'epoch': 700, 'train_loss': 0.6415920853614807, 'val_loss': 0.941233217716217, 'test_acc': 0.7373737096786499}
{'fold': 4, 'epoch': 750, 'train_loss': 0.7050156593322754, 'val_loss': 0.9412252306938171, 'test_acc': 0.7373737096786499}
{'fold': 4, 'epoch': 800, 'train_loss': 0.6704888939857483, 'val_loss': 0.9412179589271545, 'test_acc': 0.7373737096786499}
{'fold': 4, 'epoch': 850, 'train_loss': 0.6776297688484192, 'val_loss': 0.9412102699279785, 'test_acc': 0.7373737096786499}
{'fold': 4, 'epoch': 900, 'train_loss': 0.7084060311317444, 'val_loss': 0.9412088394165039, 'test_acc': 0.7373737096786499}
{'fold': 4, 'epoch': 950, 'train_loss': 0.7162302732467651, 'val_loss': 0.9412087202072144, 'test_acc': 0.7373737096786499}
{'fold': 4, 'epoch': 1000, 'train_loss': 0.6981470584869385, 'val_loss': 0.9412090182304382, 'test_acc': 0.7373737096786499}
{'fold': 4, 'epoch': 1050, 'train_loss': 0.6840366125106812, 'val_loss': 0.9412088990211487, 'test_acc': 0.7373737096786499}
{'fold': 4, 'epoch': 1100, 'train_loss': 0.7034509181976318, 'val_loss': 0.9412088394165039, 'test_acc': 0.7373737096786499}
{'fold': 4, 'epoch': 1150, 'train_loss': 0.6821065545082092, 'val_loss': 0.9412088990211487, 'test_acc': 0.7373737096786499}
{'fold': 4, 'epoch': 1200, 'train_loss': 0.6252234578132629, 'val_loss': 0.9412088394165039, 'test_acc': 0.7373737096786499}
{'fold': 4, 'epoch': 1250, 'train_loss': 0.6912062168121338, 'val_loss': 0.9412088394165039, 'test_acc': 0.7373737096786499}
{'fold': 4, 'epoch': 1300, 'train_loss': 0.6956686973571777, 'val_loss': 0.9412088394165039, 'test_acc': 0.7373737096786499}
{'fold': 4, 'epoch': 1350, 'train_loss': 0.7038245797157288, 'val_loss': 0.9412088394165039, 'test_acc': 0.7373737096786499}
{'fold': 4, 'epoch': 1400, 'train_loss': 0.6609921455383301, 'val_loss': 0.9412088394165039, 'test_acc': 0.7373737096786499}
{'fold': 4, 'epoch': 1450, 'train_loss': 0.6859790086746216, 'val_loss': 0.9412088394165039, 'test_acc': 0.7373737096786499}
{'fold': 4, 'epoch': 1500, 'train_loss': 0.6418341398239136, 'val_loss': 0.9412088394165039, 'test_acc': 0.7373737096786499}
{'fold': 4, 'epoch': 1550, 'train_loss': 0.7007614374160767, 'val_loss': 0.9412088394165039, 'test_acc': 0.7373737096786499}
{'fold': 4, 'epoch': 1600, 'train_loss': 0.6499714255332947, 'val_loss': 0.9412088394165039, 'test_acc': 0.7373737096786499}
{'fold': 4, 'epoch': 1650, 'train_loss': 0.722689688205719, 'val_loss': 0.9412088394165039, 'test_acc': 0.7373737096786499}
{'fold': 4, 'epoch': 1700, 'train_loss': 0.6660804748535156, 'val_loss': 0.9412088394165039, 'test_acc': 0.7373737096786499}
{'fold': 4, 'epoch': 1750, 'train_loss': 0.6838708519935608, 'val_loss': 0.9412088394165039, 'test_acc': 0.7373737096786499}
{'fold': 4, 'epoch': 1800, 'train_loss': 0.6606432795524597, 'val_loss': 0.9412088394165039, 'test_acc': 0.7373737096786499}
{'fold': 4, 'epoch': 1850, 'train_loss': 0.7031205296516418, 'val_loss': 0.9412088394165039, 'test_acc': 0.7373737096786499}
{'fold': 4, 'epoch': 1900, 'train_loss': 0.6636254191398621, 'val_loss': 0.9412088394165039, 'test_acc': 0.7373737096786499}
{'fold': 4, 'epoch': 1950, 'train_loss': 0.6962985992431641, 'val_loss': 0.9412088394165039, 'test_acc': 0.7373737096786499}
{'fold': 4, 'epoch': 2000, 'train_loss': 0.6958577036857605, 'val_loss': 0.9412088394165039, 'test_acc': 0.7373737096786499}
{'fold': 4, 'epoch': 2050, 'train_loss': 0.7071672677993774, 'val_loss': 0.9412088394165039, 'test_acc': 0.7373737096786499}
{'fold': 4, 'epoch': 2100, 'train_loss': 0.7268291115760803, 'val_loss': 0.9412088394165039, 'test_acc': 0.7373737096786499}
{'fold': 4, 'epoch': 2150, 'train_loss': 0.6779050230979919, 'val_loss': 0.9412088394165039, 'test_acc': 0.7373737096786499}
{'fold': 4, 'epoch': 2200, 'train_loss': 0.7262175679206848, 'val_loss': 0.9412088394165039, 'test_acc': 0.7373737096786499}
{'fold': 4, 'epoch': 2250, 'train_loss': 0.6947067379951477, 'val_loss': 0.9412088394165039, 'test_acc': 0.7373737096786499}
{'fold': 4, 'epoch': 2300, 'train_loss': 0.6988152861595154, 'val_loss': 0.9412088394165039, 'test_acc': 0.7373737096786499}
{'fold': 4, 'epoch': 2350, 'train_loss': 0.7207565903663635, 'val_loss': 0.9412088394165039, 'test_acc': 0.7373737096786499}
{'fold': 4, 'epoch': 2400, 'train_loss': 0.6683982610702515, 'val_loss': 0.9412088394165039, 'test_acc': 0.7373737096786499}
{'fold': 4, 'epoch': 2450, 'train_loss': 0.6908824443817139, 'val_loss': 0.9412088394165039, 'test_acc': 0.7373737096786499}
{'fold': 4, 'epoch': 2500, 'train_loss': 0.7198428511619568, 'val_loss': 0.9412088394165039, 'test_acc': 0.7373737096786499}
{'fold': 4, 'epoch': 2550, 'train_loss': 0.68705815076828, 'val_loss': 0.9412088394165039, 'test_acc': 0.7373737096786499}
{'fold': 4, 'epoch': 2600, 'train_loss': 0.6667685508728027, 'val_loss': 0.9412088394165039, 'test_acc': 0.7373737096786499}
{'fold': 4, 'epoch': 2650, 'train_loss': 0.6890160441398621, 'val_loss': 0.9412088394165039, 'test_acc': 0.7373737096786499}
{'fold': 4, 'epoch': 2700, 'train_loss': 0.6930058598518372, 'val_loss': 0.9412088394165039, 'test_acc': 0.7373737096786499}
{'fold': 4, 'epoch': 2750, 'train_loss': 0.6727463603019714, 'val_loss': 0.9412088394165039, 'test_acc': 0.7373737096786499}
{'fold': 4, 'epoch': 2800, 'train_loss': 0.6567163467407227, 'val_loss': 0.9412088394165039, 'test_acc': 0.7373737096786499}
{'fold': 4, 'epoch': 2850, 'train_loss': 0.7035874128341675, 'val_loss': 0.9412088394165039, 'test_acc': 0.7373737096786499}
{'fold': 4, 'epoch': 2900, 'train_loss': 0.734856903553009, 'val_loss': 0.9412088394165039, 'test_acc': 0.7373737096786499}
{'fold': 4, 'epoch': 2950, 'train_loss': 0.6988388895988464, 'val_loss': 0.9412088394165039, 'test_acc': 0.7373737096786499}
{'fold': 4, 'epoch': 3000, 'train_loss': 0.6997023820877075, 'val_loss': 0.9412088394165039, 'test_acc': 0.7373737096786499}
Val Loss: 0.9072, Test Accuracy: 0.720 +/- 0.065, Duration: 183.890
Model(0) results: loss=0.907, accuracy=0.720, std=0.065, cv_params={'epoch': 3000, 'hidden': 32, 'layer': 4, 'lr': 0.001, 'net': <class 'models.GCNConv'>}
Best Model(0) results: loss=0.907, accuracy=0.720, std=0.065, cv_params={'epoch': 3000, 'hidden': 32, 'layer': 4, 'lr': 0.001, 'net': <class 'models.GCNConv'>}

--
GCNConv(0): loss=0.907, accuracy=0.720, std=0.065, cv_params={'epoch': 3000, 'hidden': 32, 'layer': 4, 'lr': 0.001, 'net': <class 'models.GCNConv'>}
