# Run(56) parameters:
	n_epochs=500,
	lr=0.001,
	lr_decay=0.9,
	decay_steps=50,
	weight_decay=0.0005,
	n_folds=10,
	cv_layers=[2, 3],
	cv_hiddens=[32, 64, 128],
	cv_models=<class 'models.GCN'>

# Evaluating model(0): n_layers=2, n_hidden=32
{'fold': 0, 'epoch': 50, 'train_loss': 0.5155534744262695, 'val_loss': 0.664775550365448, 'test_acc': 0.7400000095367432}
{'fold': 0, 'epoch': 100, 'train_loss': 0.13220882415771484, 'val_loss': 0.8212013840675354, 'test_acc': 0.7599999904632568}
{'fold': 0, 'epoch': 150, 'train_loss': 0.0563250333070755, 'val_loss': 1.121024489402771, 'test_acc': 0.7599999904632568}
{'fold': 0, 'epoch': 200, 'train_loss': 0.050383541733026505, 'val_loss': 1.3612046241760254, 'test_acc': 0.7599999904632568}
{'fold': 0, 'epoch': 250, 'train_loss': 0.031083660200238228, 'val_loss': 1.5268747806549072, 'test_acc': 0.7599999904632568}
{'fold': 0, 'epoch': 300, 'train_loss': 0.014538602903485298, 'val_loss': 1.6539862155914307, 'test_acc': 0.7599999904632568}
{'fold': 0, 'epoch': 350, 'train_loss': 0.0283719003200531, 'val_loss': 1.681176781654358, 'test_acc': 0.7599999904632568}
{'fold': 0, 'epoch': 400, 'train_loss': 0.027130980044603348, 'val_loss': 1.8113737106323242, 'test_acc': 0.7599999904632568}
{'fold': 0, 'epoch': 450, 'train_loss': 0.01596502587199211, 'val_loss': 1.8432433605194092, 'test_acc': 0.7599999904632568}
{'fold': 0, 'epoch': 500, 'train_loss': 0.027363436296582222, 'val_loss': 1.9027435779571533, 'test_acc': 0.7599999904632568}
{'fold': 1, 'epoch': 50, 'train_loss': 0.6602956056594849, 'val_loss': 1.105115532875061, 'test_acc': 0.7400000095367432}
{'fold': 1, 'epoch': 100, 'train_loss': 0.17658545076847076, 'val_loss': 1.3066233396530151, 'test_acc': 0.8199999928474426}
{'fold': 1, 'epoch': 150, 'train_loss': 0.07497382164001465, 'val_loss': 1.6038422584533691, 'test_acc': 0.8199999928474426}
{'fold': 1, 'epoch': 200, 'train_loss': 0.04030456021428108, 'val_loss': 1.8337068557739258, 'test_acc': 0.800000011920929}
{'fold': 1, 'epoch': 250, 'train_loss': 0.04162941128015518, 'val_loss': 2.0027713775634766, 'test_acc': 0.800000011920929}
{'fold': 1, 'epoch': 300, 'train_loss': 0.031719498336315155, 'val_loss': 2.1190314292907715, 'test_acc': 0.800000011920929}
{'fold': 1, 'epoch': 350, 'train_loss': 0.036596622318029404, 'val_loss': 2.2020254135131836, 'test_acc': 0.800000011920929}
{'fold': 1, 'epoch': 400, 'train_loss': 0.02927655167877674, 'val_loss': 2.2730982303619385, 'test_acc': 0.800000011920929}
{'fold': 1, 'epoch': 450, 'train_loss': 0.02192027121782303, 'val_loss': 2.328181266784668, 'test_acc': 0.800000011920929}
{'fold': 1, 'epoch': 500, 'train_loss': 0.025015369057655334, 'val_loss': 2.3851592540740967, 'test_acc': 0.800000011920929}
{'fold': 2, 'epoch': 50, 'train_loss': 0.6994631290435791, 'val_loss': 0.8663961291313171, 'test_acc': 0.7599999904632568}
{'fold': 2, 'epoch': 100, 'train_loss': 0.18410249054431915, 'val_loss': 0.7633297443389893, 'test_acc': 0.8199999928474426}
{'fold': 2, 'epoch': 150, 'train_loss': 0.08976887166500092, 'val_loss': 0.9434666633605957, 'test_acc': 0.8199999928474426}
{'fold': 2, 'epoch': 200, 'train_loss': 0.05001010000705719, 'val_loss': 1.0626194477081299, 'test_acc': 0.800000011920929}
{'fold': 2, 'epoch': 250, 'train_loss': 0.03646043688058853, 'val_loss': 1.1204584836959839, 'test_acc': 0.800000011920929}
{'fold': 2, 'epoch': 300, 'train_loss': 0.0529923252761364, 'val_loss': 1.1560289859771729, 'test_acc': 0.800000011920929}
{'fold': 2, 'epoch': 350, 'train_loss': 0.03322434052824974, 'val_loss': 1.220499873161316, 'test_acc': 0.800000011920929}
{'fold': 2, 'epoch': 400, 'train_loss': 0.05541612580418587, 'val_loss': 1.2395315170288086, 'test_acc': 0.7799999713897705}
{'fold': 2, 'epoch': 450, 'train_loss': 0.035705916583538055, 'val_loss': 1.24896240234375, 'test_acc': 0.7799999713897705}
{'fold': 2, 'epoch': 500, 'train_loss': 0.02727016806602478, 'val_loss': 1.2923035621643066, 'test_acc': 0.7799999713897705}
{'fold': 3, 'epoch': 50, 'train_loss': 0.6101089715957642, 'val_loss': 0.8158526420593262, 'test_acc': 0.6600000262260437}
{'fold': 3, 'epoch': 100, 'train_loss': 0.1336991935968399, 'val_loss': 0.6199890375137329, 'test_acc': 0.7200000286102295}
{'fold': 3, 'epoch': 150, 'train_loss': 0.08311634510755539, 'val_loss': 0.729108452796936, 'test_acc': 0.7400000095367432}
{'fold': 3, 'epoch': 200, 'train_loss': 0.047845445573329926, 'val_loss': 0.8871024250984192, 'test_acc': 0.7599999904632568}
{'fold': 3, 'epoch': 250, 'train_loss': 0.062408581376075745, 'val_loss': 0.9987874627113342, 'test_acc': 0.7599999904632568}
{'fold': 3, 'epoch': 300, 'train_loss': 0.03449418023228645, 'val_loss': 1.0681560039520264, 'test_acc': 0.7599999904632568}
{'fold': 3, 'epoch': 350, 'train_loss': 0.028722165152430534, 'val_loss': 1.1115007400512695, 'test_acc': 0.7599999904632568}
{'fold': 3, 'epoch': 400, 'train_loss': 0.035406023263931274, 'val_loss': 1.1478720903396606, 'test_acc': 0.7599999904632568}
{'fold': 3, 'epoch': 450, 'train_loss': 0.021943679079413414, 'val_loss': 1.1834959983825684, 'test_acc': 0.7599999904632568}
{'fold': 3, 'epoch': 500, 'train_loss': 0.014425289817154408, 'val_loss': 1.2058920860290527, 'test_acc': 0.7599999904632568}
{'fold': 4, 'epoch': 50, 'train_loss': 0.6012842059135437, 'val_loss': 0.9974761009216309, 'test_acc': 0.7799999713897705}
{'fold': 4, 'epoch': 100, 'train_loss': 0.1676243096590042, 'val_loss': 1.294134259223938, 'test_acc': 0.8799999952316284}
{'fold': 4, 'epoch': 150, 'train_loss': 0.07938400655984879, 'val_loss': 1.6678979396820068, 'test_acc': 0.8600000143051147}
{'fold': 4, 'epoch': 200, 'train_loss': 0.04892231896519661, 'val_loss': 1.9309839010238647, 'test_acc': 0.8999999761581421}
{'fold': 4, 'epoch': 250, 'train_loss': 0.04520132392644882, 'val_loss': 2.0985662937164307, 'test_acc': 0.8799999952316284}
{'fold': 4, 'epoch': 300, 'train_loss': 0.035026565194129944, 'val_loss': 2.274251937866211, 'test_acc': 0.8600000143051147}
{'fold': 4, 'epoch': 350, 'train_loss': 0.03345370665192604, 'val_loss': 2.3567111492156982, 'test_acc': 0.8799999952316284}
{'fold': 4, 'epoch': 400, 'train_loss': 0.040391433984041214, 'val_loss': 2.460923194885254, 'test_acc': 0.8799999952316284}
{'fold': 4, 'epoch': 450, 'train_loss': 0.02210298180580139, 'val_loss': 2.5528228282928467, 'test_acc': 0.8799999952316284}
{'fold': 4, 'epoch': 500, 'train_loss': 0.03310425952076912, 'val_loss': 2.5889110565185547, 'test_acc': 0.8600000143051147}
{'fold': 5, 'epoch': 50, 'train_loss': 0.6322917938232422, 'val_loss': 0.7452666759490967, 'test_acc': 0.7799999713897705}
{'fold': 5, 'epoch': 100, 'train_loss': 0.13690443336963654, 'val_loss': 0.37190884351730347, 'test_acc': 0.8600000143051147}
{'fold': 5, 'epoch': 150, 'train_loss': 0.07154811173677444, 'val_loss': 0.42326438426971436, 'test_acc': 0.8399999737739563}
{'fold': 5, 'epoch': 200, 'train_loss': 0.04717613011598587, 'val_loss': 0.4644433856010437, 'test_acc': 0.8399999737739563}
{'fold': 5, 'epoch': 250, 'train_loss': 0.05078614875674248, 'val_loss': 0.5034317374229431, 'test_acc': 0.8399999737739563}
{'fold': 5, 'epoch': 300, 'train_loss': 0.0379776768386364, 'val_loss': 0.5249247550964355, 'test_acc': 0.8399999737739563}
{'fold': 5, 'epoch': 350, 'train_loss': 0.028065131977200508, 'val_loss': 0.5760982632637024, 'test_acc': 0.8399999737739563}
{'fold': 5, 'epoch': 400, 'train_loss': 0.020554305985569954, 'val_loss': 0.5790027379989624, 'test_acc': 0.8600000143051147}
{'fold': 5, 'epoch': 450, 'train_loss': 0.02498055063188076, 'val_loss': 0.6043304204940796, 'test_acc': 0.8600000143051147}
{'fold': 5, 'epoch': 500, 'train_loss': 0.02308441698551178, 'val_loss': 0.6201958656311035, 'test_acc': 0.8600000143051147}
{'fold': 6, 'epoch': 50, 'train_loss': 0.6225812435150146, 'val_loss': 0.7060445547103882, 'test_acc': 0.7755101919174194}
{'fold': 6, 'epoch': 100, 'train_loss': 0.19483815133571625, 'val_loss': 0.6182464361190796, 'test_acc': 0.8163265585899353}
{'fold': 6, 'epoch': 150, 'train_loss': 0.10008514672517776, 'val_loss': 0.7630288004875183, 'test_acc': 0.795918345451355}
{'fold': 6, 'epoch': 200, 'train_loss': 0.0739777609705925, 'val_loss': 0.867388904094696, 'test_acc': 0.7755101919174194}
{'fold': 6, 'epoch': 250, 'train_loss': 0.04475942254066467, 'val_loss': 0.9267075061798096, 'test_acc': 0.7755101919174194}
{'fold': 6, 'epoch': 300, 'train_loss': 0.04833296686410904, 'val_loss': 0.9567070007324219, 'test_acc': 0.7755101919174194}
{'fold': 6, 'epoch': 350, 'train_loss': 0.03511374071240425, 'val_loss': 0.9998198747634888, 'test_acc': 0.7755101919174194}
{'fold': 6, 'epoch': 400, 'train_loss': 0.03119620680809021, 'val_loss': 1.008923053741455, 'test_acc': 0.7755101919174194}
{'fold': 6, 'epoch': 450, 'train_loss': 0.027244161814451218, 'val_loss': 1.0282275676727295, 'test_acc': 0.7755101919174194}
{'fold': 6, 'epoch': 500, 'train_loss': 0.025379005819559097, 'val_loss': 1.0521533489227295, 'test_acc': 0.7755101919174194}
{'fold': 7, 'epoch': 50, 'train_loss': 0.6103890538215637, 'val_loss': 0.8487325310707092, 'test_acc': 0.7551020383834839}
{'fold': 7, 'epoch': 100, 'train_loss': 0.1630026400089264, 'val_loss': 0.5899693369865417, 'test_acc': 0.7755101919174194}
{'fold': 7, 'epoch': 150, 'train_loss': 0.07392524182796478, 'val_loss': 0.6778865456581116, 'test_acc': 0.7755101919174194}
{'fold': 7, 'epoch': 200, 'train_loss': 0.06124701723456383, 'val_loss': 0.7551141977310181, 'test_acc': 0.795918345451355}
{'fold': 7, 'epoch': 250, 'train_loss': 0.03740805387496948, 'val_loss': 0.8257009387016296, 'test_acc': 0.795918345451355}
{'fold': 7, 'epoch': 300, 'train_loss': 0.03375770151615143, 'val_loss': 0.8795244693756104, 'test_acc': 0.7755101919174194}
{'fold': 7, 'epoch': 350, 'train_loss': 0.024715606123209, 'val_loss': 0.9419476985931396, 'test_acc': 0.7755101919174194}
{'fold': 7, 'epoch': 400, 'train_loss': 0.027194000780582428, 'val_loss': 0.9581889510154724, 'test_acc': 0.7755101919174194}
{'fold': 7, 'epoch': 450, 'train_loss': 0.02364925667643547, 'val_loss': 0.956835150718689, 'test_acc': 0.7755101919174194}
{'fold': 7, 'epoch': 500, 'train_loss': 0.02305605262517929, 'val_loss': 0.9805511832237244, 'test_acc': 0.7755101919174194}
{'fold': 8, 'epoch': 50, 'train_loss': 0.5884901881217957, 'val_loss': 0.8710216879844666, 'test_acc': 0.8571428656578064}
{'fold': 8, 'epoch': 100, 'train_loss': 0.12645260989665985, 'val_loss': 0.9614875316619873, 'test_acc': 0.8571428656578064}
{'fold': 8, 'epoch': 150, 'train_loss': 0.07284687459468842, 'val_loss': 1.1998268365859985, 'test_acc': 0.8571428656578064}
{'fold': 8, 'epoch': 200, 'train_loss': 0.04279293492436409, 'val_loss': 1.3821191787719727, 'test_acc': 0.8571428656578064}
{'fold': 8, 'epoch': 250, 'train_loss': 0.03535651043057442, 'val_loss': 1.413439393043518, 'test_acc': 0.8571428656578064}
{'fold': 8, 'epoch': 300, 'train_loss': 0.022890949621796608, 'val_loss': 1.443204402923584, 'test_acc': 0.8571428656578064}
{'fold': 8, 'epoch': 350, 'train_loss': 0.016440343111753464, 'val_loss': 1.4852832555770874, 'test_acc': 0.8571428656578064}
{'fold': 8, 'epoch': 400, 'train_loss': 0.021947218105196953, 'val_loss': 1.5211131572723389, 'test_acc': 0.8571428656578064}
{'fold': 8, 'epoch': 450, 'train_loss': 0.02916570007801056, 'val_loss': 1.5729799270629883, 'test_acc': 0.8571428656578064}
{'fold': 8, 'epoch': 500, 'train_loss': 0.023889806121587753, 'val_loss': 1.6076323986053467, 'test_acc': 0.8571428656578064}
{'fold': 9, 'epoch': 50, 'train_loss': 0.641895592212677, 'val_loss': 0.6774986982345581, 'test_acc': 0.7142857313156128}
{'fold': 9, 'epoch': 100, 'train_loss': 0.1889980435371399, 'val_loss': 0.4310588836669922, 'test_acc': 0.8163265585899353}
{'fold': 9, 'epoch': 150, 'train_loss': 0.08213704824447632, 'val_loss': 0.5108960270881653, 'test_acc': 0.795918345451355}
{'fold': 9, 'epoch': 200, 'train_loss': 0.05535915866494179, 'val_loss': 0.5740628838539124, 'test_acc': 0.7551020383834839}
{'fold': 9, 'epoch': 250, 'train_loss': 0.04143502563238144, 'val_loss': 0.6227840185165405, 'test_acc': 0.7755101919174194}
{'fold': 9, 'epoch': 300, 'train_loss': 0.032762933522462845, 'val_loss': 0.6340172290802002, 'test_acc': 0.7755101919174194}
{'fold': 9, 'epoch': 350, 'train_loss': 0.02421053685247898, 'val_loss': 0.6654811501502991, 'test_acc': 0.7755101919174194}
{'fold': 9, 'epoch': 400, 'train_loss': 0.028124840930104256, 'val_loss': 0.7134524583816528, 'test_acc': 0.7755101919174194}
{'fold': 9, 'epoch': 450, 'train_loss': 0.02303498424589634, 'val_loss': 0.6569573283195496, 'test_acc': 0.7755101919174194}
{'fold': 9, 'epoch': 500, 'train_loss': 0.022280659526586533, 'val_loss': 0.7293629050254822, 'test_acc': 0.7755101919174194}
Val Loss: 0.6715, Test Accuracy: 0.796 +/- 0.051, Duration: 22.349
Model(0) results: accuracy=0.796, std=0.051, n_layers=2, n_hidden=32
Best Model(0) results: accuracy=0.796, std=0.051, n_layers=2, n_hidden=32

# Evaluating model(1): n_layers=2, n_hidden=64
{'fold': 0, 'epoch': 50, 'train_loss': 0.09296062588691711, 'val_loss': 0.8885267376899719, 'test_acc': 0.7799999713897705}
{'fold': 0, 'epoch': 100, 'train_loss': 0.015753507614135742, 'val_loss': 1.386256456375122, 'test_acc': 0.7599999904632568}
{'fold': 0, 'epoch': 150, 'train_loss': 0.007245001383125782, 'val_loss': 1.5889695882797241, 'test_acc': 0.7400000095367432}
{'fold': 0, 'epoch': 200, 'train_loss': 0.0036310767754912376, 'val_loss': 1.6509631872177124, 'test_acc': 0.7400000095367432}
{'fold': 0, 'epoch': 250, 'train_loss': 0.0037804634775966406, 'val_loss': 1.737307071685791, 'test_acc': 0.7400000095367432}
{'fold': 0, 'epoch': 300, 'train_loss': 0.005433365236967802, 'val_loss': 1.7718998193740845, 'test_acc': 0.7400000095367432}
{'fold': 0, 'epoch': 350, 'train_loss': 0.0032775269355624914, 'val_loss': 1.77324640750885, 'test_acc': 0.7400000095367432}
{'fold': 0, 'epoch': 400, 'train_loss': 0.005275921430438757, 'val_loss': 1.7237223386764526, 'test_acc': 0.7400000095367432}
{'fold': 0, 'epoch': 450, 'train_loss': 0.0034349216148257256, 'val_loss': 1.760311245918274, 'test_acc': 0.7400000095367432}
{'fold': 0, 'epoch': 500, 'train_loss': 0.0034969598054885864, 'val_loss': 1.7613861560821533, 'test_acc': 0.7400000095367432}
{'fold': 1, 'epoch': 50, 'train_loss': 0.16833916306495667, 'val_loss': 1.2361758947372437, 'test_acc': 0.7799999713897705}
{'fold': 1, 'epoch': 100, 'train_loss': 0.01924773119390011, 'val_loss': 1.8960543870925903, 'test_acc': 0.7799999713897705}
{'fold': 1, 'epoch': 150, 'train_loss': 0.012677065096795559, 'val_loss': 2.0834243297576904, 'test_acc': 0.800000011920929}
{'fold': 1, 'epoch': 200, 'train_loss': 0.007758232764899731, 'val_loss': 2.167672634124756, 'test_acc': 0.800000011920929}
{'fold': 1, 'epoch': 250, 'train_loss': 0.0072237784042954445, 'val_loss': 2.2166786193847656, 'test_acc': 0.800000011920929}
{'fold': 1, 'epoch': 300, 'train_loss': 0.005497185979038477, 'val_loss': 2.2459306716918945, 'test_acc': 0.800000011920929}
{'fold': 1, 'epoch': 350, 'train_loss': 0.003667880780994892, 'val_loss': 2.2570929527282715, 'test_acc': 0.800000011920929}
{'fold': 1, 'epoch': 400, 'train_loss': 0.004487321712076664, 'val_loss': 2.235877275466919, 'test_acc': 0.800000011920929}
{'fold': 1, 'epoch': 450, 'train_loss': 0.00450656795874238, 'val_loss': 2.246767520904541, 'test_acc': 0.800000011920929}
{'fold': 1, 'epoch': 500, 'train_loss': 0.0031410441733896732, 'val_loss': 2.247563362121582, 'test_acc': 0.800000011920929}
{'fold': 2, 'epoch': 50, 'train_loss': 0.1497705578804016, 'val_loss': 0.7430757284164429, 'test_acc': 0.800000011920929}
{'fold': 2, 'epoch': 100, 'train_loss': 0.02310306578874588, 'val_loss': 1.0540391206741333, 'test_acc': 0.800000011920929}
{'fold': 2, 'epoch': 150, 'train_loss': 0.015559266321361065, 'val_loss': 1.1484191417694092, 'test_acc': 0.800000011920929}
{'fold': 2, 'epoch': 200, 'train_loss': 0.005905980244278908, 'val_loss': 1.1923142671585083, 'test_acc': 0.8199999928474426}
{'fold': 2, 'epoch': 250, 'train_loss': 0.006155200302600861, 'val_loss': 1.1861039400100708, 'test_acc': 0.800000011920929}
{'fold': 2, 'epoch': 300, 'train_loss': 0.004135994240641594, 'val_loss': 1.2012901306152344, 'test_acc': 0.800000011920929}
{'fold': 2, 'epoch': 350, 'train_loss': 0.003999201115220785, 'val_loss': 1.137575626373291, 'test_acc': 0.800000011920929}
{'fold': 2, 'epoch': 400, 'train_loss': 0.004645016044378281, 'val_loss': 1.1534943580627441, 'test_acc': 0.800000011920929}
{'fold': 2, 'epoch': 450, 'train_loss': 0.0035600783303380013, 'val_loss': 1.1409300565719604, 'test_acc': 0.800000011920929}
{'fold': 2, 'epoch': 500, 'train_loss': 0.004737387411296368, 'val_loss': 1.1382286548614502, 'test_acc': 0.800000011920929}
{'fold': 3, 'epoch': 50, 'train_loss': 0.14346826076507568, 'val_loss': 0.5830811262130737, 'test_acc': 0.699999988079071}
{'fold': 3, 'epoch': 100, 'train_loss': 0.02780311554670334, 'val_loss': 0.7578054666519165, 'test_acc': 0.7200000286102295}
{'fold': 3, 'epoch': 150, 'train_loss': 0.013924643397331238, 'val_loss': 0.8919515013694763, 'test_acc': 0.7200000286102295}
{'fold': 3, 'epoch': 200, 'train_loss': 0.008021168410778046, 'val_loss': 0.972069501876831, 'test_acc': 0.7200000286102295}
{'fold': 3, 'epoch': 250, 'train_loss': 0.0034117407631129026, 'val_loss': 0.9914740920066833, 'test_acc': 0.7400000095367432}
{'fold': 3, 'epoch': 300, 'train_loss': 0.003588249208405614, 'val_loss': 1.0059624910354614, 'test_acc': 0.7400000095367432}
{'fold': 3, 'epoch': 350, 'train_loss': 0.006024426780641079, 'val_loss': 1.030735731124878, 'test_acc': 0.7400000095367432}
{'fold': 3, 'epoch': 400, 'train_loss': 0.00350015121512115, 'val_loss': 1.0370149612426758, 'test_acc': 0.7400000095367432}
{'fold': 3, 'epoch': 450, 'train_loss': 0.00429736590012908, 'val_loss': 1.0530744791030884, 'test_acc': 0.7400000095367432}
{'fold': 3, 'epoch': 500, 'train_loss': 0.002786456374451518, 'val_loss': 1.0518182516098022, 'test_acc': 0.7400000095367432}
{'fold': 4, 'epoch': 50, 'train_loss': 0.11794912070035934, 'val_loss': 1.3796244859695435, 'test_acc': 0.9200000166893005}
{'fold': 4, 'epoch': 100, 'train_loss': 0.028228802606463432, 'val_loss': 2.1422576904296875, 'test_acc': 0.9200000166893005}
{'fold': 4, 'epoch': 150, 'train_loss': 0.01221637986600399, 'val_loss': 2.3393611907958984, 'test_acc': 0.8999999761581421}
{'fold': 4, 'epoch': 200, 'train_loss': 0.006614237558096647, 'val_loss': 2.503002166748047, 'test_acc': 0.8999999761581421}
{'fold': 4, 'epoch': 250, 'train_loss': 0.00431179441511631, 'val_loss': 2.5450382232666016, 'test_acc': 0.8999999761581421}
{'fold': 4, 'epoch': 300, 'train_loss': 0.003614564426243305, 'val_loss': 2.597137212753296, 'test_acc': 0.8799999952316284}
{'fold': 4, 'epoch': 350, 'train_loss': 0.004158771596848965, 'val_loss': 2.631279706954956, 'test_acc': 0.8799999952316284}
{'fold': 4, 'epoch': 400, 'train_loss': 0.006299400702118874, 'val_loss': 2.6523380279541016, 'test_acc': 0.8999999761581421}
{'fold': 4, 'epoch': 450, 'train_loss': 0.0030022745486348867, 'val_loss': 2.67109751701355, 'test_acc': 0.8799999952316284}
{'fold': 4, 'epoch': 500, 'train_loss': 0.004515905864536762, 'val_loss': 2.6577987670898438, 'test_acc': 0.8799999952316284}
{'fold': 5, 'epoch': 50, 'train_loss': 0.1531027853488922, 'val_loss': 0.356947124004364, 'test_acc': 0.8600000143051147}
{'fold': 5, 'epoch': 100, 'train_loss': 0.020735397934913635, 'val_loss': 0.46335089206695557, 'test_acc': 0.8600000143051147}
{'fold': 5, 'epoch': 150, 'train_loss': 0.009533070959150791, 'val_loss': 0.5022358298301697, 'test_acc': 0.8600000143051147}
{'fold': 5, 'epoch': 200, 'train_loss': 0.008681051433086395, 'val_loss': 0.553619921207428, 'test_acc': 0.8600000143051147}
{'fold': 5, 'epoch': 250, 'train_loss': 0.005414589308202267, 'val_loss': 0.5395674705505371, 'test_acc': 0.8600000143051147}
{'fold': 5, 'epoch': 300, 'train_loss': 0.003991664852946997, 'val_loss': 0.5448042750358582, 'test_acc': 0.8600000143051147}
{'fold': 5, 'epoch': 350, 'train_loss': 0.007724389433860779, 'val_loss': 0.5234597325325012, 'test_acc': 0.8600000143051147}
{'fold': 5, 'epoch': 400, 'train_loss': 0.0047479914501309395, 'val_loss': 0.5091333985328674, 'test_acc': 0.8600000143051147}
{'fold': 5, 'epoch': 450, 'train_loss': 0.005989858414977789, 'val_loss': 0.5492411255836487, 'test_acc': 0.8600000143051147}
{'fold': 5, 'epoch': 500, 'train_loss': 0.0034026061184704304, 'val_loss': 0.5310952663421631, 'test_acc': 0.8600000143051147}
{'fold': 6, 'epoch': 50, 'train_loss': 0.17176976799964905, 'val_loss': 0.4113607406616211, 'test_acc': 0.8367347121238708}
{'fold': 6, 'epoch': 100, 'train_loss': 0.022535249590873718, 'val_loss': 0.5763373374938965, 'test_acc': 0.795918345451355}
{'fold': 6, 'epoch': 150, 'train_loss': 0.010021997615695, 'val_loss': 0.6501590609550476, 'test_acc': 0.795918345451355}
{'fold': 6, 'epoch': 200, 'train_loss': 0.006930493749678135, 'val_loss': 0.678325891494751, 'test_acc': 0.795918345451355}
{'fold': 6, 'epoch': 250, 'train_loss': 0.005680685862898827, 'val_loss': 0.6927927136421204, 'test_acc': 0.795918345451355}
{'fold': 6, 'epoch': 300, 'train_loss': 0.005897569470107555, 'val_loss': 0.7026432752609253, 'test_acc': 0.7755101919174194}
{'fold': 6, 'epoch': 350, 'train_loss': 0.004858372732996941, 'val_loss': 0.7167927026748657, 'test_acc': 0.7755101919174194}
{'fold': 6, 'epoch': 400, 'train_loss': 0.0046365088783204556, 'val_loss': 0.727313220500946, 'test_acc': 0.7755101919174194}
{'fold': 6, 'epoch': 450, 'train_loss': 0.0028136977925896645, 'val_loss': 0.7256693840026855, 'test_acc': 0.7755101919174194}
{'fold': 6, 'epoch': 500, 'train_loss': 0.004136097617447376, 'val_loss': 0.7332267761230469, 'test_acc': 0.7755101919174194}
{'fold': 7, 'epoch': 50, 'train_loss': 0.11430495232343674, 'val_loss': 0.5029084086418152, 'test_acc': 0.8571428656578064}
{'fold': 7, 'epoch': 100, 'train_loss': 0.015270213596522808, 'val_loss': 0.6475746631622314, 'test_acc': 0.8163265585899353}
{'fold': 7, 'epoch': 150, 'train_loss': 0.0070023019798099995, 'val_loss': 0.659150242805481, 'test_acc': 0.8163265585899353}
{'fold': 7, 'epoch': 200, 'train_loss': 0.008154060691595078, 'val_loss': 0.6888595223426819, 'test_acc': 0.795918345451355}
{'fold': 7, 'epoch': 250, 'train_loss': 0.003243157872930169, 'val_loss': 0.6917986273765564, 'test_acc': 0.795918345451355}
{'fold': 7, 'epoch': 300, 'train_loss': 0.004244764801114798, 'val_loss': 0.7009595036506653, 'test_acc': 0.8163265585899353}
{'fold': 7, 'epoch': 350, 'train_loss': 0.00464447820559144, 'val_loss': 0.733801007270813, 'test_acc': 0.8163265585899353}
{'fold': 7, 'epoch': 400, 'train_loss': 0.003010168671607971, 'val_loss': 0.7233484983444214, 'test_acc': 0.795918345451355}
{'fold': 7, 'epoch': 450, 'train_loss': 0.003435056656599045, 'val_loss': 0.730357825756073, 'test_acc': 0.795918345451355}
{'fold': 7, 'epoch': 500, 'train_loss': 0.0025522541254758835, 'val_loss': 0.7468906044960022, 'test_acc': 0.795918345451355}
{'fold': 8, 'epoch': 50, 'train_loss': 0.20247571170330048, 'val_loss': 0.7761396169662476, 'test_acc': 0.8775510191917419}
{'fold': 8, 'epoch': 100, 'train_loss': 0.023723602294921875, 'val_loss': 1.1353405714035034, 'test_acc': 0.8163265585899353}
{'fold': 8, 'epoch': 150, 'train_loss': 0.0071068452671170235, 'val_loss': 1.2733455896377563, 'test_acc': 0.8163265585899353}
{'fold': 8, 'epoch': 200, 'train_loss': 0.008439093828201294, 'val_loss': 1.3513127565383911, 'test_acc': 0.8163265585899353}
{'fold': 8, 'epoch': 250, 'train_loss': 0.006645499262958765, 'val_loss': 1.4067678451538086, 'test_acc': 0.8163265585899353}
{'fold': 8, 'epoch': 300, 'train_loss': 0.004298456013202667, 'val_loss': 1.4487309455871582, 'test_acc': 0.8163265585899353}
{'fold': 8, 'epoch': 350, 'train_loss': 0.0044172084890306, 'val_loss': 1.519027590751648, 'test_acc': 0.8163265585899353}
{'fold': 8, 'epoch': 400, 'train_loss': 0.0051968595944345, 'val_loss': 1.5279237031936646, 'test_acc': 0.8163265585899353}
{'fold': 8, 'epoch': 450, 'train_loss': 0.005548391491174698, 'val_loss': 1.4855682849884033, 'test_acc': 0.8163265585899353}
{'fold': 8, 'epoch': 500, 'train_loss': 0.0038846018724143505, 'val_loss': 1.4482955932617188, 'test_acc': 0.8163265585899353}
{'fold': 9, 'epoch': 50, 'train_loss': 0.1274150013923645, 'val_loss': 0.5602492094039917, 'test_acc': 0.8163265585899353}
{'fold': 9, 'epoch': 100, 'train_loss': 0.008997910656034946, 'val_loss': 0.7592259645462036, 'test_acc': 0.795918345451355}
{'fold': 9, 'epoch': 150, 'train_loss': 0.006273218896239996, 'val_loss': 0.8296654224395752, 'test_acc': 0.795918345451355}
{'fold': 9, 'epoch': 200, 'train_loss': 0.006131552625447512, 'val_loss': 0.8451353311538696, 'test_acc': 0.795918345451355}
{'fold': 9, 'epoch': 250, 'train_loss': 0.005221483297646046, 'val_loss': 0.8303942084312439, 'test_acc': 0.795918345451355}
{'fold': 9, 'epoch': 300, 'train_loss': 0.005053704604506493, 'val_loss': 0.8412455916404724, 'test_acc': 0.795918345451355}
{'fold': 9, 'epoch': 350, 'train_loss': 0.0021065804176032543, 'val_loss': 0.8369626998901367, 'test_acc': 0.795918345451355}
{'fold': 9, 'epoch': 400, 'train_loss': 0.003037837566807866, 'val_loss': 0.8215963244438171, 'test_acc': 0.795918345451355}
{'fold': 9, 'epoch': 450, 'train_loss': 0.005131195764988661, 'val_loss': 0.8429445624351501, 'test_acc': 0.795918345451355}
{'fold': 9, 'epoch': 500, 'train_loss': 0.00236661359667778, 'val_loss': 0.8337509632110596, 'test_acc': 0.795918345451355}
Val Loss: 0.6645, Test Accuracy: 0.821 +/- 0.062, Duration: 28.111
Model(1) results: accuracy=0.821, std=0.062, n_layers=2, n_hidden=64
Best Model(1) results: accuracy=0.821, std=0.062, n_layers=2, n_hidden=64

# Evaluating model(2): n_layers=2, n_hidden=128
{'fold': 0, 'epoch': 50, 'train_loss': 0.015429754741489887, 'val_loss': 1.2612684965133667, 'test_acc': 0.7599999904632568}
{'fold': 0, 'epoch': 100, 'train_loss': 0.003395549487322569, 'val_loss': 1.5225269794464111, 'test_acc': 0.7599999904632568}
{'fold': 0, 'epoch': 150, 'train_loss': 0.0016795507399365306, 'val_loss': 1.5462100505828857, 'test_acc': 0.7599999904632568}
{'fold': 0, 'epoch': 200, 'train_loss': 0.002060895087197423, 'val_loss': 1.5857713222503662, 'test_acc': 0.7599999904632568}
{'fold': 0, 'epoch': 250, 'train_loss': 0.0015379308024421334, 'val_loss': 1.5872360467910767, 'test_acc': 0.7599999904632568}
{'fold': 0, 'epoch': 300, 'train_loss': 0.0016962719382718205, 'val_loss': 1.5432056188583374, 'test_acc': 0.7400000095367432}
{'fold': 0, 'epoch': 350, 'train_loss': 0.0015343454433605075, 'val_loss': 1.5553154945373535, 'test_acc': 0.7400000095367432}
{'fold': 0, 'epoch': 400, 'train_loss': 0.0015803471906110644, 'val_loss': 1.5669569969177246, 'test_acc': 0.7400000095367432}
{'fold': 0, 'epoch': 450, 'train_loss': 0.0028126367833465338, 'val_loss': 1.5141448974609375, 'test_acc': 0.7400000095367432}
{'fold': 0, 'epoch': 500, 'train_loss': 0.0016534209717065096, 'val_loss': 1.5662870407104492, 'test_acc': 0.7400000095367432}
{'fold': 1, 'epoch': 50, 'train_loss': 0.022334393113851547, 'val_loss': 2.102003812789917, 'test_acc': 0.8199999928474426}
{'fold': 1, 'epoch': 100, 'train_loss': 0.004280343651771545, 'val_loss': 2.3282630443573, 'test_acc': 0.800000011920929}
{'fold': 1, 'epoch': 150, 'train_loss': 0.003067520447075367, 'val_loss': 2.2407684326171875, 'test_acc': 0.800000011920929}
{'fold': 1, 'epoch': 200, 'train_loss': 0.0022068931721150875, 'val_loss': 2.1471219062805176, 'test_acc': 0.7799999713897705}
{'fold': 1, 'epoch': 250, 'train_loss': 0.002543812384828925, 'val_loss': 2.0791566371917725, 'test_acc': 0.800000011920929}
{'fold': 1, 'epoch': 300, 'train_loss': 0.0015598637983202934, 'val_loss': 2.0303337574005127, 'test_acc': 0.800000011920929}
{'fold': 1, 'epoch': 350, 'train_loss': 0.0021990546956658363, 'val_loss': 1.9974385499954224, 'test_acc': 0.800000011920929}
{'fold': 1, 'epoch': 400, 'train_loss': 0.0014833653112873435, 'val_loss': 1.952759861946106, 'test_acc': 0.800000011920929}
{'fold': 1, 'epoch': 450, 'train_loss': 0.0025700321421027184, 'val_loss': 1.9563915729522705, 'test_acc': 0.800000011920929}
{'fold': 1, 'epoch': 500, 'train_loss': 0.0015999432653188705, 'val_loss': 1.9343067407608032, 'test_acc': 0.800000011920929}
{'fold': 2, 'epoch': 50, 'train_loss': 0.019086705520749092, 'val_loss': 0.8979740738868713, 'test_acc': 0.8199999928474426}
{'fold': 2, 'epoch': 100, 'train_loss': 0.005992596969008446, 'val_loss': 1.0567537546157837, 'test_acc': 0.8199999928474426}
{'fold': 2, 'epoch': 150, 'train_loss': 0.002438195748254657, 'val_loss': 1.0607612133026123, 'test_acc': 0.8199999928474426}
{'fold': 2, 'epoch': 200, 'train_loss': 0.002899389946833253, 'val_loss': 0.9557900428771973, 'test_acc': 0.8199999928474426}
{'fold': 2, 'epoch': 250, 'train_loss': 0.0019926964305341244, 'val_loss': 0.968986988067627, 'test_acc': 0.8199999928474426}
{'fold': 2, 'epoch': 300, 'train_loss': 0.002145105740055442, 'val_loss': 0.9537874460220337, 'test_acc': 0.8199999928474426}
{'fold': 2, 'epoch': 350, 'train_loss': 0.0017721031326800585, 'val_loss': 0.9434736371040344, 'test_acc': 0.8399999737739563}
{'fold': 2, 'epoch': 400, 'train_loss': 0.0018794367788359523, 'val_loss': 0.926616907119751, 'test_acc': 0.8399999737739563}
{'fold': 2, 'epoch': 450, 'train_loss': 0.0018680703360587358, 'val_loss': 0.9142121076583862, 'test_acc': 0.8399999737739563}
{'fold': 2, 'epoch': 500, 'train_loss': 0.0014859915245324373, 'val_loss': 0.9040811061859131, 'test_acc': 0.8399999737739563}
{'fold': 3, 'epoch': 50, 'train_loss': 0.012416674755513668, 'val_loss': 0.8700762391090393, 'test_acc': 0.699999988079071}
{'fold': 3, 'epoch': 100, 'train_loss': 0.0039974055252969265, 'val_loss': 0.9817025065422058, 'test_acc': 0.7200000286102295}
{'fold': 3, 'epoch': 150, 'train_loss': 0.00470316456630826, 'val_loss': 1.0196059942245483, 'test_acc': 0.7200000286102295}
{'fold': 3, 'epoch': 200, 'train_loss': 0.0015174683649092913, 'val_loss': 0.9837265610694885, 'test_acc': 0.7200000286102295}
{'fold': 3, 'epoch': 250, 'train_loss': 0.001731555094011128, 'val_loss': 0.9924090504646301, 'test_acc': 0.7400000095367432}
{'fold': 3, 'epoch': 300, 'train_loss': 0.0018497318960726261, 'val_loss': 0.9871894717216492, 'test_acc': 0.7400000095367432}
{'fold': 3, 'epoch': 350, 'train_loss': 0.0028060285840183496, 'val_loss': 0.9614707231521606, 'test_acc': 0.7400000095367432}
{'fold': 3, 'epoch': 400, 'train_loss': 0.0015358278760686517, 'val_loss': 0.9768588542938232, 'test_acc': 0.7400000095367432}
{'fold': 3, 'epoch': 450, 'train_loss': 0.0015031329821795225, 'val_loss': 0.9629488587379456, 'test_acc': 0.7400000095367432}
{'fold': 3, 'epoch': 500, 'train_loss': 0.0018636430613696575, 'val_loss': 0.932508111000061, 'test_acc': 0.7400000095367432}
{'fold': 4, 'epoch': 50, 'train_loss': 0.017842940986156464, 'val_loss': 1.7776196002960205, 'test_acc': 0.9200000166893005}
{'fold': 4, 'epoch': 100, 'train_loss': 0.002520100912079215, 'val_loss': 2.193319797515869, 'test_acc': 0.8999999761581421}
{'fold': 4, 'epoch': 150, 'train_loss': 0.0015461856964975595, 'val_loss': 2.2238357067108154, 'test_acc': 0.8999999761581421}
{'fold': 4, 'epoch': 200, 'train_loss': 0.002006637630984187, 'val_loss': 2.202713966369629, 'test_acc': 0.8999999761581421}
{'fold': 4, 'epoch': 250, 'train_loss': 0.0021661734208464622, 'val_loss': 2.178245782852173, 'test_acc': 0.8999999761581421}
{'fold': 4, 'epoch': 300, 'train_loss': 0.001987809082493186, 'val_loss': 2.1732871532440186, 'test_acc': 0.8799999952316284}
{'fold': 4, 'epoch': 350, 'train_loss': 0.002473890082910657, 'val_loss': 2.167147636413574, 'test_acc': 0.8799999952316284}
{'fold': 4, 'epoch': 400, 'train_loss': 0.00186471629422158, 'val_loss': 2.183264970779419, 'test_acc': 0.8799999952316284}
{'fold': 4, 'epoch': 450, 'train_loss': 0.0016760959988459945, 'val_loss': 2.1786980628967285, 'test_acc': 0.8799999952316284}
{'fold': 4, 'epoch': 500, 'train_loss': 0.0024512256495654583, 'val_loss': 2.1576268672943115, 'test_acc': 0.8999999761581421}
{'fold': 5, 'epoch': 50, 'train_loss': 0.022479023784399033, 'val_loss': 0.5079694986343384, 'test_acc': 0.8600000143051147}
{'fold': 5, 'epoch': 100, 'train_loss': 0.007096481509506702, 'val_loss': 0.5538812875747681, 'test_acc': 0.8600000143051147}
{'fold': 5, 'epoch': 150, 'train_loss': 0.00722778495401144, 'val_loss': 0.5503991842269897, 'test_acc': 0.8600000143051147}
{'fold': 5, 'epoch': 200, 'train_loss': 0.0025807591155171394, 'val_loss': 0.5525075793266296, 'test_acc': 0.8600000143051147}
{'fold': 5, 'epoch': 250, 'train_loss': 0.00240460317581892, 'val_loss': 0.524970531463623, 'test_acc': 0.8600000143051147}
{'fold': 5, 'epoch': 300, 'train_loss': 0.001658592838793993, 'val_loss': 0.557798445224762, 'test_acc': 0.8799999952316284}
{'fold': 5, 'epoch': 350, 'train_loss': 0.002276391489431262, 'val_loss': 0.5181472301483154, 'test_acc': 0.8799999952316284}
{'fold': 5, 'epoch': 400, 'train_loss': 0.0021333275362849236, 'val_loss': 0.5199976563453674, 'test_acc': 0.8799999952316284}
{'fold': 5, 'epoch': 450, 'train_loss': 0.001915954751893878, 'val_loss': 0.52277010679245, 'test_acc': 0.8799999952316284}
{'fold': 5, 'epoch': 500, 'train_loss': 0.0021106130443513393, 'val_loss': 0.5120189785957336, 'test_acc': 0.8799999952316284}
{'fold': 6, 'epoch': 50, 'train_loss': 0.02154538780450821, 'val_loss': 0.6542685627937317, 'test_acc': 0.8367347121238708}
{'fold': 6, 'epoch': 100, 'train_loss': 0.005786209367215633, 'val_loss': 0.7626898884773254, 'test_acc': 0.795918345451355}
{'fold': 6, 'epoch': 150, 'train_loss': 0.0027362157125025988, 'val_loss': 0.7724094390869141, 'test_acc': 0.795918345451355}
{'fold': 6, 'epoch': 200, 'train_loss': 0.005412421654909849, 'val_loss': 0.7791139483451843, 'test_acc': 0.795918345451355}
{'fold': 6, 'epoch': 250, 'train_loss': 0.002069195033982396, 'val_loss': 0.7605481147766113, 'test_acc': 0.795918345451355}
{'fold': 6, 'epoch': 300, 'train_loss': 0.0041496604681015015, 'val_loss': 0.7519621849060059, 'test_acc': 0.795918345451355}
{'fold': 6, 'epoch': 350, 'train_loss': 0.003933281172066927, 'val_loss': 0.7329129576683044, 'test_acc': 0.795918345451355}
{'fold': 6, 'epoch': 400, 'train_loss': 0.0017726243240758777, 'val_loss': 0.7329964637756348, 'test_acc': 0.795918345451355}
{'fold': 6, 'epoch': 450, 'train_loss': 0.0017464455449953675, 'val_loss': 0.7180429100990295, 'test_acc': 0.795918345451355}
{'fold': 6, 'epoch': 500, 'train_loss': 0.0016774373361840844, 'val_loss': 0.7250964641571045, 'test_acc': 0.795918345451355}
{'fold': 7, 'epoch': 50, 'train_loss': 0.021479349583387375, 'val_loss': 0.7527900338172913, 'test_acc': 0.795918345451355}
{'fold': 7, 'epoch': 100, 'train_loss': 0.004013087600469589, 'val_loss': 0.843853235244751, 'test_acc': 0.7551020383834839}
{'fold': 7, 'epoch': 150, 'train_loss': 0.002724321326240897, 'val_loss': 0.7949742078781128, 'test_acc': 0.7755101919174194}
{'fold': 7, 'epoch': 200, 'train_loss': 0.0018323884578421712, 'val_loss': 0.7858571410179138, 'test_acc': 0.7755101919174194}
{'fold': 7, 'epoch': 250, 'train_loss': 0.0012895066756755114, 'val_loss': 0.7660329937934875, 'test_acc': 0.7755101919174194}
{'fold': 7, 'epoch': 300, 'train_loss': 0.0014568268088623881, 'val_loss': 0.7549178600311279, 'test_acc': 0.7755101919174194}
{'fold': 7, 'epoch': 350, 'train_loss': 0.002194394823163748, 'val_loss': 0.7258257269859314, 'test_acc': 0.7755101919174194}
{'fold': 7, 'epoch': 400, 'train_loss': 0.0021001403219997883, 'val_loss': 0.722247838973999, 'test_acc': 0.7755101919174194}
{'fold': 7, 'epoch': 450, 'train_loss': 0.0016220409888774157, 'val_loss': 0.7332545518875122, 'test_acc': 0.795918345451355}
{'fold': 7, 'epoch': 500, 'train_loss': 0.0021467837505042553, 'val_loss': 0.733910083770752, 'test_acc': 0.7755101919174194}
{'fold': 8, 'epoch': 50, 'train_loss': 0.01445520669221878, 'val_loss': 1.0456045866012573, 'test_acc': 0.8571428656578064}
{'fold': 8, 'epoch': 100, 'train_loss': 0.0049760546535253525, 'val_loss': 1.300455927848816, 'test_acc': 0.8571428656578064}
{'fold': 8, 'epoch': 150, 'train_loss': 0.0020935726352036, 'val_loss': 1.248995304107666, 'test_acc': 0.8571428656578064}
{'fold': 8, 'epoch': 200, 'train_loss': 0.0031213643960654736, 'val_loss': 1.2411432266235352, 'test_acc': 0.8571428656578064}
{'fold': 8, 'epoch': 250, 'train_loss': 0.0019752243533730507, 'val_loss': 1.3553211688995361, 'test_acc': 0.8571428656578064}
{'fold': 8, 'epoch': 300, 'train_loss': 0.0019709933549165726, 'val_loss': 1.2678577899932861, 'test_acc': 0.8571428656578064}
{'fold': 8, 'epoch': 350, 'train_loss': 0.0017770046833902597, 'val_loss': 1.2083810567855835, 'test_acc': 0.8571428656578064}
{'fold': 8, 'epoch': 400, 'train_loss': 0.0029373711440712214, 'val_loss': 1.2601419687271118, 'test_acc': 0.8571428656578064}
{'fold': 8, 'epoch': 450, 'train_loss': 0.0025987508706748486, 'val_loss': 1.2594060897827148, 'test_acc': 0.8571428656578064}
{'fold': 8, 'epoch': 500, 'train_loss': 0.001741265645250678, 'val_loss': 1.260681390762329, 'test_acc': 0.8571428656578064}
{'fold': 9, 'epoch': 50, 'train_loss': 0.017127132043242455, 'val_loss': 0.6163396835327148, 'test_acc': 0.7755101919174194}
{'fold': 9, 'epoch': 100, 'train_loss': 0.0019789361394941807, 'val_loss': 0.7284294962882996, 'test_acc': 0.7755101919174194}
{'fold': 9, 'epoch': 150, 'train_loss': 0.0025762319564819336, 'val_loss': 0.7105501890182495, 'test_acc': 0.7755101919174194}
{'fold': 9, 'epoch': 200, 'train_loss': 0.0017701436299830675, 'val_loss': 0.6999486088752747, 'test_acc': 0.7755101919174194}
{'fold': 9, 'epoch': 250, 'train_loss': 0.0026858386117964983, 'val_loss': 0.6725444197654724, 'test_acc': 0.7755101919174194}
{'fold': 9, 'epoch': 300, 'train_loss': 0.0028791658114641905, 'val_loss': 0.694506824016571, 'test_acc': 0.7755101919174194}
{'fold': 9, 'epoch': 350, 'train_loss': 0.003578661009669304, 'val_loss': 0.6686768531799316, 'test_acc': 0.7755101919174194}
{'fold': 9, 'epoch': 400, 'train_loss': 0.0020987079478800297, 'val_loss': 0.6672636270523071, 'test_acc': 0.7755101919174194}
{'fold': 9, 'epoch': 450, 'train_loss': 0.0019476215820759535, 'val_loss': 0.6730901002883911, 'test_acc': 0.7755101919174194}
{'fold': 9, 'epoch': 500, 'train_loss': 0.0013053459115326405, 'val_loss': 0.6680272817611694, 'test_acc': 0.7755101919174194}
Val Loss: 0.6427, Test Accuracy: 0.811 +/- 0.058, Duration: 40.303
Model(2) results: accuracy=0.811, std=0.058, n_layers=2, n_hidden=128
Best Model(2) results: accuracy=0.811, std=0.058, n_layers=2, n_hidden=128

# Evaluating model(3): n_layers=3, n_hidden=32
{'fold': 0, 'epoch': 50, 'train_loss': 0.7606562972068787, 'val_loss': 0.8383565545082092, 'test_acc': 0.7400000095367432}
{'fold': 0, 'epoch': 100, 'train_loss': 0.17039607465267181, 'val_loss': 0.7761224508285522, 'test_acc': 0.7599999904632568}
{'fold': 0, 'epoch': 150, 'train_loss': 0.08720700442790985, 'val_loss': 1.118578314781189, 'test_acc': 0.7599999904632568}
{'fold': 0, 'epoch': 200, 'train_loss': 0.05470249801874161, 'val_loss': 1.3453413248062134, 'test_acc': 0.7599999904632568}
{'fold': 0, 'epoch': 250, 'train_loss': 0.050234850496053696, 'val_loss': 1.57451593875885, 'test_acc': 0.7599999904632568}
{'fold': 0, 'epoch': 300, 'train_loss': 0.03380535542964935, 'val_loss': 1.7616432905197144, 'test_acc': 0.800000011920929}
{'fold': 0, 'epoch': 350, 'train_loss': 0.038744475692510605, 'val_loss': 1.8918136358261108, 'test_acc': 0.7599999904632568}
{'fold': 0, 'epoch': 400, 'train_loss': 0.021375644952058792, 'val_loss': 2.0172905921936035, 'test_acc': 0.7799999713897705}
{'fold': 0, 'epoch': 450, 'train_loss': 0.027376830577850342, 'val_loss': 2.089195966720581, 'test_acc': 0.7400000095367432}
{'fold': 0, 'epoch': 500, 'train_loss': 0.02911691926419735, 'val_loss': 2.1558024883270264, 'test_acc': 0.7599999904632568}
{'fold': 1, 'epoch': 50, 'train_loss': 0.7538104057312012, 'val_loss': 1.1967734098434448, 'test_acc': 0.699999988079071}
{'fold': 1, 'epoch': 100, 'train_loss': 0.26874834299087524, 'val_loss': 1.4993685483932495, 'test_acc': 0.7400000095367432}
{'fold': 1, 'epoch': 150, 'train_loss': 0.13204850256443024, 'val_loss': 1.966546893119812, 'test_acc': 0.7799999713897705}
{'fold': 1, 'epoch': 200, 'train_loss': 0.07682935148477554, 'val_loss': 2.4012861251831055, 'test_acc': 0.7400000095367432}
{'fold': 1, 'epoch': 250, 'train_loss': 0.06741470098495483, 'val_loss': 2.6809029579162598, 'test_acc': 0.7200000286102295}
{'fold': 1, 'epoch': 300, 'train_loss': 0.04807894304394722, 'val_loss': 2.941545009613037, 'test_acc': 0.7200000286102295}
{'fold': 1, 'epoch': 350, 'train_loss': 0.061777710914611816, 'val_loss': 3.0845577716827393, 'test_acc': 0.7200000286102295}
{'fold': 1, 'epoch': 400, 'train_loss': 0.04334400221705437, 'val_loss': 3.192864418029785, 'test_acc': 0.7400000095367432}
{'fold': 1, 'epoch': 450, 'train_loss': 0.039160311222076416, 'val_loss': 3.294222831726074, 'test_acc': 0.7200000286102295}
{'fold': 1, 'epoch': 500, 'train_loss': 0.03401720151305199, 'val_loss': 3.2715463638305664, 'test_acc': 0.7200000286102295}
{'fold': 2, 'epoch': 50, 'train_loss': 0.6100739240646362, 'val_loss': 0.7029685974121094, 'test_acc': 0.800000011920929}
{'fold': 2, 'epoch': 100, 'train_loss': 0.18857882916927338, 'val_loss': 0.8158479332923889, 'test_acc': 0.800000011920929}
{'fold': 2, 'epoch': 150, 'train_loss': 0.06701293587684631, 'val_loss': 0.9926823377609253, 'test_acc': 0.8399999737739563}
{'fold': 2, 'epoch': 200, 'train_loss': 0.06695232540369034, 'val_loss': 1.1716277599334717, 'test_acc': 0.8399999737739563}
{'fold': 2, 'epoch': 250, 'train_loss': 0.04687287658452988, 'val_loss': 1.2872995138168335, 'test_acc': 0.8399999737739563}
{'fold': 2, 'epoch': 300, 'train_loss': 0.04877173900604248, 'val_loss': 1.3307827711105347, 'test_acc': 0.8399999737739563}
{'fold': 2, 'epoch': 350, 'train_loss': 0.027262916788458824, 'val_loss': 1.4369256496429443, 'test_acc': 0.8399999737739563}
{'fold': 2, 'epoch': 400, 'train_loss': 0.018971964716911316, 'val_loss': 1.4520506858825684, 'test_acc': 0.8399999737739563}
{'fold': 2, 'epoch': 450, 'train_loss': 0.037243716418743134, 'val_loss': 1.5011314153671265, 'test_acc': 0.8399999737739563}
{'fold': 2, 'epoch': 500, 'train_loss': 0.02670314349234104, 'val_loss': 1.5237550735473633, 'test_acc': 0.8399999737739563}
{'fold': 3, 'epoch': 50, 'train_loss': 0.5317285060882568, 'val_loss': 0.6063398122787476, 'test_acc': 0.7400000095367432}
{'fold': 3, 'epoch': 100, 'train_loss': 0.21183693408966064, 'val_loss': 0.7761079668998718, 'test_acc': 0.7400000095367432}
{'fold': 3, 'epoch': 150, 'train_loss': 0.1306879222393036, 'val_loss': 0.9756747484207153, 'test_acc': 0.7200000286102295}
{'fold': 3, 'epoch': 200, 'train_loss': 0.06455670297145844, 'val_loss': 1.1568284034729004, 'test_acc': 0.699999988079071}
{'fold': 3, 'epoch': 250, 'train_loss': 0.05157875642180443, 'val_loss': 1.3130407333374023, 'test_acc': 0.7200000286102295}
{'fold': 3, 'epoch': 300, 'train_loss': 0.031076693907380104, 'val_loss': 1.4066228866577148, 'test_acc': 0.7200000286102295}
{'fold': 3, 'epoch': 350, 'train_loss': 0.03244689106941223, 'val_loss': 1.508191704750061, 'test_acc': 0.699999988079071}
{'fold': 3, 'epoch': 400, 'train_loss': 0.028599631041288376, 'val_loss': 1.6008563041687012, 'test_acc': 0.699999988079071}
{'fold': 3, 'epoch': 450, 'train_loss': 0.028644073754549026, 'val_loss': 1.620029330253601, 'test_acc': 0.699999988079071}
{'fold': 3, 'epoch': 500, 'train_loss': 0.017956865951418877, 'val_loss': 1.6817375421524048, 'test_acc': 0.699999988079071}
{'fold': 4, 'epoch': 50, 'train_loss': 0.7253302931785583, 'val_loss': 1.1914163827896118, 'test_acc': 0.699999988079071}
{'fold': 4, 'epoch': 100, 'train_loss': 0.202362060546875, 'val_loss': 1.369530439376831, 'test_acc': 0.9200000166893005}
{'fold': 4, 'epoch': 150, 'train_loss': 0.08204755187034607, 'val_loss': 1.9223610162734985, 'test_acc': 0.9200000166893005}
{'fold': 4, 'epoch': 200, 'train_loss': 0.04892207682132721, 'val_loss': 2.3571834564208984, 'test_acc': 0.9200000166893005}
{'fold': 4, 'epoch': 250, 'train_loss': 0.03950205072760582, 'val_loss': 2.5723280906677246, 'test_acc': 0.8999999761581421}
{'fold': 4, 'epoch': 300, 'train_loss': 0.021349281072616577, 'val_loss': 2.7958459854125977, 'test_acc': 0.8999999761581421}
{'fold': 4, 'epoch': 350, 'train_loss': 0.029588786885142326, 'val_loss': 2.891866683959961, 'test_acc': 0.8999999761581421}
{'fold': 4, 'epoch': 400, 'train_loss': 0.026070062071084976, 'val_loss': 3.0936453342437744, 'test_acc': 0.8999999761581421}
{'fold': 4, 'epoch': 450, 'train_loss': 0.023403208702802658, 'val_loss': 3.1250193119049072, 'test_acc': 0.8999999761581421}
{'fold': 4, 'epoch': 500, 'train_loss': 0.018923301249742508, 'val_loss': 3.1140692234039307, 'test_acc': 0.8999999761581421}
{'fold': 5, 'epoch': 50, 'train_loss': 0.6868793368339539, 'val_loss': 0.692425549030304, 'test_acc': 0.800000011920929}
{'fold': 5, 'epoch': 100, 'train_loss': 0.16680824756622314, 'val_loss': 0.6058402061462402, 'test_acc': 0.8600000143051147}
{'fold': 5, 'epoch': 150, 'train_loss': 0.08628681302070618, 'val_loss': 0.7417762279510498, 'test_acc': 0.8199999928474426}
{'fold': 5, 'epoch': 200, 'train_loss': 0.05220353975892067, 'val_loss': 0.8610826730728149, 'test_acc': 0.8399999737739563}
{'fold': 5, 'epoch': 250, 'train_loss': 0.06438067555427551, 'val_loss': 0.9470073580741882, 'test_acc': 0.8399999737739563}
{'fold': 5, 'epoch': 300, 'train_loss': 0.04657386988401413, 'val_loss': 1.0055676698684692, 'test_acc': 0.8399999737739563}
{'fold': 5, 'epoch': 350, 'train_loss': 0.025546550750732422, 'val_loss': 1.0496585369110107, 'test_acc': 0.8199999928474426}
{'fold': 5, 'epoch': 400, 'train_loss': 0.02237127721309662, 'val_loss': 1.108364462852478, 'test_acc': 0.8399999737739563}
{'fold': 5, 'epoch': 450, 'train_loss': 0.015414313413202763, 'val_loss': 1.0591294765472412, 'test_acc': 0.8199999928474426}
{'fold': 5, 'epoch': 500, 'train_loss': 0.0214804969727993, 'val_loss': 1.0971834659576416, 'test_acc': 0.8199999928474426}
{'fold': 6, 'epoch': 50, 'train_loss': 0.8261111378669739, 'val_loss': 0.8605859279632568, 'test_acc': 0.7142857313156128}
{'fold': 6, 'epoch': 100, 'train_loss': 0.25484156608581543, 'val_loss': 0.575721800327301, 'test_acc': 0.8571428656578064}
{'fold': 6, 'epoch': 150, 'train_loss': 0.11175686866044998, 'val_loss': 0.7609066963195801, 'test_acc': 0.8163265585899353}
{'fold': 6, 'epoch': 200, 'train_loss': 0.06483777612447739, 'val_loss': 1.0005483627319336, 'test_acc': 0.8163265585899353}
{'fold': 6, 'epoch': 250, 'train_loss': 0.045161470770835876, 'val_loss': 1.1330225467681885, 'test_acc': 0.7755101919174194}
{'fold': 6, 'epoch': 300, 'train_loss': 0.056013356894254684, 'val_loss': 1.2175712585449219, 'test_acc': 0.7755101919174194}
{'fold': 6, 'epoch': 350, 'train_loss': 0.05652208626270294, 'val_loss': 1.288645625114441, 'test_acc': 0.795918345451355}
{'fold': 6, 'epoch': 400, 'train_loss': 0.026298899203538895, 'val_loss': 1.3250422477722168, 'test_acc': 0.7755101919174194}
{'fold': 6, 'epoch': 450, 'train_loss': 0.032009027898311615, 'val_loss': 1.371565341949463, 'test_acc': 0.7755101919174194}
{'fold': 6, 'epoch': 500, 'train_loss': 0.035722311586141586, 'val_loss': 1.429855227470398, 'test_acc': 0.7755101919174194}
{'fold': 7, 'epoch': 50, 'train_loss': 0.6719152331352234, 'val_loss': 0.8195160627365112, 'test_acc': 0.7551020383834839}
{'fold': 7, 'epoch': 100, 'train_loss': 0.22554580867290497, 'val_loss': 0.8764772415161133, 'test_acc': 0.7755101919174194}
{'fold': 7, 'epoch': 150, 'train_loss': 0.08569604903459549, 'val_loss': 1.1270966529846191, 'test_acc': 0.7755101919174194}
{'fold': 7, 'epoch': 200, 'train_loss': 0.05421946197748184, 'val_loss': 1.3405649662017822, 'test_acc': 0.7755101919174194}
{'fold': 7, 'epoch': 250, 'train_loss': 0.049562808126211166, 'val_loss': 1.4141476154327393, 'test_acc': 0.7755101919174194}
{'fold': 7, 'epoch': 300, 'train_loss': 0.028865996748209, 'val_loss': 1.5301529169082642, 'test_acc': 0.795918345451355}
{'fold': 7, 'epoch': 350, 'train_loss': 0.03492457792162895, 'val_loss': 1.6357275247573853, 'test_acc': 0.7755101919174194}
{'fold': 7, 'epoch': 400, 'train_loss': 0.03577269986271858, 'val_loss': 1.6745065450668335, 'test_acc': 0.7755101919174194}
{'fold': 7, 'epoch': 450, 'train_loss': 0.02772495336830616, 'val_loss': 1.715580701828003, 'test_acc': 0.7755101919174194}
{'fold': 7, 'epoch': 500, 'train_loss': 0.024525923654437065, 'val_loss': 1.7340162992477417, 'test_acc': 0.7755101919174194}
{'fold': 8, 'epoch': 50, 'train_loss': 0.7786016464233398, 'val_loss': 1.0196866989135742, 'test_acc': 0.8163265585899353}
{'fold': 8, 'epoch': 100, 'train_loss': 0.15900911390781403, 'val_loss': 0.9073933959007263, 'test_acc': 0.8163265585899353}
{'fold': 8, 'epoch': 150, 'train_loss': 0.0642370730638504, 'val_loss': 1.1783950328826904, 'test_acc': 0.8163265585899353}
{'fold': 8, 'epoch': 200, 'train_loss': 0.0446789413690567, 'val_loss': 1.3460098505020142, 'test_acc': 0.8163265585899353}
{'fold': 8, 'epoch': 250, 'train_loss': 0.04926694557070732, 'val_loss': 1.5091813802719116, 'test_acc': 0.8163265585899353}
{'fold': 8, 'epoch': 300, 'train_loss': 0.056817661970853806, 'val_loss': 1.5984185934066772, 'test_acc': 0.8367347121238708}
{'fold': 8, 'epoch': 350, 'train_loss': 0.0275636725127697, 'val_loss': 1.7504392862319946, 'test_acc': 0.8367347121238708}
{'fold': 8, 'epoch': 400, 'train_loss': 0.0281700249761343, 'val_loss': 1.8434697389602661, 'test_acc': 0.8367347121238708}
{'fold': 8, 'epoch': 450, 'train_loss': 0.03742203488945961, 'val_loss': 1.879874348640442, 'test_acc': 0.8163265585899353}
{'fold': 8, 'epoch': 500, 'train_loss': 0.027562899515032768, 'val_loss': 1.9189826250076294, 'test_acc': 0.8163265585899353}
{'fold': 9, 'epoch': 50, 'train_loss': 0.646746814250946, 'val_loss': 0.6225723028182983, 'test_acc': 0.795918345451355}
{'fold': 9, 'epoch': 100, 'train_loss': 0.1579517424106598, 'val_loss': 0.5730931162834167, 'test_acc': 0.795918345451355}
{'fold': 9, 'epoch': 150, 'train_loss': 0.05362481623888016, 'val_loss': 0.672357976436615, 'test_acc': 0.7755101919174194}
{'fold': 9, 'epoch': 200, 'train_loss': 0.0446382500231266, 'val_loss': 0.7813783884048462, 'test_acc': 0.7755101919174194}
{'fold': 9, 'epoch': 250, 'train_loss': 0.025676926597952843, 'val_loss': 0.8493695855140686, 'test_acc': 0.7755101919174194}
{'fold': 9, 'epoch': 300, 'train_loss': 0.038813795894384384, 'val_loss': 0.9630119800567627, 'test_acc': 0.795918345451355}
{'fold': 9, 'epoch': 350, 'train_loss': 0.03405161201953888, 'val_loss': 1.0427302122116089, 'test_acc': 0.795918345451355}
{'fold': 9, 'epoch': 400, 'train_loss': 0.02446209080517292, 'val_loss': 0.9528744220733643, 'test_acc': 0.795918345451355}
{'fold': 9, 'epoch': 450, 'train_loss': 0.02083917334675789, 'val_loss': 0.9590454697608948, 'test_acc': 0.795918345451355}
{'fold': 9, 'epoch': 500, 'train_loss': 0.004626281093806028, 'val_loss': 0.9868728518486023, 'test_acc': 0.795918345451355}
Val Loss: 0.7435, Test Accuracy: 0.782 +/- 0.047, Duration: 25.388
Model(3) results: accuracy=0.782, std=0.047, n_layers=3, n_hidden=32
Best Model(2) results: accuracy=0.811, std=0.058, n_layers=2, n_hidden=128

# Evaluating model(4): n_layers=3, n_hidden=64
{'fold': 0, 'epoch': 50, 'train_loss': 0.15868236124515533, 'val_loss': 0.6465591788291931, 'test_acc': 0.7599999904632568}
{'fold': 0, 'epoch': 100, 'train_loss': 0.018558520823717117, 'val_loss': 1.2191226482391357, 'test_acc': 0.7400000095367432}
{'fold': 0, 'epoch': 150, 'train_loss': 0.009485906921327114, 'val_loss': 1.4572219848632812, 'test_acc': 0.7400000095367432}
{'fold': 0, 'epoch': 200, 'train_loss': 0.006697586737573147, 'val_loss': 1.5432887077331543, 'test_acc': 0.7400000095367432}
{'fold': 0, 'epoch': 250, 'train_loss': 0.006760678254067898, 'val_loss': 1.6479320526123047, 'test_acc': 0.7200000286102295}
{'fold': 0, 'epoch': 300, 'train_loss': 0.007101323921233416, 'val_loss': 1.6561570167541504, 'test_acc': 0.7400000095367432}
{'fold': 0, 'epoch': 350, 'train_loss': 0.004318648483604193, 'val_loss': 1.6945505142211914, 'test_acc': 0.7400000095367432}
{'fold': 0, 'epoch': 400, 'train_loss': 0.006367569323629141, 'val_loss': 1.6968616247177124, 'test_acc': 0.7200000286102295}
{'fold': 0, 'epoch': 450, 'train_loss': 0.003111510770395398, 'val_loss': 1.6824992895126343, 'test_acc': 0.7200000286102295}
{'fold': 0, 'epoch': 500, 'train_loss': 0.002473538974300027, 'val_loss': 1.7137818336486816, 'test_acc': 0.7200000286102295}
{'fold': 1, 'epoch': 50, 'train_loss': 0.15144693851470947, 'val_loss': 1.3995956182479858, 'test_acc': 0.800000011920929}
{'fold': 1, 'epoch': 100, 'train_loss': 0.03391987457871437, 'val_loss': 2.0061686038970947, 'test_acc': 0.7799999713897705}
{'fold': 1, 'epoch': 150, 'train_loss': 0.01862144097685814, 'val_loss': 2.304488182067871, 'test_acc': 0.7599999904632568}
{'fold': 1, 'epoch': 200, 'train_loss': 0.008195864968001842, 'val_loss': 2.477494478225708, 'test_acc': 0.7799999713897705}
{'fold': 1, 'epoch': 250, 'train_loss': 0.010919401422142982, 'val_loss': 2.532776117324829, 'test_acc': 0.7799999713897705}
{'fold': 1, 'epoch': 300, 'train_loss': 0.007635819260030985, 'val_loss': 2.6272635459899902, 'test_acc': 0.7799999713897705}
{'fold': 1, 'epoch': 350, 'train_loss': 0.007595672272145748, 'val_loss': 2.707686424255371, 'test_acc': 0.7799999713897705}
{'fold': 1, 'epoch': 400, 'train_loss': 0.004173186607658863, 'val_loss': 2.732109308242798, 'test_acc': 0.7599999904632568}
{'fold': 1, 'epoch': 450, 'train_loss': 0.00358207686804235, 'val_loss': 2.7319655418395996, 'test_acc': 0.7799999713897705}
{'fold': 1, 'epoch': 500, 'train_loss': 0.003510686568915844, 'val_loss': 2.765626907348633, 'test_acc': 0.7799999713897705}
{'fold': 2, 'epoch': 50, 'train_loss': 0.2170027196407318, 'val_loss': 0.7637511491775513, 'test_acc': 0.8199999928474426}
{'fold': 2, 'epoch': 100, 'train_loss': 0.016613436862826347, 'val_loss': 1.2846308946609497, 'test_acc': 0.8199999928474426}
{'fold': 2, 'epoch': 150, 'train_loss': 0.013677242211997509, 'val_loss': 1.4701507091522217, 'test_acc': 0.8199999928474426}
{'fold': 2, 'epoch': 200, 'train_loss': 0.009583022445440292, 'val_loss': 1.596879482269287, 'test_acc': 0.8199999928474426}
{'fold': 2, 'epoch': 250, 'train_loss': 0.009755129925906658, 'val_loss': 1.5830634832382202, 'test_acc': 0.800000011920929}
{'fold': 2, 'epoch': 300, 'train_loss': 0.0053082723170518875, 'val_loss': 1.6041443347930908, 'test_acc': 0.8199999928474426}
{'fold': 2, 'epoch': 350, 'train_loss': 0.005434656515717506, 'val_loss': 1.608152151107788, 'test_acc': 0.8199999928474426}
{'fold': 2, 'epoch': 400, 'train_loss': 0.003582717152312398, 'val_loss': 1.7174075841903687, 'test_acc': 0.800000011920929}
{'fold': 2, 'epoch': 450, 'train_loss': 0.004143143072724342, 'val_loss': 1.5995844602584839, 'test_acc': 0.800000011920929}
{'fold': 2, 'epoch': 500, 'train_loss': 0.007012233603745699, 'val_loss': 1.6519471406936646, 'test_acc': 0.800000011920929}
{'fold': 3, 'epoch': 50, 'train_loss': 0.15205131471157074, 'val_loss': 0.6998891234397888, 'test_acc': 0.699999988079071}
{'fold': 3, 'epoch': 100, 'train_loss': 0.030176745727658272, 'val_loss': 1.147504448890686, 'test_acc': 0.7200000286102295}
{'fold': 3, 'epoch': 150, 'train_loss': 0.012708988040685654, 'val_loss': 1.4009695053100586, 'test_acc': 0.7200000286102295}
{'fold': 3, 'epoch': 200, 'train_loss': 0.01046733558177948, 'val_loss': 1.5420538187026978, 'test_acc': 0.7200000286102295}
{'fold': 3, 'epoch': 250, 'train_loss': 0.01254188735038042, 'val_loss': 1.631866455078125, 'test_acc': 0.6800000071525574}
{'fold': 3, 'epoch': 300, 'train_loss': 0.004338888917118311, 'val_loss': 1.7030329704284668, 'test_acc': 0.6800000071525574}
{'fold': 3, 'epoch': 350, 'train_loss': 0.00543335173279047, 'val_loss': 1.7278202772140503, 'test_acc': 0.6800000071525574}
{'fold': 3, 'epoch': 400, 'train_loss': 0.003909054212272167, 'val_loss': 1.7366153001785278, 'test_acc': 0.6800000071525574}
{'fold': 3, 'epoch': 450, 'train_loss': 0.0043916478753089905, 'val_loss': 1.7485581636428833, 'test_acc': 0.6800000071525574}
{'fold': 3, 'epoch': 500, 'train_loss': 0.005646567326039076, 'val_loss': 1.747806191444397, 'test_acc': 0.6800000071525574}
{'fold': 4, 'epoch': 50, 'train_loss': 0.21784065663814545, 'val_loss': 1.2520524263381958, 'test_acc': 0.9200000166893005}
{'fold': 4, 'epoch': 100, 'train_loss': 0.03725513443350792, 'val_loss': 2.050626277923584, 'test_acc': 0.8799999952316284}
{'fold': 4, 'epoch': 150, 'train_loss': 0.016657549887895584, 'val_loss': 2.4177663326263428, 'test_acc': 0.8799999952316284}
{'fold': 4, 'epoch': 200, 'train_loss': 0.008724454790353775, 'val_loss': 2.633681535720825, 'test_acc': 0.8999999761581421}
{'fold': 4, 'epoch': 250, 'train_loss': 0.007302085403352976, 'val_loss': 2.7408270835876465, 'test_acc': 0.8999999761581421}
{'fold': 4, 'epoch': 300, 'train_loss': 0.004520547576248646, 'val_loss': 2.8217384815216064, 'test_acc': 0.8799999952316284}
{'fold': 4, 'epoch': 350, 'train_loss': 0.0090275714173913, 'val_loss': 2.8495888710021973, 'test_acc': 0.8999999761581421}
{'fold': 4, 'epoch': 400, 'train_loss': 0.004989874083548784, 'val_loss': 2.812034845352173, 'test_acc': 0.8799999952316284}
{'fold': 4, 'epoch': 450, 'train_loss': 0.004569211974740028, 'val_loss': 2.780740976333618, 'test_acc': 0.8799999952316284}
{'fold': 4, 'epoch': 500, 'train_loss': 0.0023915693163871765, 'val_loss': 2.849325656890869, 'test_acc': 0.8799999952316284}
{'fold': 5, 'epoch': 50, 'train_loss': 0.23856377601623535, 'val_loss': 0.47609981894493103, 'test_acc': 0.8399999737739563}
{'fold': 5, 'epoch': 100, 'train_loss': 0.03328292444348335, 'val_loss': 0.6057629585266113, 'test_acc': 0.8399999737739563}
{'fold': 5, 'epoch': 150, 'train_loss': 0.016520321369171143, 'val_loss': 0.7508154511451721, 'test_acc': 0.8600000143051147}
{'fold': 5, 'epoch': 200, 'train_loss': 0.009239181876182556, 'val_loss': 0.7724244594573975, 'test_acc': 0.8600000143051147}
{'fold': 5, 'epoch': 250, 'train_loss': 0.009471314027905464, 'val_loss': 0.8020076155662537, 'test_acc': 0.8600000143051147}
{'fold': 5, 'epoch': 300, 'train_loss': 0.009621353819966316, 'val_loss': 0.8296271562576294, 'test_acc': 0.8799999952316284}
{'fold': 5, 'epoch': 350, 'train_loss': 0.0028978472109884024, 'val_loss': 0.8310375809669495, 'test_acc': 0.8600000143051147}
{'fold': 5, 'epoch': 400, 'train_loss': 0.006367665249854326, 'val_loss': 0.8412683010101318, 'test_acc': 0.8600000143051147}
{'fold': 5, 'epoch': 450, 'train_loss': 0.00649166340008378, 'val_loss': 0.8309960961341858, 'test_acc': 0.8600000143051147}
{'fold': 5, 'epoch': 500, 'train_loss': 0.004013331141322851, 'val_loss': 0.8536689281463623, 'test_acc': 0.8600000143051147}
{'fold': 6, 'epoch': 50, 'train_loss': 0.2236260622739792, 'val_loss': 0.5319993495941162, 'test_acc': 0.8163265585899353}
{'fold': 6, 'epoch': 100, 'train_loss': 0.03126809000968933, 'val_loss': 0.7668405175209045, 'test_acc': 0.7346938848495483}
{'fold': 6, 'epoch': 150, 'train_loss': 0.024254580959677696, 'val_loss': 0.9087275862693787, 'test_acc': 0.7551020383834839}
{'fold': 6, 'epoch': 200, 'train_loss': 0.011853515170514584, 'val_loss': 0.9377686381340027, 'test_acc': 0.7551020383834839}
{'fold': 6, 'epoch': 250, 'train_loss': 0.011191197670996189, 'val_loss': 1.0007131099700928, 'test_acc': 0.7551020383834839}
{'fold': 6, 'epoch': 300, 'train_loss': 0.006440339609980583, 'val_loss': 0.9803882837295532, 'test_acc': 0.7551020383834839}
{'fold': 6, 'epoch': 350, 'train_loss': 0.007835502736270428, 'val_loss': 1.0066547393798828, 'test_acc': 0.7551020383834839}
{'fold': 6, 'epoch': 400, 'train_loss': 0.0064822533167898655, 'val_loss': 0.995910108089447, 'test_acc': 0.7551020383834839}
{'fold': 6, 'epoch': 450, 'train_loss': 0.00292718387208879, 'val_loss': 0.9925568103790283, 'test_acc': 0.7551020383834839}
{'fold': 6, 'epoch': 500, 'train_loss': 0.006628027651458979, 'val_loss': 0.9576886892318726, 'test_acc': 0.7346938848495483}
{'fold': 7, 'epoch': 50, 'train_loss': 0.21835334599018097, 'val_loss': 0.5164381265640259, 'test_acc': 0.8367347121238708}
{'fold': 7, 'epoch': 100, 'train_loss': 0.026039376854896545, 'val_loss': 0.7606366872787476, 'test_acc': 0.7755101919174194}
{'fold': 7, 'epoch': 150, 'train_loss': 0.0177619531750679, 'val_loss': 0.8863973617553711, 'test_acc': 0.795918345451355}
{'fold': 7, 'epoch': 200, 'train_loss': 0.02258151024580002, 'val_loss': 0.9375931620597839, 'test_acc': 0.8163265585899353}
{'fold': 7, 'epoch': 250, 'train_loss': 0.007892590947449207, 'val_loss': 1.0088860988616943, 'test_acc': 0.8163265585899353}
{'fold': 7, 'epoch': 300, 'train_loss': 0.008338806219398975, 'val_loss': 0.9666190147399902, 'test_acc': 0.8163265585899353}
{'fold': 7, 'epoch': 350, 'train_loss': 0.005682250950485468, 'val_loss': 1.010384202003479, 'test_acc': 0.8163265585899353}
{'fold': 7, 'epoch': 400, 'train_loss': 0.0047651417553424835, 'val_loss': 0.9483334422111511, 'test_acc': 0.8163265585899353}
{'fold': 7, 'epoch': 450, 'train_loss': 0.0058961296454072, 'val_loss': 0.9952572584152222, 'test_acc': 0.795918345451355}
{'fold': 7, 'epoch': 500, 'train_loss': 0.004433419089764357, 'val_loss': 1.0370522737503052, 'test_acc': 0.8163265585899353}
{'fold': 8, 'epoch': 50, 'train_loss': 0.193100705742836, 'val_loss': 0.7654874324798584, 'test_acc': 0.8571428656578064}
{'fold': 8, 'epoch': 100, 'train_loss': 0.03242424502968788, 'val_loss': 1.1214483976364136, 'test_acc': 0.8367347121238708}
{'fold': 8, 'epoch': 150, 'train_loss': 0.014724397100508213, 'val_loss': 1.3330069780349731, 'test_acc': 0.8367347121238708}
{'fold': 8, 'epoch': 200, 'train_loss': 0.00966681819409132, 'val_loss': 1.4652436971664429, 'test_acc': 0.8367347121238708}
{'fold': 8, 'epoch': 250, 'train_loss': 0.00703923124819994, 'val_loss': 1.529881477355957, 'test_acc': 0.8367347121238708}
{'fold': 8, 'epoch': 300, 'train_loss': 0.005730556324124336, 'val_loss': 1.4877183437347412, 'test_acc': 0.8367347121238708}
{'fold': 8, 'epoch': 350, 'train_loss': 0.00538978073745966, 'val_loss': 1.638485312461853, 'test_acc': 0.8163265585899353}
{'fold': 8, 'epoch': 400, 'train_loss': 0.006391402333974838, 'val_loss': 1.5361204147338867, 'test_acc': 0.8367347121238708}
{'fold': 8, 'epoch': 450, 'train_loss': 0.004667164292186499, 'val_loss': 1.5453745126724243, 'test_acc': 0.8163265585899353}
{'fold': 8, 'epoch': 500, 'train_loss': 0.002929231384769082, 'val_loss': 1.517303466796875, 'test_acc': 0.8367347121238708}
{'fold': 9, 'epoch': 50, 'train_loss': 0.1922573298215866, 'val_loss': 0.4697684943675995, 'test_acc': 0.8163265585899353}
{'fold': 9, 'epoch': 100, 'train_loss': 0.01715521328151226, 'val_loss': 0.5865148901939392, 'test_acc': 0.795918345451355}
{'fold': 9, 'epoch': 150, 'train_loss': 0.011979942210018635, 'val_loss': 0.5846952795982361, 'test_acc': 0.795918345451355}
{'fold': 9, 'epoch': 200, 'train_loss': 0.006421390920877457, 'val_loss': 0.6397379636764526, 'test_acc': 0.795918345451355}
{'fold': 9, 'epoch': 250, 'train_loss': 0.003429129719734192, 'val_loss': 0.6535143256187439, 'test_acc': 0.795918345451355}
{'fold': 9, 'epoch': 300, 'train_loss': 0.0027330159209668636, 'val_loss': 0.6360142827033997, 'test_acc': 0.795918345451355}
{'fold': 9, 'epoch': 350, 'train_loss': 0.00455778744071722, 'val_loss': 0.6528099775314331, 'test_acc': 0.795918345451355}
{'fold': 9, 'epoch': 400, 'train_loss': 0.00351294525898993, 'val_loss': 0.660241961479187, 'test_acc': 0.795918345451355}
{'fold': 9, 'epoch': 450, 'train_loss': 0.0023608910851180553, 'val_loss': 0.6453211307525635, 'test_acc': 0.795918345451355}
{'fold': 9, 'epoch': 500, 'train_loss': 0.0021299340296536684, 'val_loss': 0.658399760723114, 'test_acc': 0.795918345451355}
Val Loss: 0.6600, Test Accuracy: 0.815 +/- 0.048, Duration: 32.990
Model(4) results: accuracy=0.815, std=0.048, n_layers=3, n_hidden=64
Best Model(2) results: accuracy=0.811, std=0.058, n_layers=2, n_hidden=128

# Evaluating model(5): n_layers=3, n_hidden=128
{'fold': 0, 'epoch': 50, 'train_loss': 0.0381355807185173, 'val_loss': 1.3664993047714233, 'test_acc': 0.7400000095367432}
{'fold': 0, 'epoch': 100, 'train_loss': 0.003200752893462777, 'val_loss': 1.6277602910995483, 'test_acc': 0.7400000095367432}
{'fold': 0, 'epoch': 150, 'train_loss': 0.002585646230727434, 'val_loss': 1.65728759765625, 'test_acc': 0.7200000286102295}
{'fold': 0, 'epoch': 200, 'train_loss': 0.0022022451739758253, 'val_loss': 1.6528681516647339, 'test_acc': 0.7200000286102295}
{'fold': 0, 'epoch': 250, 'train_loss': 0.0018839105032384396, 'val_loss': 1.6373790502548218, 'test_acc': 0.7200000286102295}
{'fold': 0, 'epoch': 300, 'train_loss': 0.001868750317953527, 'val_loss': 1.6207541227340698, 'test_acc': 0.7200000286102295}
{'fold': 0, 'epoch': 350, 'train_loss': 0.0011441893875598907, 'val_loss': 1.654115915298462, 'test_acc': 0.7200000286102295}
{'fold': 0, 'epoch': 400, 'train_loss': 0.0012329452438279986, 'val_loss': 1.6544157266616821, 'test_acc': 0.7200000286102295}
{'fold': 0, 'epoch': 450, 'train_loss': 0.0022928903345018625, 'val_loss': 1.6276768445968628, 'test_acc': 0.7200000286102295}
{'fold': 0, 'epoch': 500, 'train_loss': 0.0015105314087122679, 'val_loss': 1.6078649759292603, 'test_acc': 0.7200000286102295}
{'fold': 1, 'epoch': 50, 'train_loss': 0.04562901332974434, 'val_loss': 2.4954934120178223, 'test_acc': 0.7799999713897705}
{'fold': 1, 'epoch': 100, 'train_loss': 0.005823218263685703, 'val_loss': 2.728210210800171, 'test_acc': 0.7799999713897705}
{'fold': 1, 'epoch': 150, 'train_loss': 0.0067523205652832985, 'val_loss': 2.668789863586426, 'test_acc': 0.7599999904632568}
{'fold': 1, 'epoch': 200, 'train_loss': 0.00534166069701314, 'val_loss': 2.5990428924560547, 'test_acc': 0.800000011920929}
{'fold': 1, 'epoch': 250, 'train_loss': 0.0028107482939958572, 'val_loss': 2.5117902755737305, 'test_acc': 0.800000011920929}
{'fold': 1, 'epoch': 300, 'train_loss': 0.0021513046231120825, 'val_loss': 2.462751626968384, 'test_acc': 0.800000011920929}
{'fold': 1, 'epoch': 350, 'train_loss': 0.0021890553180128336, 'val_loss': 2.3510494232177734, 'test_acc': 0.7799999713897705}
{'fold': 1, 'epoch': 400, 'train_loss': 0.0021688647102564573, 'val_loss': 2.3590035438537598, 'test_acc': 0.800000011920929}
{'fold': 1, 'epoch': 450, 'train_loss': 0.003916069865226746, 'val_loss': 2.320678949356079, 'test_acc': 0.800000011920929}
{'fold': 1, 'epoch': 500, 'train_loss': 0.0020779746118932962, 'val_loss': 2.3080620765686035, 'test_acc': 0.800000011920929}
{'fold': 2, 'epoch': 50, 'train_loss': 0.03285198658704758, 'val_loss': 1.4588721990585327, 'test_acc': 0.8199999928474426}
{'fold': 2, 'epoch': 100, 'train_loss': 0.007506596855819225, 'val_loss': 1.6009331941604614, 'test_acc': 0.8199999928474426}
{'fold': 2, 'epoch': 150, 'train_loss': 0.0042086318135261536, 'val_loss': 1.5475887060165405, 'test_acc': 0.800000011920929}
{'fold': 2, 'epoch': 200, 'train_loss': 0.0024063941091299057, 'val_loss': 1.4750759601593018, 'test_acc': 0.800000011920929}
{'fold': 2, 'epoch': 250, 'train_loss': 0.0020201513543725014, 'val_loss': 1.4663065671920776, 'test_acc': 0.800000011920929}
{'fold': 2, 'epoch': 300, 'train_loss': 0.0026698382571339607, 'val_loss': 1.4551215171813965, 'test_acc': 0.800000011920929}
{'fold': 2, 'epoch': 350, 'train_loss': 0.0021476242691278458, 'val_loss': 1.3717875480651855, 'test_acc': 0.800000011920929}
{'fold': 2, 'epoch': 400, 'train_loss': 0.0017276002326980233, 'val_loss': 1.3626933097839355, 'test_acc': 0.800000011920929}
{'fold': 2, 'epoch': 450, 'train_loss': 0.0013654734939336777, 'val_loss': 1.4321972131729126, 'test_acc': 0.8399999737739563}
{'fold': 2, 'epoch': 500, 'train_loss': 0.003671115729957819, 'val_loss': 1.3606938123703003, 'test_acc': 0.8199999928474426}
{'fold': 3, 'epoch': 50, 'train_loss': 0.021644527092576027, 'val_loss': 1.1117241382598877, 'test_acc': 0.7400000095367432}
{'fold': 3, 'epoch': 100, 'train_loss': 0.008181133307516575, 'val_loss': 1.4588308334350586, 'test_acc': 0.7400000095367432}
{'fold': 3, 'epoch': 150, 'train_loss': 0.0047630672343075275, 'val_loss': 1.5001745223999023, 'test_acc': 0.7200000286102295}
{'fold': 3, 'epoch': 200, 'train_loss': 0.0029877852648496628, 'val_loss': 1.5323350429534912, 'test_acc': 0.699999988079071}
{'fold': 3, 'epoch': 250, 'train_loss': 0.0030065325554460287, 'val_loss': 1.4842525720596313, 'test_acc': 0.6800000071525574}
{'fold': 3, 'epoch': 300, 'train_loss': 0.002020289422944188, 'val_loss': 1.4591177701950073, 'test_acc': 0.6800000071525574}
{'fold': 3, 'epoch': 350, 'train_loss': 0.002182462252676487, 'val_loss': 1.4511277675628662, 'test_acc': 0.6800000071525574}
{'fold': 3, 'epoch': 400, 'train_loss': 0.002224187133833766, 'val_loss': 1.4608345031738281, 'test_acc': 0.6800000071525574}
{'fold': 3, 'epoch': 450, 'train_loss': 0.0019663136918097734, 'val_loss': 1.425899624824524, 'test_acc': 0.6600000262260437}
{'fold': 3, 'epoch': 500, 'train_loss': 0.003637057961896062, 'val_loss': 1.4598720073699951, 'test_acc': 0.6600000262260437}
{'fold': 4, 'epoch': 50, 'train_loss': 0.03573547676205635, 'val_loss': 1.8302432298660278, 'test_acc': 0.8600000143051147}
{'fold': 4, 'epoch': 100, 'train_loss': 0.007524400483816862, 'val_loss': 2.4991049766540527, 'test_acc': 0.8799999952316284}
{'fold': 4, 'epoch': 150, 'train_loss': 0.004649194423109293, 'val_loss': 2.543717622756958, 'test_acc': 0.8799999952316284}
{'fold': 4, 'epoch': 200, 'train_loss': 0.0029691008385270834, 'val_loss': 2.590914249420166, 'test_acc': 0.8799999952316284}
{'fold': 4, 'epoch': 250, 'train_loss': 0.002462247386574745, 'val_loss': 2.52675724029541, 'test_acc': 0.8799999952316284}
{'fold': 4, 'epoch': 300, 'train_loss': 0.001530098612420261, 'val_loss': 2.5242245197296143, 'test_acc': 0.8799999952316284}
{'fold': 4, 'epoch': 350, 'train_loss': 0.003217532066628337, 'val_loss': 2.5014164447784424, 'test_acc': 0.8799999952316284}
{'fold': 4, 'epoch': 400, 'train_loss': 0.001632541767321527, 'val_loss': 2.4675772190093994, 'test_acc': 0.8999999761581421}
{'fold': 4, 'epoch': 450, 'train_loss': 0.0016027354868128896, 'val_loss': 2.429471731185913, 'test_acc': 0.8999999761581421}
{'fold': 4, 'epoch': 500, 'train_loss': 0.0022638083901256323, 'val_loss': 2.471345901489258, 'test_acc': 0.8999999761581421}
{'fold': 5, 'epoch': 50, 'train_loss': 0.037367429584264755, 'val_loss': 0.6148151159286499, 'test_acc': 0.8199999928474426}
{'fold': 5, 'epoch': 100, 'train_loss': 0.010557092726230621, 'val_loss': 0.8056646585464478, 'test_acc': 0.8600000143051147}
{'fold': 5, 'epoch': 150, 'train_loss': 0.005593498703092337, 'val_loss': 0.8024355173110962, 'test_acc': 0.8799999952316284}
{'fold': 5, 'epoch': 200, 'train_loss': 0.0025132866576313972, 'val_loss': 0.7772049903869629, 'test_acc': 0.8600000143051147}
{'fold': 5, 'epoch': 250, 'train_loss': 0.0023016834165900946, 'val_loss': 0.7574805617332458, 'test_acc': 0.8600000143051147}
{'fold': 5, 'epoch': 300, 'train_loss': 0.0037052088882774115, 'val_loss': 0.730956494808197, 'test_acc': 0.8600000143051147}
{'fold': 5, 'epoch': 350, 'train_loss': 0.0014977440005168319, 'val_loss': 0.7431071400642395, 'test_acc': 0.8600000143051147}
{'fold': 5, 'epoch': 400, 'train_loss': 0.0016598815564066172, 'val_loss': 0.7879896759986877, 'test_acc': 0.8600000143051147}
{'fold': 5, 'epoch': 450, 'train_loss': 0.00249712192453444, 'val_loss': 0.7628317475318909, 'test_acc': 0.8600000143051147}
{'fold': 5, 'epoch': 500, 'train_loss': 0.002483231481164694, 'val_loss': 0.7362377643585205, 'test_acc': 0.8799999952316284}
{'fold': 6, 'epoch': 50, 'train_loss': 0.04736482352018356, 'val_loss': 0.6923356652259827, 'test_acc': 0.7755101919174194}
{'fold': 6, 'epoch': 100, 'train_loss': 0.013462340459227562, 'val_loss': 0.9753109216690063, 'test_acc': 0.7755101919174194}
{'fold': 6, 'epoch': 150, 'train_loss': 0.007624775171279907, 'val_loss': 1.0012990236282349, 'test_acc': 0.795918345451355}
{'fold': 6, 'epoch': 200, 'train_loss': 0.006110071204602718, 'val_loss': 1.1233429908752441, 'test_acc': 0.795918345451355}
{'fold': 6, 'epoch': 250, 'train_loss': 0.00467964680865407, 'val_loss': 1.0705344676971436, 'test_acc': 0.795918345451355}
{'fold': 6, 'epoch': 300, 'train_loss': 0.00293685682117939, 'val_loss': 1.0643125772476196, 'test_acc': 0.795918345451355}
{'fold': 6, 'epoch': 350, 'train_loss': 0.004807027988135815, 'val_loss': 1.0302517414093018, 'test_acc': 0.7755101919174194}
{'fold': 6, 'epoch': 400, 'train_loss': 0.002769451355561614, 'val_loss': 1.0040785074234009, 'test_acc': 0.7551020383834839}
{'fold': 6, 'epoch': 450, 'train_loss': 0.0031236931681632996, 'val_loss': 0.9787638783454895, 'test_acc': 0.795918345451355}
{'fold': 6, 'epoch': 500, 'train_loss': 0.003231661394238472, 'val_loss': 0.9552047252655029, 'test_acc': 0.7551020383834839}
{'fold': 7, 'epoch': 50, 'train_loss': 0.029016776010394096, 'val_loss': 0.7521330118179321, 'test_acc': 0.7755101919174194}
{'fold': 7, 'epoch': 100, 'train_loss': 0.004757639952003956, 'val_loss': 0.9740201234817505, 'test_acc': 0.7551020383834839}
{'fold': 7, 'epoch': 150, 'train_loss': 0.0038695083931088448, 'val_loss': 1.0326634645462036, 'test_acc': 0.7755101919174194}
{'fold': 7, 'epoch': 200, 'train_loss': 0.003756132908165455, 'val_loss': 0.9779443740844727, 'test_acc': 0.8163265585899353}
{'fold': 7, 'epoch': 250, 'train_loss': 0.004731356631964445, 'val_loss': 0.9137123823165894, 'test_acc': 0.795918345451355}
{'fold': 7, 'epoch': 300, 'train_loss': 0.0030819124076515436, 'val_loss': 0.9569692611694336, 'test_acc': 0.795918345451355}
{'fold': 7, 'epoch': 350, 'train_loss': 0.003263235790655017, 'val_loss': 0.9220947027206421, 'test_acc': 0.8163265585899353}
{'fold': 7, 'epoch': 400, 'train_loss': 0.004345834720879793, 'val_loss': 0.9170287847518921, 'test_acc': 0.8163265585899353}
{'fold': 7, 'epoch': 450, 'train_loss': 0.0022973772138357162, 'val_loss': 0.8869258165359497, 'test_acc': 0.8163265585899353}
{'fold': 7, 'epoch': 500, 'train_loss': 0.0019494442967697978, 'val_loss': 0.9411460161209106, 'test_acc': 0.795918345451355}
{'fold': 8, 'epoch': 50, 'train_loss': 0.03450976312160492, 'val_loss': 0.9869285225868225, 'test_acc': 0.8367347121238708}
{'fold': 8, 'epoch': 100, 'train_loss': 0.007631141226738691, 'val_loss': 1.4038857221603394, 'test_acc': 0.8367347121238708}
{'fold': 8, 'epoch': 150, 'train_loss': 0.00472983717918396, 'val_loss': 1.4081727266311646, 'test_acc': 0.8367347121238708}
{'fold': 8, 'epoch': 200, 'train_loss': 0.004571753554046154, 'val_loss': 1.363145351409912, 'test_acc': 0.8367347121238708}
{'fold': 8, 'epoch': 250, 'train_loss': 0.0038202793803066015, 'val_loss': 1.4158176183700562, 'test_acc': 0.8571428656578064}
{'fold': 8, 'epoch': 300, 'train_loss': 0.00301957200281322, 'val_loss': 1.3099160194396973, 'test_acc': 0.8571428656578064}
{'fold': 8, 'epoch': 350, 'train_loss': 0.0018526908243075013, 'val_loss': 1.351249098777771, 'test_acc': 0.8571428656578064}
{'fold': 8, 'epoch': 400, 'train_loss': 0.0023084059357643127, 'val_loss': 1.3290505409240723, 'test_acc': 0.8571428656578064}
{'fold': 8, 'epoch': 450, 'train_loss': 0.002062474377453327, 'val_loss': 1.3247872591018677, 'test_acc': 0.8571428656578064}
{'fold': 8, 'epoch': 500, 'train_loss': 0.001820940524339676, 'val_loss': 1.3458250761032104, 'test_acc': 0.8571428656578064}
{'fold': 9, 'epoch': 50, 'train_loss': 0.023746473714709282, 'val_loss': 0.7779577374458313, 'test_acc': 0.795918345451355}
{'fold': 9, 'epoch': 100, 'train_loss': 0.0030702026560902596, 'val_loss': 0.9103055596351624, 'test_acc': 0.7755101919174194}
{'fold': 9, 'epoch': 150, 'train_loss': 0.002712725894525647, 'val_loss': 0.9071304798126221, 'test_acc': 0.795918345451355}
{'fold': 9, 'epoch': 200, 'train_loss': 0.0018272686284035444, 'val_loss': 0.8704628944396973, 'test_acc': 0.7755101919174194}
{'fold': 9, 'epoch': 250, 'train_loss': 0.0028394723776727915, 'val_loss': 0.8409830331802368, 'test_acc': 0.7755101919174194}
{'fold': 9, 'epoch': 300, 'train_loss': 0.0015739344526082277, 'val_loss': 0.7370219230651855, 'test_acc': 0.795918345451355}
{'fold': 9, 'epoch': 350, 'train_loss': 0.0022428687661886215, 'val_loss': 0.7175005078315735, 'test_acc': 0.795918345451355}
{'fold': 9, 'epoch': 400, 'train_loss': 0.002200967399403453, 'val_loss': 0.774196207523346, 'test_acc': 0.795918345451355}
{'fold': 9, 'epoch': 450, 'train_loss': 0.0016640956746414304, 'val_loss': 0.7897707223892212, 'test_acc': 0.795918345451355}
{'fold': 9, 'epoch': 500, 'train_loss': 0.0020315120927989483, 'val_loss': 0.8056065440177917, 'test_acc': 0.795918345451355}
Val Loss: 0.6630, Test Accuracy: 0.799 +/- 0.064, Duration: 49.411
Model(5) results: accuracy=0.799, std=0.064, n_layers=3, n_hidden=128
Best Model(2) results: accuracy=0.811, std=0.058, n_layers=2, n_hidden=128

--
GCN(0): accuracy=0.796, std=0.051, n_layers=2, n_hidden=32
GCN(1): accuracy=0.821, std=0.062, n_layers=2, n_hidden=64
GCN(2): accuracy=0.811, std=0.058, n_layers=2, n_hidden=128
GCN(3): accuracy=0.782, std=0.047, n_layers=3, n_hidden=32
GCN(4): accuracy=0.815, std=0.048, n_layers=3, n_hidden=64
GCN(5): accuracy=0.799, std=0.064, n_layers=3, n_hidden=128
(2480, 1390)
