# Run(52) parameters:
	n_epochs=100,
	lr=0.001,
	lr_decay=0.8,
	weight_decay=0.0005,
	cv_layers=[2],
	cv_hiddens=[16, 32, 64, 128],
	cv_models=<class 'models.GCN'>

# Evaluating model(0): n_layers=2, n_hidden=16
{'fold': 0, 'epoch': 10, 'train_loss': 1.9352595806121826, 'val_loss': 1.9347087144851685, 'test_acc': 0.05999999865889549}
{'fold': 0, 'epoch': 20, 'train_loss': 1.8998041152954102, 'val_loss': 1.9035102128982544, 'test_acc': 0.2199999988079071}
{'fold': 0, 'epoch': 30, 'train_loss': 1.854243278503418, 'val_loss': 1.8614802360534668, 'test_acc': 0.3799999952316284}
{'fold': 0, 'epoch': 40, 'train_loss': 1.7767094373703003, 'val_loss': 1.8104864358901978, 'test_acc': 0.3799999952316284}
{'fold': 0, 'epoch': 50, 'train_loss': 1.7296451330184937, 'val_loss': 1.7429814338684082, 'test_acc': 0.3799999952316284}
{'fold': 0, 'epoch': 60, 'train_loss': 1.6510030031204224, 'val_loss': 1.6759952306747437, 'test_acc': 0.3799999952316284}
{'fold': 0, 'epoch': 70, 'train_loss': 1.5745468139648438, 'val_loss': 1.601794958114624, 'test_acc': 0.41999998688697815}
{'fold': 0, 'epoch': 80, 'train_loss': 1.50950026512146, 'val_loss': 1.5335407257080078, 'test_acc': 0.41999998688697815}
{'fold': 0, 'epoch': 90, 'train_loss': 1.4615418910980225, 'val_loss': 1.473568081855774, 'test_acc': 0.41999998688697815}
{'fold': 0, 'epoch': 100, 'train_loss': 1.3997241258621216, 'val_loss': 1.4154052734375, 'test_acc': 0.4399999976158142}
{'fold': 1, 'epoch': 10, 'train_loss': 1.9137358665466309, 'val_loss': 1.9184156656265259, 'test_acc': 0.2800000011920929}
{'fold': 1, 'epoch': 20, 'train_loss': 1.89573335647583, 'val_loss': 1.9017170667648315, 'test_acc': 0.2800000011920929}
{'fold': 1, 'epoch': 30, 'train_loss': 1.8746322393417358, 'val_loss': 1.8843286037445068, 'test_acc': 0.2800000011920929}
{'fold': 1, 'epoch': 40, 'train_loss': 1.852317452430725, 'val_loss': 1.865095853805542, 'test_acc': 0.2800000011920929}
{'fold': 1, 'epoch': 50, 'train_loss': 1.815691351890564, 'val_loss': 1.8389952182769775, 'test_acc': 0.2800000011920929}
{'fold': 1, 'epoch': 60, 'train_loss': 1.7758724689483643, 'val_loss': 1.8101664781570435, 'test_acc': 0.2800000011920929}
{'fold': 1, 'epoch': 70, 'train_loss': 1.727204442024231, 'val_loss': 1.7732412815093994, 'test_acc': 0.2800000011920929}
{'fold': 1, 'epoch': 80, 'train_loss': 1.653661847114563, 'val_loss': 1.7334274053573608, 'test_acc': 0.2800000011920929}
{'fold': 1, 'epoch': 90, 'train_loss': 1.614188551902771, 'val_loss': 1.6946743726730347, 'test_acc': 0.2800000011920929}
{'fold': 1, 'epoch': 100, 'train_loss': 1.559354543685913, 'val_loss': 1.6532858610153198, 'test_acc': 0.2800000011920929}
{'fold': 2, 'epoch': 10, 'train_loss': 1.9115064144134521, 'val_loss': 1.9029484987258911, 'test_acc': 0.18000000715255737}
{'fold': 2, 'epoch': 20, 'train_loss': 1.854374885559082, 'val_loss': 1.8538143634796143, 'test_acc': 0.3400000035762787}
{'fold': 2, 'epoch': 30, 'train_loss': 1.8019018173217773, 'val_loss': 1.7912509441375732, 'test_acc': 0.30000001192092896}
{'fold': 2, 'epoch': 40, 'train_loss': 1.7080625295639038, 'val_loss': 1.7255041599273682, 'test_acc': 0.3199999928474426}
{'fold': 2, 'epoch': 50, 'train_loss': 1.6657053232192993, 'val_loss': 1.6578266620635986, 'test_acc': 0.3400000035762787}
{'fold': 2, 'epoch': 60, 'train_loss': 1.5908794403076172, 'val_loss': 1.6071760654449463, 'test_acc': 0.3400000035762787}
{'fold': 2, 'epoch': 70, 'train_loss': 1.5069760084152222, 'val_loss': 1.5585730075836182, 'test_acc': 0.3799999952316284}
{'fold': 2, 'epoch': 80, 'train_loss': 1.465366244316101, 'val_loss': 1.5151880979537964, 'test_acc': 0.46000000834465027}
{'fold': 2, 'epoch': 90, 'train_loss': 1.4148800373077393, 'val_loss': 1.4768345355987549, 'test_acc': 0.5}
{'fold': 2, 'epoch': 100, 'train_loss': 1.400799036026001, 'val_loss': 1.4384210109710693, 'test_acc': 0.5400000214576721}
{'fold': 3, 'epoch': 10, 'train_loss': 1.9675629138946533, 'val_loss': 1.9671990871429443, 'test_acc': 0.14000000059604645}
{'fold': 3, 'epoch': 20, 'train_loss': 1.9427051544189453, 'val_loss': 1.9433625936508179, 'test_acc': 0.1599999964237213}
{'fold': 3, 'epoch': 30, 'train_loss': 1.9089328050613403, 'val_loss': 1.9132694005966187, 'test_acc': 0.2800000011920929}
{'fold': 3, 'epoch': 40, 'train_loss': 1.8679429292678833, 'val_loss': 1.8769036531448364, 'test_acc': 0.2800000011920929}
{'fold': 3, 'epoch': 50, 'train_loss': 1.8124445676803589, 'val_loss': 1.8274520635604858, 'test_acc': 0.3199999928474426}
{'fold': 3, 'epoch': 60, 'train_loss': 1.7522921562194824, 'val_loss': 1.7734198570251465, 'test_acc': 0.3199999928474426}
{'fold': 3, 'epoch': 70, 'train_loss': 1.6879923343658447, 'val_loss': 1.7056288719177246, 'test_acc': 0.3400000035762787}
{'fold': 3, 'epoch': 80, 'train_loss': 1.6078442335128784, 'val_loss': 1.6335492134094238, 'test_acc': 0.5}
{'fold': 3, 'epoch': 90, 'train_loss': 1.541853904724121, 'val_loss': 1.5641775131225586, 'test_acc': 0.5199999809265137}
{'fold': 3, 'epoch': 100, 'train_loss': 1.449140191078186, 'val_loss': 1.4933140277862549, 'test_acc': 0.5400000214576721}
{'fold': 4, 'epoch': 10, 'train_loss': 1.9415209293365479, 'val_loss': 1.9472434520721436, 'test_acc': 0.1599999964237213}
{'fold': 4, 'epoch': 20, 'train_loss': 1.9211037158966064, 'val_loss': 1.9232689142227173, 'test_acc': 0.36000001430511475}
{'fold': 4, 'epoch': 30, 'train_loss': 1.8807651996612549, 'val_loss': 1.8925701379776, 'test_acc': 0.3799999952316284}
{'fold': 4, 'epoch': 40, 'train_loss': 1.8355275392532349, 'val_loss': 1.8543950319290161, 'test_acc': 0.3799999952316284}
{'fold': 4, 'epoch': 50, 'train_loss': 1.7829798460006714, 'val_loss': 1.8030695915222168, 'test_acc': 0.46000000834465027}
{'fold': 4, 'epoch': 60, 'train_loss': 1.7198587656021118, 'val_loss': 1.7480804920196533, 'test_acc': 0.46000000834465027}
{'fold': 4, 'epoch': 70, 'train_loss': 1.6384449005126953, 'val_loss': 1.6823748350143433, 'test_acc': 0.46000000834465027}
{'fold': 4, 'epoch': 80, 'train_loss': 1.5551421642303467, 'val_loss': 1.6171424388885498, 'test_acc': 0.47999998927116394}
{'fold': 4, 'epoch': 90, 'train_loss': 1.4955224990844727, 'val_loss': 1.5570651292800903, 'test_acc': 0.47999998927116394}
{'fold': 4, 'epoch': 100, 'train_loss': 1.4550197124481201, 'val_loss': 1.4961503744125366, 'test_acc': 0.5}
{'fold': 5, 'epoch': 10, 'train_loss': 1.9751408100128174, 'val_loss': 1.9737292528152466, 'test_acc': 0.14000000059604645}
{'fold': 5, 'epoch': 20, 'train_loss': 1.9562921524047852, 'val_loss': 1.9560937881469727, 'test_acc': 0.14000000059604645}
{'fold': 5, 'epoch': 30, 'train_loss': 1.9354606866836548, 'val_loss': 1.934786081314087, 'test_acc': 0.14000000059604645}
{'fold': 5, 'epoch': 40, 'train_loss': 1.905692458152771, 'val_loss': 1.9084004163742065, 'test_acc': 0.20000000298023224}
{'fold': 5, 'epoch': 50, 'train_loss': 1.8776861429214478, 'val_loss': 1.870314598083496, 'test_acc': 0.3400000035762787}
{'fold': 5, 'epoch': 60, 'train_loss': 1.8215752840042114, 'val_loss': 1.8309370279312134, 'test_acc': 0.4000000059604645}
{'fold': 5, 'epoch': 70, 'train_loss': 1.7861981391906738, 'val_loss': 1.7834527492523193, 'test_acc': 0.4000000059604645}
{'fold': 5, 'epoch': 80, 'train_loss': 1.7289319038391113, 'val_loss': 1.733422875404358, 'test_acc': 0.4000000059604645}
{'fold': 5, 'epoch': 90, 'train_loss': 1.7014470100402832, 'val_loss': 1.6847878694534302, 'test_acc': 0.41999998688697815}
{'fold': 5, 'epoch': 100, 'train_loss': 1.6370134353637695, 'val_loss': 1.6361349821090698, 'test_acc': 0.4399999976158142}
{'fold': 6, 'epoch': 10, 'train_loss': 1.956079125404358, 'val_loss': 1.9505136013031006, 'test_acc': 0.2448979616165161}
{'fold': 6, 'epoch': 20, 'train_loss': 1.9224209785461426, 'val_loss': 1.9159018993377686, 'test_acc': 0.2857142984867096}
{'fold': 6, 'epoch': 30, 'train_loss': 1.8677600622177124, 'val_loss': 1.8734337091445923, 'test_acc': 0.4693877696990967}
{'fold': 6, 'epoch': 40, 'train_loss': 1.822727918624878, 'val_loss': 1.8217129707336426, 'test_acc': 0.4897959232330322}
{'fold': 6, 'epoch': 50, 'train_loss': 1.7545180320739746, 'val_loss': 1.7536700963974, 'test_acc': 0.44897958636283875}
{'fold': 6, 'epoch': 60, 'train_loss': 1.6589075326919556, 'val_loss': 1.6845271587371826, 'test_acc': 0.44897958636283875}
{'fold': 6, 'epoch': 70, 'train_loss': 1.5844391584396362, 'val_loss': 1.6044378280639648, 'test_acc': 0.4693877696990967}
{'fold': 6, 'epoch': 80, 'train_loss': 1.5123252868652344, 'val_loss': 1.5262473821640015, 'test_acc': 0.5102040767669678}
{'fold': 6, 'epoch': 90, 'train_loss': 1.3992397785186768, 'val_loss': 1.4537981748580933, 'test_acc': 0.5510203838348389}
{'fold': 6, 'epoch': 100, 'train_loss': 1.3784608840942383, 'val_loss': 1.380496621131897, 'test_acc': 0.5510203838348389}
{'fold': 7, 'epoch': 10, 'train_loss': 1.9751743078231812, 'val_loss': 1.9691017866134644, 'test_acc': 0.2448979616165161}
{'fold': 7, 'epoch': 20, 'train_loss': 1.940178394317627, 'val_loss': 1.9431767463684082, 'test_acc': 0.22448979318141937}
{'fold': 7, 'epoch': 30, 'train_loss': 1.914435625076294, 'val_loss': 1.9179391860961914, 'test_acc': 0.22448979318141937}
{'fold': 7, 'epoch': 40, 'train_loss': 1.8833619356155396, 'val_loss': 1.8907654285430908, 'test_acc': 0.22448979318141937}
{'fold': 7, 'epoch': 50, 'train_loss': 1.832360863685608, 'val_loss': 1.855308175086975, 'test_acc': 0.22448979318141937}
{'fold': 7, 'epoch': 60, 'train_loss': 1.8043159246444702, 'val_loss': 1.8207921981811523, 'test_acc': 0.22448979318141937}
{'fold': 7, 'epoch': 70, 'train_loss': 1.7421960830688477, 'val_loss': 1.7789465188980103, 'test_acc': 0.22448979318141937}
{'fold': 7, 'epoch': 80, 'train_loss': 1.658342957496643, 'val_loss': 1.7342087030410767, 'test_acc': 0.22448979318141937}
{'fold': 7, 'epoch': 90, 'train_loss': 1.6194579601287842, 'val_loss': 1.690323829650879, 'test_acc': 0.2448979616165161}
{'fold': 7, 'epoch': 100, 'train_loss': 1.5781055688858032, 'val_loss': 1.6421207189559937, 'test_acc': 0.3469387888908386}
{'fold': 8, 'epoch': 10, 'train_loss': 1.9688774347305298, 'val_loss': 1.9658961296081543, 'test_acc': 0.040816325694322586}
{'fold': 8, 'epoch': 20, 'train_loss': 1.9493210315704346, 'val_loss': 1.9395440816879272, 'test_acc': 0.040816325694322586}
{'fold': 8, 'epoch': 30, 'train_loss': 1.9169896841049194, 'val_loss': 1.9088118076324463, 'test_acc': 0.12244898080825806}
{'fold': 8, 'epoch': 40, 'train_loss': 1.890129566192627, 'val_loss': 1.8721730709075928, 'test_acc': 0.4285714328289032}
{'fold': 8, 'epoch': 50, 'train_loss': 1.8334916830062866, 'val_loss': 1.8241342306137085, 'test_acc': 0.36734694242477417}
{'fold': 8, 'epoch': 60, 'train_loss': 1.7975142002105713, 'val_loss': 1.7752043008804321, 'test_acc': 0.3469387888908386}
{'fold': 8, 'epoch': 70, 'train_loss': 1.7677357196807861, 'val_loss': 1.7214075326919556, 'test_acc': 0.3469387888908386}
{'fold': 8, 'epoch': 80, 'train_loss': 1.7176578044891357, 'val_loss': 1.67125403881073, 'test_acc': 0.36734694242477417}
{'fold': 8, 'epoch': 90, 'train_loss': 1.6744672060012817, 'val_loss': 1.6268726587295532, 'test_acc': 0.36734694242477417}
{'fold': 8, 'epoch': 100, 'train_loss': 1.649427890777588, 'val_loss': 1.582902193069458, 'test_acc': 0.36734694242477417}
{'fold': 9, 'epoch': 10, 'train_loss': 1.9700590372085571, 'val_loss': 1.9657843112945557, 'test_acc': 0.16326530277729034}
{'fold': 9, 'epoch': 20, 'train_loss': 1.930681586265564, 'val_loss': 1.9239507913589478, 'test_acc': 0.18367347121238708}
{'fold': 9, 'epoch': 30, 'train_loss': 1.888553500175476, 'val_loss': 1.8692371845245361, 'test_acc': 0.22448979318141937}
{'fold': 9, 'epoch': 40, 'train_loss': 1.8241500854492188, 'val_loss': 1.8046793937683105, 'test_acc': 0.40816327929496765}
{'fold': 9, 'epoch': 50, 'train_loss': 1.7534699440002441, 'val_loss': 1.726477026939392, 'test_acc': 0.3265306055545807}
{'fold': 9, 'epoch': 60, 'train_loss': 1.7433091402053833, 'val_loss': 1.659507155418396, 'test_acc': 0.3265306055545807}
{'fold': 9, 'epoch': 70, 'train_loss': 1.6452888250350952, 'val_loss': 1.5921066999435425, 'test_acc': 0.4693877696990967}
{'fold': 9, 'epoch': 80, 'train_loss': 1.60435950756073, 'val_loss': 1.5270928144454956, 'test_acc': 0.4693877696990967}
{'fold': 9, 'epoch': 90, 'train_loss': 1.5140970945358276, 'val_loss': 1.4709560871124268, 'test_acc': 0.4897959232330322}
{'fold': 9, 'epoch': 100, 'train_loss': 1.4723939895629883, 'val_loss': 1.4161083698272705, 'test_acc': 0.5102040767669678}
Val Loss: 1.5154, Test Accuracy: 0.452 +/- 0.094, Duration: 3.905
Model(0) results: accuracy=0.452, std=0.094, n_layers=2, n_hidden=16
Best Model(0) results: accuracy=0.452, std=0.094, n_layers=2, n_hidden=16

# Evaluating model(1): n_layers=2, n_hidden=32
{'fold': 0, 'epoch': 10, 'train_loss': 1.9083830118179321, 'val_loss': 1.9010010957717896, 'test_acc': 0.2800000011920929}
{'fold': 0, 'epoch': 20, 'train_loss': 1.8749332427978516, 'val_loss': 1.8619836568832397, 'test_acc': 0.2800000011920929}
{'fold': 0, 'epoch': 30, 'train_loss': 1.8013546466827393, 'val_loss': 1.7918503284454346, 'test_acc': 0.30000001192092896}
{'fold': 0, 'epoch': 40, 'train_loss': 1.7075488567352295, 'val_loss': 1.6900142431259155, 'test_acc': 0.36000001430511475}
{'fold': 0, 'epoch': 50, 'train_loss': 1.5777913331985474, 'val_loss': 1.5581766366958618, 'test_acc': 0.36000001430511475}
{'fold': 0, 'epoch': 60, 'train_loss': 1.4600796699523926, 'val_loss': 1.4446278810501099, 'test_acc': 0.41999998688697815}
{'fold': 0, 'epoch': 70, 'train_loss': 1.3096674680709839, 'val_loss': 1.3227771520614624, 'test_acc': 0.5799999833106995}
{'fold': 0, 'epoch': 80, 'train_loss': 1.2313551902770996, 'val_loss': 1.211025357246399, 'test_acc': 0.6399999856948853}
{'fold': 0, 'epoch': 90, 'train_loss': 1.0869289636611938, 'val_loss': 1.113471269607544, 'test_acc': 0.6399999856948853}
{'fold': 0, 'epoch': 100, 'train_loss': 0.9808265566825867, 'val_loss': 1.025939702987671, 'test_acc': 0.6200000047683716}
{'fold': 1, 'epoch': 10, 'train_loss': 1.9268620014190674, 'val_loss': 1.9249444007873535, 'test_acc': 0.18000000715255737}
{'fold': 1, 'epoch': 20, 'train_loss': 1.8799939155578613, 'val_loss': 1.8883854150772095, 'test_acc': 0.4399999976158142}
{'fold': 1, 'epoch': 30, 'train_loss': 1.7903543710708618, 'val_loss': 1.8268160820007324, 'test_acc': 0.5600000023841858}
{'fold': 1, 'epoch': 40, 'train_loss': 1.668677568435669, 'val_loss': 1.7350932359695435, 'test_acc': 0.5600000023841858}
{'fold': 1, 'epoch': 50, 'train_loss': 1.4761320352554321, 'val_loss': 1.6021673679351807, 'test_acc': 0.6200000047683716}
{'fold': 1, 'epoch': 60, 'train_loss': 1.315144658088684, 'val_loss': 1.477728247642517, 'test_acc': 0.6399999856948853}
{'fold': 1, 'epoch': 70, 'train_loss': 1.1349328756332397, 'val_loss': 1.3597412109375, 'test_acc': 0.6600000262260437}
{'fold': 1, 'epoch': 80, 'train_loss': 1.02003812789917, 'val_loss': 1.2694252729415894, 'test_acc': 0.6800000071525574}
{'fold': 1, 'epoch': 90, 'train_loss': 0.884063184261322, 'val_loss': 1.2064826488494873, 'test_acc': 0.7200000286102295}
{'fold': 1, 'epoch': 100, 'train_loss': 0.7937516570091248, 'val_loss': 1.1602708101272583, 'test_acc': 0.7400000095367432}
{'fold': 2, 'epoch': 10, 'train_loss': 1.9188807010650635, 'val_loss': 1.9162312746047974, 'test_acc': 0.2800000011920929}
{'fold': 2, 'epoch': 20, 'train_loss': 1.860361099243164, 'val_loss': 1.8616149425506592, 'test_acc': 0.4399999976158142}
{'fold': 2, 'epoch': 30, 'train_loss': 1.7707056999206543, 'val_loss': 1.780603289604187, 'test_acc': 0.4399999976158142}
{'fold': 2, 'epoch': 40, 'train_loss': 1.6691287755966187, 'val_loss': 1.6781456470489502, 'test_acc': 0.46000000834465027}
{'fold': 2, 'epoch': 50, 'train_loss': 1.5173234939575195, 'val_loss': 1.5494762659072876, 'test_acc': 0.5}
{'fold': 2, 'epoch': 60, 'train_loss': 1.366072177886963, 'val_loss': 1.4372297525405884, 'test_acc': 0.5199999809265137}
{'fold': 2, 'epoch': 70, 'train_loss': 1.2730003595352173, 'val_loss': 1.3204810619354248, 'test_acc': 0.5400000214576721}
{'fold': 2, 'epoch': 80, 'train_loss': 1.1583216190338135, 'val_loss': 1.2222001552581787, 'test_acc': 0.6200000047683716}
{'fold': 2, 'epoch': 90, 'train_loss': 1.0229864120483398, 'val_loss': 1.1353074312210083, 'test_acc': 0.6600000262260437}
{'fold': 2, 'epoch': 100, 'train_loss': 0.9828909039497375, 'val_loss': 1.0558370351791382, 'test_acc': 0.7400000095367432}
{'fold': 3, 'epoch': 10, 'train_loss': 1.904582142829895, 'val_loss': 1.8996319770812988, 'test_acc': 0.14000000059604645}
{'fold': 3, 'epoch': 20, 'train_loss': 1.8458586931228638, 'val_loss': 1.8472858667373657, 'test_acc': 0.4399999976158142}
{'fold': 3, 'epoch': 30, 'train_loss': 1.75005304813385, 'val_loss': 1.753373384475708, 'test_acc': 0.4000000059604645}
{'fold': 3, 'epoch': 40, 'train_loss': 1.6133943796157837, 'val_loss': 1.6176583766937256, 'test_acc': 0.41999998688697815}
{'fold': 3, 'epoch': 50, 'train_loss': 1.4582862854003906, 'val_loss': 1.4453513622283936, 'test_acc': 0.4399999976158142}
{'fold': 3, 'epoch': 60, 'train_loss': 1.3086405992507935, 'val_loss': 1.3034913539886475, 'test_acc': 0.5400000214576721}
{'fold': 3, 'epoch': 70, 'train_loss': 1.1600456237792969, 'val_loss': 1.1709314584732056, 'test_acc': 0.6200000047683716}
{'fold': 3, 'epoch': 80, 'train_loss': 1.037213683128357, 'val_loss': 1.0627638101577759, 'test_acc': 0.6200000047683716}
{'fold': 3, 'epoch': 90, 'train_loss': 0.9346849322319031, 'val_loss': 0.9757987260818481, 'test_acc': 0.6399999856948853}
{'fold': 3, 'epoch': 100, 'train_loss': 0.8579359650611877, 'val_loss': 0.895841658115387, 'test_acc': 0.6800000071525574}
{'fold': 4, 'epoch': 10, 'train_loss': 1.9195553064346313, 'val_loss': 1.928200125694275, 'test_acc': 0.3400000035762787}
{'fold': 4, 'epoch': 20, 'train_loss': 1.863822340965271, 'val_loss': 1.8862016201019287, 'test_acc': 0.2800000011920929}
{'fold': 4, 'epoch': 30, 'train_loss': 1.7941641807556152, 'val_loss': 1.81720769405365, 'test_acc': 0.2800000011920929}
{'fold': 4, 'epoch': 40, 'train_loss': 1.6620573997497559, 'val_loss': 1.7214454412460327, 'test_acc': 0.36000001430511475}
{'fold': 4, 'epoch': 50, 'train_loss': 1.5108174085617065, 'val_loss': 1.602632999420166, 'test_acc': 0.5}
{'fold': 4, 'epoch': 60, 'train_loss': 1.3595359325408936, 'val_loss': 1.5059080123901367, 'test_acc': 0.6000000238418579}
{'fold': 4, 'epoch': 70, 'train_loss': 1.2428956031799316, 'val_loss': 1.4175231456756592, 'test_acc': 0.6399999856948853}
{'fold': 4, 'epoch': 80, 'train_loss': 1.0913093090057373, 'val_loss': 1.3372465372085571, 'test_acc': 0.699999988079071}
{'fold': 4, 'epoch': 90, 'train_loss': 0.9904986023902893, 'val_loss': 1.2625542879104614, 'test_acc': 0.7200000286102295}
{'fold': 4, 'epoch': 100, 'train_loss': 0.8787657618522644, 'val_loss': 1.1919530630111694, 'test_acc': 0.7799999713897705}
{'fold': 5, 'epoch': 10, 'train_loss': 1.9332200288772583, 'val_loss': 1.9352355003356934, 'test_acc': 0.1599999964237213}
{'fold': 5, 'epoch': 20, 'train_loss': 1.8634228706359863, 'val_loss': 1.8712109327316284, 'test_acc': 0.23999999463558197}
{'fold': 5, 'epoch': 30, 'train_loss': 1.7462714910507202, 'val_loss': 1.761946439743042, 'test_acc': 0.47999998927116394}
{'fold': 5, 'epoch': 40, 'train_loss': 1.5963654518127441, 'val_loss': 1.6187390089035034, 'test_acc': 0.5400000214576721}
{'fold': 5, 'epoch': 50, 'train_loss': 1.4048776626586914, 'val_loss': 1.4448738098144531, 'test_acc': 0.5199999809265137}
{'fold': 5, 'epoch': 60, 'train_loss': 1.28059983253479, 'val_loss': 1.3013709783554077, 'test_acc': 0.5199999809265137}
{'fold': 5, 'epoch': 70, 'train_loss': 1.137017011642456, 'val_loss': 1.1680035591125488, 'test_acc': 0.5799999833106995}
{'fold': 5, 'epoch': 80, 'train_loss': 1.020128607749939, 'val_loss': 1.0605591535568237, 'test_acc': 0.6200000047683716}
{'fold': 5, 'epoch': 90, 'train_loss': 0.9466695189476013, 'val_loss': 0.9770506024360657, 'test_acc': 0.7400000095367432}
{'fold': 5, 'epoch': 100, 'train_loss': 0.8433554172515869, 'val_loss': 0.9049314856529236, 'test_acc': 0.7599999904632568}
{'fold': 6, 'epoch': 10, 'train_loss': 1.9123321771621704, 'val_loss': 1.9114936590194702, 'test_acc': 0.18367347121238708}
{'fold': 6, 'epoch': 20, 'train_loss': 1.86721932888031, 'val_loss': 1.8604388236999512, 'test_acc': 0.4693877696990967}
{'fold': 6, 'epoch': 30, 'train_loss': 1.7699846029281616, 'val_loss': 1.7772903442382812, 'test_acc': 0.44897958636283875}
{'fold': 6, 'epoch': 40, 'train_loss': 1.6398085355758667, 'val_loss': 1.6581448316574097, 'test_acc': 0.4693877696990967}
{'fold': 6, 'epoch': 50, 'train_loss': 1.5036391019821167, 'val_loss': 1.5023654699325562, 'test_acc': 0.5510203838348389}
{'fold': 6, 'epoch': 60, 'train_loss': 1.3634032011032104, 'val_loss': 1.3634469509124756, 'test_acc': 0.5918367505073547}
{'fold': 6, 'epoch': 70, 'train_loss': 1.2127190828323364, 'val_loss': 1.2234410047531128, 'test_acc': 0.6122449040412903}
{'fold': 6, 'epoch': 80, 'train_loss': 1.0643341541290283, 'val_loss': 1.0936998128890991, 'test_acc': 0.6326530575752258}
{'fold': 6, 'epoch': 90, 'train_loss': 0.9303543567657471, 'val_loss': 0.9852011203765869, 'test_acc': 0.6530612111091614}
{'fold': 6, 'epoch': 100, 'train_loss': 0.8383046984672546, 'val_loss': 0.8849195837974548, 'test_acc': 0.6938775777816772}
{'fold': 7, 'epoch': 10, 'train_loss': 1.9034243822097778, 'val_loss': 1.8945926427841187, 'test_acc': 0.30612245202064514}
{'fold': 7, 'epoch': 20, 'train_loss': 1.8400088548660278, 'val_loss': 1.8410348892211914, 'test_acc': 0.3469387888908386}
{'fold': 7, 'epoch': 30, 'train_loss': 1.7632375955581665, 'val_loss': 1.753078818321228, 'test_acc': 0.36734694242477417}
{'fold': 7, 'epoch': 40, 'train_loss': 1.6355512142181396, 'val_loss': 1.6344457864761353, 'test_acc': 0.36734694242477417}
{'fold': 7, 'epoch': 50, 'train_loss': 1.4847338199615479, 'val_loss': 1.480255126953125, 'test_acc': 0.5714285969734192}
{'fold': 7, 'epoch': 60, 'train_loss': 1.3276700973510742, 'val_loss': 1.335298776626587, 'test_acc': 0.6938775777816772}
{'fold': 7, 'epoch': 70, 'train_loss': 1.1376519203186035, 'val_loss': 1.1854006052017212, 'test_acc': 0.6938775777816772}
{'fold': 7, 'epoch': 80, 'train_loss': 0.9943822622299194, 'val_loss': 1.0554109811782837, 'test_acc': 0.6938775777816772}
{'fold': 7, 'epoch': 90, 'train_loss': 0.8884110450744629, 'val_loss': 0.9561803936958313, 'test_acc': 0.7346938848495483}
{'fold': 7, 'epoch': 100, 'train_loss': 0.7877783179283142, 'val_loss': 0.8764033913612366, 'test_acc': 0.7346938848495483}
{'fold': 8, 'epoch': 10, 'train_loss': 1.9116543531417847, 'val_loss': 1.905264973640442, 'test_acc': 0.30612245202064514}
{'fold': 8, 'epoch': 20, 'train_loss': 1.86189603805542, 'val_loss': 1.8528825044631958, 'test_acc': 0.30612245202064514}
{'fold': 8, 'epoch': 30, 'train_loss': 1.7904853820800781, 'val_loss': 1.7687382698059082, 'test_acc': 0.4285714328289032}
{'fold': 8, 'epoch': 40, 'train_loss': 1.6754781007766724, 'val_loss': 1.651909351348877, 'test_acc': 0.5102040767669678}
{'fold': 8, 'epoch': 50, 'train_loss': 1.5357210636138916, 'val_loss': 1.4953526258468628, 'test_acc': 0.5918367505073547}
{'fold': 8, 'epoch': 60, 'train_loss': 1.3980365991592407, 'val_loss': 1.3547842502593994, 'test_acc': 0.6122449040412903}
{'fold': 8, 'epoch': 70, 'train_loss': 1.2556134462356567, 'val_loss': 1.2127026319503784, 'test_acc': 0.6734693646430969}
{'fold': 8, 'epoch': 80, 'train_loss': 1.1283797025680542, 'val_loss': 1.093014121055603, 'test_acc': 0.7755101919174194}
{'fold': 8, 'epoch': 90, 'train_loss': 1.031109094619751, 'val_loss': 1.0019663572311401, 'test_acc': 0.7755101919174194}
{'fold': 8, 'epoch': 100, 'train_loss': 0.9478152394294739, 'val_loss': 0.9277201890945435, 'test_acc': 0.8367347121238708}
{'fold': 9, 'epoch': 10, 'train_loss': 1.9069360494613647, 'val_loss': 1.9013123512268066, 'test_acc': 0.30612245202064514}
{'fold': 9, 'epoch': 20, 'train_loss': 1.8623517751693726, 'val_loss': 1.8473273515701294, 'test_acc': 0.30612245202064514}
{'fold': 9, 'epoch': 30, 'train_loss': 1.7838155031204224, 'val_loss': 1.767421841621399, 'test_acc': 0.4285714328289032}
{'fold': 9, 'epoch': 40, 'train_loss': 1.6841585636138916, 'val_loss': 1.6489639282226562, 'test_acc': 0.5306122303009033}
{'fold': 9, 'epoch': 50, 'train_loss': 1.511215090751648, 'val_loss': 1.4782054424285889, 'test_acc': 0.5918367505073547}
{'fold': 9, 'epoch': 60, 'train_loss': 1.3536312580108643, 'val_loss': 1.320547103881836, 'test_acc': 0.5714285969734192}
{'fold': 9, 'epoch': 70, 'train_loss': 1.1757335662841797, 'val_loss': 1.1622405052185059, 'test_acc': 0.6734693646430969}
{'fold': 9, 'epoch': 80, 'train_loss': 1.0569562911987305, 'val_loss': 1.0266083478927612, 'test_acc': 0.7346938848495483}
{'fold': 9, 'epoch': 90, 'train_loss': 0.9348217844963074, 'val_loss': 0.9224929809570312, 'test_acc': 0.7755101919174194}
{'fold': 9, 'epoch': 100, 'train_loss': 0.8158944845199585, 'val_loss': 0.8233289122581482, 'test_acc': 0.795918345451355}
Val Loss: 0.9747, Test Accuracy: 0.738 +/- 0.062, Duration: 4.600
Model(1) results: accuracy=0.738, std=0.062, n_layers=2, n_hidden=32
Best Model(1) results: accuracy=0.738, std=0.062, n_layers=2, n_hidden=32

# Evaluating model(2): n_layers=2, n_hidden=64
{'fold': 0, 'epoch': 10, 'train_loss': 1.928084135055542, 'val_loss': 1.9275587797164917, 'test_acc': 0.1599999964237213}
{'fold': 0, 'epoch': 20, 'train_loss': 1.8528649806976318, 'val_loss': 1.8543812036514282, 'test_acc': 0.4000000059604645}
{'fold': 0, 'epoch': 30, 'train_loss': 1.6895681619644165, 'val_loss': 1.6925528049468994, 'test_acc': 0.41999998688697815}
{'fold': 0, 'epoch': 40, 'train_loss': 1.4273289442062378, 'val_loss': 1.4605729579925537, 'test_acc': 0.4399999976158142}
{'fold': 0, 'epoch': 50, 'train_loss': 1.1476958990097046, 'val_loss': 1.183311104774475, 'test_acc': 0.6600000262260437}
{'fold': 0, 'epoch': 60, 'train_loss': 0.9155746698379517, 'val_loss': 0.9863903522491455, 'test_acc': 0.6800000071525574}
{'fold': 0, 'epoch': 70, 'train_loss': 0.7281759977340698, 'val_loss': 0.8682505488395691, 'test_acc': 0.7200000286102295}
{'fold': 0, 'epoch': 80, 'train_loss': 0.5674635171890259, 'val_loss': 0.802897572517395, 'test_acc': 0.7799999713897705}
{'fold': 0, 'epoch': 90, 'train_loss': 0.47749051451683044, 'val_loss': 0.7849928140640259, 'test_acc': 0.7799999713897705}
{'fold': 0, 'epoch': 100, 'train_loss': 0.4055168926715851, 'val_loss': 0.7792448997497559, 'test_acc': 0.7799999713897705}
{'fold': 1, 'epoch': 10, 'train_loss': 1.8836743831634521, 'val_loss': 1.890648365020752, 'test_acc': 0.30000001192092896}
{'fold': 1, 'epoch': 20, 'train_loss': 1.7404439449310303, 'val_loss': 1.7848316431045532, 'test_acc': 0.2800000011920929}
{'fold': 1, 'epoch': 30, 'train_loss': 1.5313973426818848, 'val_loss': 1.6302990913391113, 'test_acc': 0.3199999928474426}
{'fold': 1, 'epoch': 40, 'train_loss': 1.2754132747650146, 'val_loss': 1.4409763813018799, 'test_acc': 0.5600000023841858}
{'fold': 1, 'epoch': 50, 'train_loss': 1.0052781105041504, 'val_loss': 1.2362768650054932, 'test_acc': 0.7200000286102295}
{'fold': 1, 'epoch': 60, 'train_loss': 0.7451891899108887, 'val_loss': 1.092172384262085, 'test_acc': 0.7599999904632568}
{'fold': 1, 'epoch': 70, 'train_loss': 0.6196296215057373, 'val_loss': 0.9987740516662598, 'test_acc': 0.7400000095367432}
{'fold': 1, 'epoch': 80, 'train_loss': 0.4553973972797394, 'val_loss': 0.9493367075920105, 'test_acc': 0.800000011920929}
{'fold': 1, 'epoch': 90, 'train_loss': 0.36539196968078613, 'val_loss': 0.9197238087654114, 'test_acc': 0.7799999713897705}
{'fold': 1, 'epoch': 100, 'train_loss': 0.30954980850219727, 'val_loss': 0.9275484681129456, 'test_acc': 0.800000011920929}
{'fold': 2, 'epoch': 10, 'train_loss': 1.9095531702041626, 'val_loss': 1.9026979207992554, 'test_acc': 0.3799999952316284}
{'fold': 2, 'epoch': 20, 'train_loss': 1.7697783708572388, 'val_loss': 1.7647532224655151, 'test_acc': 0.3199999928474426}
{'fold': 2, 'epoch': 30, 'train_loss': 1.5381901264190674, 'val_loss': 1.5679354667663574, 'test_acc': 0.4000000059604645}
{'fold': 2, 'epoch': 40, 'train_loss': 1.260675072669983, 'val_loss': 1.3526922464370728, 'test_acc': 0.5600000023841858}
{'fold': 2, 'epoch': 50, 'train_loss': 0.9938090443611145, 'val_loss': 1.1213068962097168, 'test_acc': 0.7599999904632568}
{'fold': 2, 'epoch': 60, 'train_loss': 0.8145844340324402, 'val_loss': 0.9419299364089966, 'test_acc': 0.7400000095367432}
{'fold': 2, 'epoch': 70, 'train_loss': 0.5989202857017517, 'val_loss': 0.8125762939453125, 'test_acc': 0.7200000286102295}
{'fold': 2, 'epoch': 80, 'train_loss': 0.505285918712616, 'val_loss': 0.7219546437263489, 'test_acc': 0.7599999904632568}
{'fold': 2, 'epoch': 90, 'train_loss': 0.42135801911354065, 'val_loss': 0.6626785397529602, 'test_acc': 0.800000011920929}
{'fold': 2, 'epoch': 100, 'train_loss': 0.3877502977848053, 'val_loss': 0.6229349970817566, 'test_acc': 0.8399999737739563}
{'fold': 3, 'epoch': 10, 'train_loss': 1.8878188133239746, 'val_loss': 1.8801891803741455, 'test_acc': 0.2800000011920929}
{'fold': 3, 'epoch': 20, 'train_loss': 1.7558321952819824, 'val_loss': 1.7424641847610474, 'test_acc': 0.2800000011920929}
{'fold': 3, 'epoch': 30, 'train_loss': 1.5533089637756348, 'val_loss': 1.519521951675415, 'test_acc': 0.2800000011920929}
{'fold': 3, 'epoch': 40, 'train_loss': 1.268373966217041, 'val_loss': 1.2713900804519653, 'test_acc': 0.4399999976158142}
{'fold': 3, 'epoch': 50, 'train_loss': 0.9578980207443237, 'val_loss': 1.0086886882781982, 'test_acc': 0.6600000262260437}
{'fold': 3, 'epoch': 60, 'train_loss': 0.7353655695915222, 'val_loss': 0.8273239135742188, 'test_acc': 0.7200000286102295}
{'fold': 3, 'epoch': 70, 'train_loss': 0.5584543943405151, 'val_loss': 0.6852496862411499, 'test_acc': 0.7200000286102295}
{'fold': 3, 'epoch': 80, 'train_loss': 0.4757061302661896, 'val_loss': 0.6108701825141907, 'test_acc': 0.7200000286102295}
{'fold': 3, 'epoch': 90, 'train_loss': 0.38128092885017395, 'val_loss': 0.5736833214759827, 'test_acc': 0.699999988079071}
{'fold': 3, 'epoch': 100, 'train_loss': 0.3122144639492035, 'val_loss': 0.5502712726593018, 'test_acc': 0.7200000286102295}
{'fold': 4, 'epoch': 10, 'train_loss': 1.9018807411193848, 'val_loss': 1.9039305448532104, 'test_acc': 0.2800000011920929}
{'fold': 4, 'epoch': 20, 'train_loss': 1.772715449333191, 'val_loss': 1.7943146228790283, 'test_acc': 0.2800000011920929}
{'fold': 4, 'epoch': 30, 'train_loss': 1.547900915145874, 'val_loss': 1.6176369190216064, 'test_acc': 0.2800000011920929}
{'fold': 4, 'epoch': 40, 'train_loss': 1.2537046670913696, 'val_loss': 1.3832327127456665, 'test_acc': 0.6800000071525574}
{'fold': 4, 'epoch': 50, 'train_loss': 0.928272545337677, 'val_loss': 1.1454269886016846, 'test_acc': 0.7599999904632568}
{'fold': 4, 'epoch': 60, 'train_loss': 0.7480509877204895, 'val_loss': 0.9868441224098206, 'test_acc': 0.7799999713897705}
{'fold': 4, 'epoch': 70, 'train_loss': 0.5522454977035522, 'val_loss': 0.9039946794509888, 'test_acc': 0.8600000143051147}
{'fold': 4, 'epoch': 80, 'train_loss': 0.3979339301586151, 'val_loss': 0.8590545654296875, 'test_acc': 0.8399999737739563}
{'fold': 4, 'epoch': 90, 'train_loss': 0.34480562806129456, 'val_loss': 0.8145755529403687, 'test_acc': 0.8799999952316284}
{'fold': 4, 'epoch': 100, 'train_loss': 0.27985626459121704, 'val_loss': 0.8339682817459106, 'test_acc': 0.8799999952316284}
{'fold': 5, 'epoch': 10, 'train_loss': 1.9034736156463623, 'val_loss': 1.9036747217178345, 'test_acc': 0.4000000059604645}
{'fold': 5, 'epoch': 20, 'train_loss': 1.7829153537750244, 'val_loss': 1.789064884185791, 'test_acc': 0.3799999952316284}
{'fold': 5, 'epoch': 30, 'train_loss': 1.5535922050476074, 'val_loss': 1.5853207111358643, 'test_acc': 0.47999998927116394}
{'fold': 5, 'epoch': 40, 'train_loss': 1.292008638381958, 'val_loss': 1.3118765354156494, 'test_acc': 0.6800000071525574}
{'fold': 5, 'epoch': 50, 'train_loss': 0.977662980556488, 'val_loss': 1.039750576019287, 'test_acc': 0.6600000262260437}
{'fold': 5, 'epoch': 60, 'train_loss': 0.7781975269317627, 'val_loss': 0.8878759145736694, 'test_acc': 0.6600000262260437}
{'fold': 5, 'epoch': 70, 'train_loss': 0.6476237773895264, 'val_loss': 0.7825166583061218, 'test_acc': 0.7400000095367432}
{'fold': 5, 'epoch': 80, 'train_loss': 0.5329788327217102, 'val_loss': 0.7017433047294617, 'test_acc': 0.7799999713897705}
{'fold': 5, 'epoch': 90, 'train_loss': 0.42825859785079956, 'val_loss': 0.6484066843986511, 'test_acc': 0.8199999928474426}
{'fold': 5, 'epoch': 100, 'train_loss': 0.3359217643737793, 'val_loss': 0.5954151749610901, 'test_acc': 0.8199999928474426}
{'fold': 6, 'epoch': 10, 'train_loss': 1.8981120586395264, 'val_loss': 1.899381160736084, 'test_acc': 0.30612245202064514}
{'fold': 6, 'epoch': 20, 'train_loss': 1.7988675832748413, 'val_loss': 1.8057069778442383, 'test_acc': 0.30612245202064514}
{'fold': 6, 'epoch': 30, 'train_loss': 1.5867692232131958, 'val_loss': 1.6121271848678589, 'test_acc': 0.40816327929496765}
{'fold': 6, 'epoch': 40, 'train_loss': 1.3015016317367554, 'val_loss': 1.3351898193359375, 'test_acc': 0.6122449040412903}
{'fold': 6, 'epoch': 50, 'train_loss': 0.9531143307685852, 'val_loss': 1.0204319953918457, 'test_acc': 0.7346938848495483}
{'fold': 6, 'epoch': 60, 'train_loss': 0.7266595959663391, 'val_loss': 0.8184525966644287, 'test_acc': 0.7346938848495483}
{'fold': 6, 'epoch': 70, 'train_loss': 0.5681278705596924, 'val_loss': 0.6898578405380249, 'test_acc': 0.795918345451355}
{'fold': 6, 'epoch': 80, 'train_loss': 0.42574962973594666, 'val_loss': 0.6223034262657166, 'test_acc': 0.8163265585899353}
{'fold': 6, 'epoch': 90, 'train_loss': 0.3652414083480835, 'val_loss': 0.5848355293273926, 'test_acc': 0.8367347121238708}
{'fold': 6, 'epoch': 100, 'train_loss': 0.31346455216407776, 'val_loss': 0.5733954310417175, 'test_acc': 0.8367347121238708}
{'fold': 7, 'epoch': 10, 'train_loss': 1.9258332252502441, 'val_loss': 1.9195241928100586, 'test_acc': 0.3265306055545807}
{'fold': 7, 'epoch': 20, 'train_loss': 1.82664155960083, 'val_loss': 1.8163453340530396, 'test_acc': 0.30612245202064514}
{'fold': 7, 'epoch': 30, 'train_loss': 1.638385534286499, 'val_loss': 1.6303783655166626, 'test_acc': 0.3265306055545807}
{'fold': 7, 'epoch': 40, 'train_loss': 1.422075867652893, 'val_loss': 1.401153564453125, 'test_acc': 0.4693877696990967}
{'fold': 7, 'epoch': 50, 'train_loss': 1.131880521774292, 'val_loss': 1.1449192762374878, 'test_acc': 0.6326530575752258}
{'fold': 7, 'epoch': 60, 'train_loss': 0.9014357924461365, 'val_loss': 0.9589204788208008, 'test_acc': 0.7142857313156128}
{'fold': 7, 'epoch': 70, 'train_loss': 0.657559335231781, 'val_loss': 0.8052775859832764, 'test_acc': 0.7142857313156128}
{'fold': 7, 'epoch': 80, 'train_loss': 0.5591330528259277, 'val_loss': 0.7050750255584717, 'test_acc': 0.7551020383834839}
{'fold': 7, 'epoch': 90, 'train_loss': 0.43013471364974976, 'val_loss': 0.6445280313491821, 'test_acc': 0.7551020383834839}
{'fold': 7, 'epoch': 100, 'train_loss': 0.3567942678928375, 'val_loss': 0.6070141792297363, 'test_acc': 0.7755101919174194}
{'fold': 8, 'epoch': 10, 'train_loss': 1.917908787727356, 'val_loss': 1.9119353294372559, 'test_acc': 0.18367347121238708}
{'fold': 8, 'epoch': 20, 'train_loss': 1.811240792274475, 'val_loss': 1.7909550666809082, 'test_acc': 0.30612245202064514}
{'fold': 8, 'epoch': 30, 'train_loss': 1.62044095993042, 'val_loss': 1.5897856950759888, 'test_acc': 0.4285714328289032}
{'fold': 8, 'epoch': 40, 'train_loss': 1.3828200101852417, 'val_loss': 1.3729538917541504, 'test_acc': 0.5510203838348389}
{'fold': 8, 'epoch': 50, 'train_loss': 1.1168802976608276, 'val_loss': 1.1556031703948975, 'test_acc': 0.6938775777816772}
{'fold': 8, 'epoch': 60, 'train_loss': 0.9067264199256897, 'val_loss': 1.0073292255401611, 'test_acc': 0.7551020383834839}
{'fold': 8, 'epoch': 70, 'train_loss': 0.7088943719863892, 'val_loss': 0.903496503829956, 'test_acc': 0.7755101919174194}
{'fold': 8, 'epoch': 80, 'train_loss': 0.5663160681724548, 'val_loss': 0.8460341691970825, 'test_acc': 0.8367347121238708}
{'fold': 8, 'epoch': 90, 'train_loss': 0.45560646057128906, 'val_loss': 0.8147249221801758, 'test_acc': 0.8571428656578064}
{'fold': 8, 'epoch': 100, 'train_loss': 0.38502103090286255, 'val_loss': 0.811713695526123, 'test_acc': 0.8571428656578064}
{'fold': 9, 'epoch': 10, 'train_loss': 1.8967257738113403, 'val_loss': 1.8851195573806763, 'test_acc': 0.30612245202064514}
{'fold': 9, 'epoch': 20, 'train_loss': 1.794198989868164, 'val_loss': 1.7609376907348633, 'test_acc': 0.30612245202064514}
{'fold': 9, 'epoch': 30, 'train_loss': 1.5958598852157593, 'val_loss': 1.5461536645889282, 'test_acc': 0.4285714328289032}
{'fold': 9, 'epoch': 40, 'train_loss': 1.335108757019043, 'val_loss': 1.276396632194519, 'test_acc': 0.6938775777816772}
{'fold': 9, 'epoch': 50, 'train_loss': 1.0257246494293213, 'val_loss': 0.964930534362793, 'test_acc': 0.6938775777816772}
{'fold': 9, 'epoch': 60, 'train_loss': 0.7596305012702942, 'val_loss': 0.7498733997344971, 'test_acc': 0.795918345451355}
{'fold': 9, 'epoch': 70, 'train_loss': 0.5702610015869141, 'val_loss': 0.6057493090629578, 'test_acc': 0.8163265585899353}
{'fold': 9, 'epoch': 80, 'train_loss': 0.4314318299293518, 'val_loss': 0.5289552211761475, 'test_acc': 0.8367347121238708}
{'fold': 9, 'epoch': 90, 'train_loss': 0.33175426721572876, 'val_loss': 0.4759047329425812, 'test_acc': 0.8367347121238708}
{'fold': 9, 'epoch': 100, 'train_loss': 0.2695766091346741, 'val_loss': 0.43864667415618896, 'test_acc': 0.8367347121238708}
Val Loss: 0.6710, Test Accuracy: 0.813 +/- 0.048, Duration: 5.645
Model(2) results: accuracy=0.813, std=0.048, n_layers=2, n_hidden=64
Best Model(2) results: accuracy=0.813, std=0.048, n_layers=2, n_hidden=64

# Evaluating model(3): n_layers=2, n_hidden=128
{'fold': 0, 'epoch': 10, 'train_loss': 1.8656407594680786, 'val_loss': 1.8520781993865967, 'test_acc': 0.2800000011920929}
{'fold': 0, 'epoch': 20, 'train_loss': 1.5835111141204834, 'val_loss': 1.5591446161270142, 'test_acc': 0.2800000011920929}
{'fold': 0, 'epoch': 30, 'train_loss': 1.1447254419326782, 'val_loss': 1.1469134092330933, 'test_acc': 0.5799999833106995}
{'fold': 0, 'epoch': 40, 'train_loss': 0.7258232235908508, 'val_loss': 0.8130755424499512, 'test_acc': 0.6600000262260437}
{'fold': 0, 'epoch': 50, 'train_loss': 0.3922536075115204, 'val_loss': 0.6344159841537476, 'test_acc': 0.7400000095367432}
{'fold': 0, 'epoch': 60, 'train_loss': 0.27151671051979065, 'val_loss': 0.5992618799209595, 'test_acc': 0.7400000095367432}
{'fold': 0, 'epoch': 70, 'train_loss': 0.17525522410869598, 'val_loss': 0.6154453754425049, 'test_acc': 0.7599999904632568}
{'fold': 0, 'epoch': 80, 'train_loss': 0.11100314557552338, 'val_loss': 0.653253972530365, 'test_acc': 0.7599999904632568}
{'fold': 0, 'epoch': 90, 'train_loss': 0.07617644220590591, 'val_loss': 0.6999832987785339, 'test_acc': 0.7799999713897705}
{'fold': 0, 'epoch': 100, 'train_loss': 0.06706315279006958, 'val_loss': 0.7375205755233765, 'test_acc': 0.7799999713897705}
{'fold': 1, 'epoch': 10, 'train_loss': 1.8545246124267578, 'val_loss': 1.8668938875198364, 'test_acc': 0.2800000011920929}
{'fold': 1, 'epoch': 20, 'train_loss': 1.5644575357437134, 'val_loss': 1.646813988685608, 'test_acc': 0.2800000011920929}
{'fold': 1, 'epoch': 30, 'train_loss': 1.141489028930664, 'val_loss': 1.3241969347000122, 'test_acc': 0.699999988079071}
{'fold': 1, 'epoch': 40, 'train_loss': 0.7574317455291748, 'val_loss': 1.083349585533142, 'test_acc': 0.7599999904632568}
{'fold': 1, 'epoch': 50, 'train_loss': 0.47450438141822815, 'val_loss': 0.9783308506011963, 'test_acc': 0.7799999713897705}
{'fold': 1, 'epoch': 60, 'train_loss': 0.3166021406650543, 'val_loss': 0.9511630535125732, 'test_acc': 0.800000011920929}
{'fold': 1, 'epoch': 70, 'train_loss': 0.18032206594944, 'val_loss': 0.9695881605148315, 'test_acc': 0.8399999737739563}
{'fold': 1, 'epoch': 80, 'train_loss': 0.13916891813278198, 'val_loss': 1.005354404449463, 'test_acc': 0.8399999737739563}
{'fold': 1, 'epoch': 90, 'train_loss': 0.0950128510594368, 'val_loss': 1.050417423248291, 'test_acc': 0.8399999737739563}
{'fold': 1, 'epoch': 100, 'train_loss': 0.06309867650270462, 'val_loss': 1.0845692157745361, 'test_acc': 0.8600000143051147}
{'fold': 2, 'epoch': 10, 'train_loss': 1.8495731353759766, 'val_loss': 1.8464103937149048, 'test_acc': 0.2800000011920929}
{'fold': 2, 'epoch': 20, 'train_loss': 1.5566447973251343, 'val_loss': 1.615881085395813, 'test_acc': 0.30000001192092896}
{'fold': 2, 'epoch': 30, 'train_loss': 1.1121193170547485, 'val_loss': 1.2507524490356445, 'test_acc': 0.7599999904632568}
{'fold': 2, 'epoch': 40, 'train_loss': 0.7302362322807312, 'val_loss': 0.9172828197479248, 'test_acc': 0.7599999904632568}
{'fold': 2, 'epoch': 50, 'train_loss': 0.444043904542923, 'val_loss': 0.7249526381492615, 'test_acc': 0.8199999928474426}
{'fold': 2, 'epoch': 60, 'train_loss': 0.31492993235588074, 'val_loss': 0.6406287550926208, 'test_acc': 0.8399999737739563}
{'fold': 2, 'epoch': 70, 'train_loss': 0.2038770169019699, 'val_loss': 0.6103909611701965, 'test_acc': 0.8399999737739563}
{'fold': 2, 'epoch': 80, 'train_loss': 0.14058424532413483, 'val_loss': 0.5729619860649109, 'test_acc': 0.8999999761581421}
{'fold': 2, 'epoch': 90, 'train_loss': 0.09517018496990204, 'val_loss': 0.5985737442970276, 'test_acc': 0.8999999761581421}
{'fold': 2, 'epoch': 100, 'train_loss': 0.06705284118652344, 'val_loss': 0.6472223401069641, 'test_acc': 0.8600000143051147}
{'fold': 3, 'epoch': 10, 'train_loss': 1.8926061391830444, 'val_loss': 1.8829193115234375, 'test_acc': 0.3799999952316284}
{'fold': 3, 'epoch': 20, 'train_loss': 1.661116123199463, 'val_loss': 1.636095404624939, 'test_acc': 0.2800000011920929}
{'fold': 3, 'epoch': 30, 'train_loss': 1.2426303625106812, 'val_loss': 1.2431437969207764, 'test_acc': 0.5799999833106995}
{'fold': 3, 'epoch': 40, 'train_loss': 0.7712375521659851, 'val_loss': 0.7977885603904724, 'test_acc': 0.7799999713897705}
{'fold': 3, 'epoch': 50, 'train_loss': 0.4022732377052307, 'val_loss': 0.5333996415138245, 'test_acc': 0.7799999713897705}
{'fold': 3, 'epoch': 60, 'train_loss': 0.22716161608695984, 'val_loss': 0.45265665650367737, 'test_acc': 0.7799999713897705}
{'fold': 3, 'epoch': 70, 'train_loss': 0.14823901653289795, 'val_loss': 0.42706629633903503, 'test_acc': 0.7599999904632568}
{'fold': 3, 'epoch': 80, 'train_loss': 0.09880959242582321, 'val_loss': 0.423176109790802, 'test_acc': 0.7799999713897705}
{'fold': 3, 'epoch': 90, 'train_loss': 0.06845065951347351, 'val_loss': 0.436507910490036, 'test_acc': 0.7599999904632568}
{'fold': 3, 'epoch': 100, 'train_loss': 0.049568936228752136, 'val_loss': 0.4371551275253296, 'test_acc': 0.7599999904632568}
{'fold': 4, 'epoch': 10, 'train_loss': 1.8610869646072388, 'val_loss': 1.8587898015975952, 'test_acc': 0.3199999928474426}
{'fold': 4, 'epoch': 20, 'train_loss': 1.5459274053573608, 'val_loss': 1.6231279373168945, 'test_acc': 0.4000000059604645}
{'fold': 4, 'epoch': 30, 'train_loss': 1.07136070728302, 'val_loss': 1.2878499031066895, 'test_acc': 0.7200000286102295}
{'fold': 4, 'epoch': 40, 'train_loss': 0.669685959815979, 'val_loss': 1.058105230331421, 'test_acc': 0.7799999713897705}
{'fold': 4, 'epoch': 50, 'train_loss': 0.3520273268222809, 'val_loss': 0.9666333198547363, 'test_acc': 0.8399999737739563}
{'fold': 4, 'epoch': 60, 'train_loss': 0.21272066235542297, 'val_loss': 1.0034092664718628, 'test_acc': 0.8999999761581421}
{'fold': 4, 'epoch': 70, 'train_loss': 0.14094141125679016, 'val_loss': 1.0898228883743286, 'test_acc': 0.8999999761581421}
{'fold': 4, 'epoch': 80, 'train_loss': 0.10537384450435638, 'val_loss': 1.1922376155853271, 'test_acc': 0.8999999761581421}
{'fold': 4, 'epoch': 90, 'train_loss': 0.064891017973423, 'val_loss': 1.2418955564498901, 'test_acc': 0.8799999952316284}
{'fold': 4, 'epoch': 100, 'train_loss': 0.05590938776731491, 'val_loss': 1.349887728691101, 'test_acc': 0.8999999761581421}
{'fold': 5, 'epoch': 10, 'train_loss': 1.8418453931808472, 'val_loss': 1.8526531457901, 'test_acc': 0.2800000011920929}
{'fold': 5, 'epoch': 20, 'train_loss': 1.5400179624557495, 'val_loss': 1.5760952234268188, 'test_acc': 0.3799999952316284}
{'fold': 5, 'epoch': 30, 'train_loss': 1.0966711044311523, 'val_loss': 1.1699661016464233, 'test_acc': 0.6800000071525574}
{'fold': 5, 'epoch': 40, 'train_loss': 0.715465247631073, 'val_loss': 0.8406634330749512, 'test_acc': 0.7400000095367432}
{'fold': 5, 'epoch': 50, 'train_loss': 0.43882620334625244, 'val_loss': 0.6503998041152954, 'test_acc': 0.800000011920929}
{'fold': 5, 'epoch': 60, 'train_loss': 0.2843494713306427, 'val_loss': 0.5888766050338745, 'test_acc': 0.7799999713897705}
{'fold': 5, 'epoch': 70, 'train_loss': 0.1782778948545456, 'val_loss': 0.5757713317871094, 'test_acc': 0.8199999928474426}
{'fold': 5, 'epoch': 80, 'train_loss': 0.12405315786600113, 'val_loss': 0.6109921336174011, 'test_acc': 0.8199999928474426}
{'fold': 5, 'epoch': 90, 'train_loss': 0.09159950911998749, 'val_loss': 0.6285200715065002, 'test_acc': 0.8399999737739563}
{'fold': 5, 'epoch': 100, 'train_loss': 0.07599793374538422, 'val_loss': 0.6383617520332336, 'test_acc': 0.8399999737739563}
{'fold': 6, 'epoch': 10, 'train_loss': 1.8624681234359741, 'val_loss': 1.8583076000213623, 'test_acc': 0.30612245202064514}
{'fold': 6, 'epoch': 20, 'train_loss': 1.5680240392684937, 'val_loss': 1.5660144090652466, 'test_acc': 0.30612245202064514}
{'fold': 6, 'epoch': 30, 'train_loss': 1.0555622577667236, 'val_loss': 1.088100790977478, 'test_acc': 0.7142857313156128}
{'fold': 6, 'epoch': 40, 'train_loss': 0.6389154195785522, 'val_loss': 0.7007901072502136, 'test_acc': 0.795918345451355}
{'fold': 6, 'epoch': 50, 'train_loss': 0.37613826990127563, 'val_loss': 0.5242269039154053, 'test_acc': 0.8367347121238708}
{'fold': 6, 'epoch': 60, 'train_loss': 0.23751161992549896, 'val_loss': 0.4939413368701935, 'test_acc': 0.8775510191917419}
{'fold': 6, 'epoch': 70, 'train_loss': 0.15268608927726746, 'val_loss': 0.4818336069583893, 'test_acc': 0.8775510191917419}
{'fold': 6, 'epoch': 80, 'train_loss': 0.10074341297149658, 'val_loss': 0.47525352239608765, 'test_acc': 0.8571428656578064}
{'fold': 6, 'epoch': 90, 'train_loss': 0.07376756519079208, 'val_loss': 0.4685726463794708, 'test_acc': 0.8367347121238708}
{'fold': 6, 'epoch': 100, 'train_loss': 0.0525783933699131, 'val_loss': 0.4626595973968506, 'test_acc': 0.8367347121238708}
{'fold': 7, 'epoch': 10, 'train_loss': 1.8525075912475586, 'val_loss': 1.8388946056365967, 'test_acc': 0.30612245202064514}
{'fold': 7, 'epoch': 20, 'train_loss': 1.5758494138717651, 'val_loss': 1.5466943979263306, 'test_acc': 0.30612245202064514}
{'fold': 7, 'epoch': 30, 'train_loss': 1.1119420528411865, 'val_loss': 1.111515998840332, 'test_acc': 0.7142857313156128}
{'fold': 7, 'epoch': 40, 'train_loss': 0.6833009719848633, 'val_loss': 0.7576756477355957, 'test_acc': 0.7346938848495483}
{'fold': 7, 'epoch': 50, 'train_loss': 0.37914079427719116, 'val_loss': 0.5784759521484375, 'test_acc': 0.7755101919174194}
{'fold': 7, 'epoch': 60, 'train_loss': 0.22341381013393402, 'val_loss': 0.5392745137214661, 'test_acc': 0.795918345451355}
{'fold': 7, 'epoch': 70, 'train_loss': 0.1511755734682083, 'val_loss': 0.5585702061653137, 'test_acc': 0.795918345451355}
{'fold': 7, 'epoch': 80, 'train_loss': 0.0823945477604866, 'val_loss': 0.5715063214302063, 'test_acc': 0.795918345451355}
{'fold': 7, 'epoch': 90, 'train_loss': 0.0629766657948494, 'val_loss': 0.5746466517448425, 'test_acc': 0.795918345451355}
{'fold': 7, 'epoch': 100, 'train_loss': 0.0557476282119751, 'val_loss': 0.5966207385063171, 'test_acc': 0.795918345451355}
{'fold': 8, 'epoch': 10, 'train_loss': 1.8642374277114868, 'val_loss': 1.8489248752593994, 'test_acc': 0.30612245202064514}
{'fold': 8, 'epoch': 20, 'train_loss': 1.5540809631347656, 'val_loss': 1.5132803916931152, 'test_acc': 0.4285714328289032}
{'fold': 8, 'epoch': 30, 'train_loss': 1.0758552551269531, 'val_loss': 1.1043028831481934, 'test_acc': 0.6938775777816772}
{'fold': 8, 'epoch': 40, 'train_loss': 0.6649981141090393, 'val_loss': 0.8123268485069275, 'test_acc': 0.8367347121238708}
{'fold': 8, 'epoch': 50, 'train_loss': 0.35132381319999695, 'val_loss': 0.6780787110328674, 'test_acc': 0.8571428656578064}
{'fold': 8, 'epoch': 60, 'train_loss': 0.2021389901638031, 'val_loss': 0.6704019904136658, 'test_acc': 0.8775510191917419}
{'fold': 8, 'epoch': 70, 'train_loss': 0.1283355951309204, 'val_loss': 0.7019970417022705, 'test_acc': 0.8775510191917419}
{'fold': 8, 'epoch': 80, 'train_loss': 0.0887446254491806, 'val_loss': 0.7571933269500732, 'test_acc': 0.8775510191917419}
{'fold': 8, 'epoch': 90, 'train_loss': 0.06566499918699265, 'val_loss': 0.8067100048065186, 'test_acc': 0.8775510191917419}
{'fold': 8, 'epoch': 100, 'train_loss': 0.04542608559131622, 'val_loss': 0.820927083492279, 'test_acc': 0.8775510191917419}
{'fold': 9, 'epoch': 10, 'train_loss': 1.8900115489959717, 'val_loss': 1.8634873628616333, 'test_acc': 0.30612245202064514}
{'fold': 9, 'epoch': 20, 'train_loss': 1.642988920211792, 'val_loss': 1.5645872354507446, 'test_acc': 0.30612245202064514}
{'fold': 9, 'epoch': 30, 'train_loss': 1.2168511152267456, 'val_loss': 1.1488564014434814, 'test_acc': 0.6326530575752258}
{'fold': 9, 'epoch': 40, 'train_loss': 0.7832050323486328, 'val_loss': 0.7731096148490906, 'test_acc': 0.6734693646430969}
{'fold': 9, 'epoch': 50, 'train_loss': 0.4480545222759247, 'val_loss': 0.5496607422828674, 'test_acc': 0.8163265585899353}
{'fold': 9, 'epoch': 60, 'train_loss': 0.27270185947418213, 'val_loss': 0.47317951917648315, 'test_acc': 0.8163265585899353}
{'fold': 9, 'epoch': 70, 'train_loss': 0.16696880757808685, 'val_loss': 0.4528736472129822, 'test_acc': 0.8163265585899353}
{'fold': 9, 'epoch': 80, 'train_loss': 0.09689462184906006, 'val_loss': 0.4385368525981903, 'test_acc': 0.8163265585899353}
{'fold': 9, 'epoch': 90, 'train_loss': 0.06487234681844711, 'val_loss': 0.4698164463043213, 'test_acc': 0.795918345451355}
{'fold': 9, 'epoch': 100, 'train_loss': 0.055335883051157, 'val_loss': 0.46856942772865295, 'test_acc': 0.795918345451355}
Val Loss: 0.6174, Test Accuracy: 0.819 +/- 0.046, Duration: 8.571
Model(3) results: accuracy=0.819, std=0.046, n_layers=2, n_hidden=128
Best Model(3) results: accuracy=0.819, std=0.046, n_layers=2, n_hidden=128

--
GCN(0): accuracy=0.452, std=0.094, n_layers=2, n_hidden=16
GCN(1): accuracy=0.738, std=0.062, n_layers=2, n_hidden=32
GCN(2): accuracy=0.813, std=0.048, n_layers=2, n_hidden=64
GCN(3): accuracy=0.819, std=0.046, n_layers=2, n_hidden=128
(2480, 1390)
