Compose([
  RemoveDuplicatedEdges(),
  RemoveIsolatedNodes(),
  GCNNorm(add_self_loops=True)
])
(2480, 1390)
# Run(108):
	cv_params={'layer': [2], 'hidden': [32, 48, 64], 'net': [<class 'models.GCNConv'>], 'lr': [0.1], 'epoch': [1500]},
	lr_decay=0.5,
	decay_steps=50,
	weight_decay=0.0005,
	n_folds=5,

# Evaluating model(0): {'epoch': 1500, 'hidden': 32, 'layer': 2, 'lr': 0.1, 'net': <class 'models.GCNConv'>}
{'fold': 0, 'epoch': 50, 'train_loss': 0.16851383447647095, 'val_loss': 4.694533348083496, 'test_acc': 0.7300000190734863}
{'fold': 0, 'epoch': 100, 'train_loss': 0.09845404326915741, 'val_loss': 3.0427603721618652, 'test_acc': 0.7599999904632568}
{'fold': 0, 'epoch': 150, 'train_loss': 0.06391606479883194, 'val_loss': 3.4294636249542236, 'test_acc': 0.7599999904632568}
{'fold': 0, 'epoch': 200, 'train_loss': 0.05242924764752388, 'val_loss': 3.1479973793029785, 'test_acc': 0.7599999904632568}
{'fold': 0, 'epoch': 250, 'train_loss': 0.045623909682035446, 'val_loss': 3.2756943702697754, 'test_acc': 0.7699999809265137}
{'fold': 0, 'epoch': 300, 'train_loss': 0.03353160247206688, 'val_loss': 3.1046009063720703, 'test_acc': 0.7699999809265137}
{'fold': 0, 'epoch': 350, 'train_loss': 0.030876589938998222, 'val_loss': 3.1012818813323975, 'test_acc': 0.7699999809265137}
{'fold': 0, 'epoch': 400, 'train_loss': 0.05016529932618141, 'val_loss': 3.0732831954956055, 'test_acc': 0.7599999904632568}
{'fold': 0, 'epoch': 450, 'train_loss': 0.038100678473711014, 'val_loss': 3.1448006629943848, 'test_acc': 0.7599999904632568}
{'fold': 0, 'epoch': 500, 'train_loss': 0.05634754151105881, 'val_loss': 3.074784994125366, 'test_acc': 0.7599999904632568}
{'fold': 0, 'epoch': 550, 'train_loss': 0.051022719591856, 'val_loss': 3.107435703277588, 'test_acc': 0.7599999904632568}
{'fold': 0, 'epoch': 600, 'train_loss': 0.03987664729356766, 'val_loss': 3.1169657707214355, 'test_acc': 0.7599999904632568}
{'fold': 0, 'epoch': 650, 'train_loss': 0.035152584314346313, 'val_loss': 3.1237573623657227, 'test_acc': 0.7599999904632568}
{'fold': 0, 'epoch': 700, 'train_loss': 0.05490691587328911, 'val_loss': 3.120694875717163, 'test_acc': 0.7599999904632568}
{'fold': 0, 'epoch': 750, 'train_loss': 0.029381653293967247, 'val_loss': 3.118799924850464, 'test_acc': 0.7599999904632568}
{'fold': 0, 'epoch': 800, 'train_loss': 0.04447956755757332, 'val_loss': 3.117811679840088, 'test_acc': 0.7599999904632568}
{'fold': 0, 'epoch': 850, 'train_loss': 0.052280157804489136, 'val_loss': 3.1183509826660156, 'test_acc': 0.7599999904632568}
{'fold': 0, 'epoch': 900, 'train_loss': 0.061967138200998306, 'val_loss': 3.118537664413452, 'test_acc': 0.7599999904632568}
{'fold': 0, 'epoch': 950, 'train_loss': 0.05028977245092392, 'val_loss': 3.118642568588257, 'test_acc': 0.7599999904632568}
{'fold': 0, 'epoch': 1000, 'train_loss': 0.04460854455828667, 'val_loss': 3.118682622909546, 'test_acc': 0.7599999904632568}
{'fold': 0, 'epoch': 1050, 'train_loss': 0.049918703734874725, 'val_loss': 3.118692636489868, 'test_acc': 0.7599999904632568}
{'fold': 0, 'epoch': 1100, 'train_loss': 0.0502435527741909, 'val_loss': 3.1186957359313965, 'test_acc': 0.7599999904632568}
{'fold': 0, 'epoch': 1150, 'train_loss': 0.05989885330200195, 'val_loss': 3.1186985969543457, 'test_acc': 0.7599999904632568}
{'fold': 0, 'epoch': 1200, 'train_loss': 0.03307915851473808, 'val_loss': 3.1186978816986084, 'test_acc': 0.7599999904632568}
{'fold': 0, 'epoch': 1250, 'train_loss': 0.06829869002103806, 'val_loss': 3.1186962127685547, 'test_acc': 0.7599999904632568}
{'fold': 0, 'epoch': 1300, 'train_loss': 0.05788905918598175, 'val_loss': 3.118696451187134, 'test_acc': 0.7599999904632568}
{'fold': 0, 'epoch': 1350, 'train_loss': 0.02242087945342064, 'val_loss': 3.1186962127685547, 'test_acc': 0.7599999904632568}
{'fold': 0, 'epoch': 1400, 'train_loss': 0.03915021941065788, 'val_loss': 3.1186962127685547, 'test_acc': 0.7599999904632568}
{'fold': 0, 'epoch': 1450, 'train_loss': 0.036722999066114426, 'val_loss': 3.1186962127685547, 'test_acc': 0.7599999904632568}
{'fold': 0, 'epoch': 1500, 'train_loss': 0.04636382684111595, 'val_loss': 3.1186962127685547, 'test_acc': 0.7599999904632568}
{'fold': 1, 'epoch': 50, 'train_loss': 0.41069573163986206, 'val_loss': 2.6712517738342285, 'test_acc': 0.7272727489471436}
{'fold': 1, 'epoch': 100, 'train_loss': 0.1438753455877304, 'val_loss': 3.3040037155151367, 'test_acc': 0.7373737096786499}
{'fold': 1, 'epoch': 150, 'train_loss': 0.08166778087615967, 'val_loss': 2.498952865600586, 'test_acc': 0.7777777910232544}
{'fold': 1, 'epoch': 200, 'train_loss': 0.059149470180273056, 'val_loss': 2.7442939281463623, 'test_acc': 0.7575757503509521}
{'fold': 1, 'epoch': 250, 'train_loss': 0.06948186457157135, 'val_loss': 2.5007026195526123, 'test_acc': 0.7777777910232544}
{'fold': 1, 'epoch': 300, 'train_loss': 0.09116119891405106, 'val_loss': 2.598803758621216, 'test_acc': 0.7777777910232544}
{'fold': 1, 'epoch': 350, 'train_loss': 0.06401599943637848, 'val_loss': 2.5621280670166016, 'test_acc': 0.7777777910232544}
{'fold': 1, 'epoch': 400, 'train_loss': 0.051275692880153656, 'val_loss': 2.574753522872925, 'test_acc': 0.7676767706871033}
{'fold': 1, 'epoch': 450, 'train_loss': 0.03434865176677704, 'val_loss': 2.5470333099365234, 'test_acc': 0.7676767706871033}
{'fold': 1, 'epoch': 500, 'train_loss': 0.0490727573633194, 'val_loss': 2.5646958351135254, 'test_acc': 0.7676767706871033}
{'fold': 1, 'epoch': 550, 'train_loss': 0.03669958561658859, 'val_loss': 2.5635082721710205, 'test_acc': 0.7676767706871033}
{'fold': 1, 'epoch': 600, 'train_loss': 0.06879431009292603, 'val_loss': 2.5639712810516357, 'test_acc': 0.7676767706871033}
{'fold': 1, 'epoch': 650, 'train_loss': 0.09281691908836365, 'val_loss': 2.564509868621826, 'test_acc': 0.7676767706871033}
{'fold': 1, 'epoch': 700, 'train_loss': 0.07548239082098007, 'val_loss': 2.5639963150024414, 'test_acc': 0.7676767706871033}
{'fold': 1, 'epoch': 750, 'train_loss': 0.06276261061429977, 'val_loss': 2.563297748565674, 'test_acc': 0.7676767706871033}
{'fold': 1, 'epoch': 800, 'train_loss': 0.05320261791348457, 'val_loss': 2.56333589553833, 'test_acc': 0.7676767706871033}
{'fold': 1, 'epoch': 850, 'train_loss': 0.09382173418998718, 'val_loss': 2.5632615089416504, 'test_acc': 0.7676767706871033}
{'fold': 1, 'epoch': 900, 'train_loss': 0.06515958160161972, 'val_loss': 2.563234567642212, 'test_acc': 0.7676767706871033}
{'fold': 1, 'epoch': 950, 'train_loss': 0.09406118839979172, 'val_loss': 2.5632388591766357, 'test_acc': 0.7676767706871033}
{'fold': 1, 'epoch': 1000, 'train_loss': 0.061744362115859985, 'val_loss': 2.5632355213165283, 'test_acc': 0.7676767706871033}
{'fold': 1, 'epoch': 1050, 'train_loss': 0.07169672846794128, 'val_loss': 2.5632271766662598, 'test_acc': 0.7676767706871033}
{'fold': 1, 'epoch': 1100, 'train_loss': 0.05034533515572548, 'val_loss': 2.563230514526367, 'test_acc': 0.7676767706871033}
{'fold': 1, 'epoch': 1150, 'train_loss': 0.07233387976884842, 'val_loss': 2.5632314682006836, 'test_acc': 0.7676767706871033}
{'fold': 1, 'epoch': 1200, 'train_loss': 0.05836161971092224, 'val_loss': 2.5632317066192627, 'test_acc': 0.7676767706871033}
{'fold': 1, 'epoch': 1250, 'train_loss': 0.07762404531240463, 'val_loss': 2.5632317066192627, 'test_acc': 0.7676767706871033}
{'fold': 1, 'epoch': 1300, 'train_loss': 0.04582136496901512, 'val_loss': 2.563232183456421, 'test_acc': 0.7676767706871033}
{'fold': 1, 'epoch': 1350, 'train_loss': 0.0895068496465683, 'val_loss': 2.563232183456421, 'test_acc': 0.7676767706871033}
{'fold': 1, 'epoch': 1400, 'train_loss': 0.051908574998378754, 'val_loss': 2.563232183456421, 'test_acc': 0.7676767706871033}
{'fold': 1, 'epoch': 1450, 'train_loss': 0.04843312129378319, 'val_loss': 2.563232183456421, 'test_acc': 0.7676767706871033}
{'fold': 1, 'epoch': 1500, 'train_loss': 0.0742245465517044, 'val_loss': 2.563232183456421, 'test_acc': 0.7676767706871033}
{'fold': 2, 'epoch': 50, 'train_loss': 0.09272035211324692, 'val_loss': 2.759138584136963, 'test_acc': 0.8282828330993652}
{'fold': 2, 'epoch': 100, 'train_loss': 0.05865677446126938, 'val_loss': 2.3995048999786377, 'test_acc': 0.8383838534355164}
{'fold': 2, 'epoch': 150, 'train_loss': 0.01593155600130558, 'val_loss': 2.497982978820801, 'test_acc': 0.8383838534355164}
{'fold': 2, 'epoch': 200, 'train_loss': 0.027480298653244972, 'val_loss': 2.199018955230713, 'test_acc': 0.8383838534355164}
{'fold': 2, 'epoch': 250, 'train_loss': 0.036523327231407166, 'val_loss': 2.1033310890197754, 'test_acc': 0.8282828330993652}
{'fold': 2, 'epoch': 300, 'train_loss': 0.037336234003305435, 'val_loss': 2.0756382942199707, 'test_acc': 0.8484848737716675}
{'fold': 2, 'epoch': 350, 'train_loss': 0.024436745792627335, 'val_loss': 2.0596184730529785, 'test_acc': 0.8484848737716675}
{'fold': 2, 'epoch': 400, 'train_loss': 0.022638820111751556, 'val_loss': 2.0380194187164307, 'test_acc': 0.8484848737716675}
{'fold': 2, 'epoch': 450, 'train_loss': 0.018550613895058632, 'val_loss': 2.0421698093414307, 'test_acc': 0.8484848737716675}
{'fold': 2, 'epoch': 500, 'train_loss': 0.024893755093216896, 'val_loss': 2.0194647312164307, 'test_acc': 0.8383838534355164}
{'fold': 2, 'epoch': 550, 'train_loss': 0.02353881113231182, 'val_loss': 2.017378091812134, 'test_acc': 0.8383838534355164}
{'fold': 2, 'epoch': 600, 'train_loss': 0.01898006908595562, 'val_loss': 2.0193958282470703, 'test_acc': 0.8383838534355164}
{'fold': 2, 'epoch': 650, 'train_loss': 0.033139511942863464, 'val_loss': 2.020228147506714, 'test_acc': 0.8383838534355164}
{'fold': 2, 'epoch': 700, 'train_loss': 0.021905086934566498, 'val_loss': 2.019155740737915, 'test_acc': 0.8383838534355164}
{'fold': 2, 'epoch': 750, 'train_loss': 0.021324720233678818, 'val_loss': 2.018744707107544, 'test_acc': 0.8383838534355164}
{'fold': 2, 'epoch': 800, 'train_loss': 0.02037140354514122, 'val_loss': 2.0187532901763916, 'test_acc': 0.8383838534355164}
{'fold': 2, 'epoch': 850, 'train_loss': 0.028195573017001152, 'val_loss': 2.018794059753418, 'test_acc': 0.8383838534355164}
{'fold': 2, 'epoch': 900, 'train_loss': 0.010678992606699467, 'val_loss': 2.018831253051758, 'test_acc': 0.8383838534355164}
{'fold': 2, 'epoch': 950, 'train_loss': 0.023954739794135094, 'val_loss': 2.018827438354492, 'test_acc': 0.8383838534355164}
{'fold': 2, 'epoch': 1000, 'train_loss': 0.016175908967852592, 'val_loss': 2.0188205242156982, 'test_acc': 0.8383838534355164}
{'fold': 2, 'epoch': 1050, 'train_loss': 0.025949392467737198, 'val_loss': 2.0188210010528564, 'test_acc': 0.8383838534355164}
{'fold': 2, 'epoch': 1100, 'train_loss': 0.019207628443837166, 'val_loss': 2.0188190937042236, 'test_acc': 0.8383838534355164}
{'fold': 2, 'epoch': 1150, 'train_loss': 0.038464102894067764, 'val_loss': 2.0188190937042236, 'test_acc': 0.8383838534355164}
{'fold': 2, 'epoch': 1200, 'train_loss': 0.011098276823759079, 'val_loss': 2.0188190937042236, 'test_acc': 0.8383838534355164}
{'fold': 2, 'epoch': 1250, 'train_loss': 0.019860535860061646, 'val_loss': 2.0188190937042236, 'test_acc': 0.8383838534355164}
{'fold': 2, 'epoch': 1300, 'train_loss': 0.02360905334353447, 'val_loss': 2.0188193321228027, 'test_acc': 0.8383838534355164}
{'fold': 2, 'epoch': 1350, 'train_loss': 0.02912209928035736, 'val_loss': 2.0188193321228027, 'test_acc': 0.8383838534355164}
{'fold': 2, 'epoch': 1400, 'train_loss': 0.031069885939359665, 'val_loss': 2.0188193321228027, 'test_acc': 0.8383838534355164}
{'fold': 2, 'epoch': 1450, 'train_loss': 0.023872239515185356, 'val_loss': 2.0188193321228027, 'test_acc': 0.8383838534355164}
{'fold': 2, 'epoch': 1500, 'train_loss': 0.02396293543279171, 'val_loss': 2.0188193321228027, 'test_acc': 0.8383838534355164}
{'fold': 3, 'epoch': 50, 'train_loss': 0.09944155067205429, 'val_loss': 2.1501567363739014, 'test_acc': 0.7878788113594055}
{'fold': 3, 'epoch': 100, 'train_loss': 0.06543651223182678, 'val_loss': 2.032052993774414, 'test_acc': 0.7777777910232544}
{'fold': 3, 'epoch': 150, 'train_loss': 0.05992712825536728, 'val_loss': 1.86083984375, 'test_acc': 0.7979797720909119}
{'fold': 3, 'epoch': 200, 'train_loss': 0.06470723450183868, 'val_loss': 1.9070123434066772, 'test_acc': 0.808080792427063}
{'fold': 3, 'epoch': 250, 'train_loss': 0.04844954237341881, 'val_loss': 1.9189804792404175, 'test_acc': 0.808080792427063}
{'fold': 3, 'epoch': 300, 'train_loss': 0.055162761360406876, 'val_loss': 1.9136333465576172, 'test_acc': 0.7979797720909119}
{'fold': 3, 'epoch': 350, 'train_loss': 0.05167995020747185, 'val_loss': 1.7922935485839844, 'test_acc': 0.808080792427063}
{'fold': 3, 'epoch': 400, 'train_loss': 0.03684108331799507, 'val_loss': 1.8106738328933716, 'test_acc': 0.808080792427063}
{'fold': 3, 'epoch': 450, 'train_loss': 0.054126933217048645, 'val_loss': 1.8037657737731934, 'test_acc': 0.8181818127632141}
{'fold': 3, 'epoch': 500, 'train_loss': 0.07382464408874512, 'val_loss': 1.802927017211914, 'test_acc': 0.8181818127632141}
{'fold': 3, 'epoch': 550, 'train_loss': 0.032493956387043, 'val_loss': 1.808892011642456, 'test_acc': 0.8181818127632141}
{'fold': 3, 'epoch': 600, 'train_loss': 0.04375940188765526, 'val_loss': 1.8117791414260864, 'test_acc': 0.8181818127632141}
{'fold': 3, 'epoch': 650, 'train_loss': 0.0429733470082283, 'val_loss': 1.8113459348678589, 'test_acc': 0.808080792427063}
{'fold': 3, 'epoch': 700, 'train_loss': 0.06264819204807281, 'val_loss': 1.8103753328323364, 'test_acc': 0.8181818127632141}
{'fold': 3, 'epoch': 750, 'train_loss': 0.07987897843122482, 'val_loss': 1.8098407983779907, 'test_acc': 0.8181818127632141}
{'fold': 3, 'epoch': 800, 'train_loss': 0.0763738825917244, 'val_loss': 1.8099853992462158, 'test_acc': 0.8181818127632141}
{'fold': 3, 'epoch': 850, 'train_loss': 0.039849888533353806, 'val_loss': 1.8101105690002441, 'test_acc': 0.8181818127632141}
{'fold': 3, 'epoch': 900, 'train_loss': 0.06744382530450821, 'val_loss': 1.8100485801696777, 'test_acc': 0.8181818127632141}
{'fold': 3, 'epoch': 950, 'train_loss': 0.035693518817424774, 'val_loss': 1.8100327253341675, 'test_acc': 0.8181818127632141}
{'fold': 3, 'epoch': 1000, 'train_loss': 0.06042463332414627, 'val_loss': 1.8100824356079102, 'test_acc': 0.8181818127632141}
{'fold': 3, 'epoch': 1050, 'train_loss': 0.04057690128684044, 'val_loss': 1.810070276260376, 'test_acc': 0.8181818127632141}
{'fold': 3, 'epoch': 1100, 'train_loss': 0.052901171147823334, 'val_loss': 1.8100669384002686, 'test_acc': 0.8181818127632141}
{'fold': 3, 'epoch': 1150, 'train_loss': 0.07514458149671555, 'val_loss': 1.8100694417953491, 'test_acc': 0.8181818127632141}
{'fold': 3, 'epoch': 1200, 'train_loss': 0.05898104980587959, 'val_loss': 1.8100687265396118, 'test_acc': 0.8181818127632141}
{'fold': 3, 'epoch': 1250, 'train_loss': 0.052720341831445694, 'val_loss': 1.8100690841674805, 'test_acc': 0.8181818127632141}
{'fold': 3, 'epoch': 1300, 'train_loss': 0.05644228681921959, 'val_loss': 1.8100690841674805, 'test_acc': 0.8181818127632141}
{'fold': 3, 'epoch': 1350, 'train_loss': 0.0669635757803917, 'val_loss': 1.8100690841674805, 'test_acc': 0.8181818127632141}
{'fold': 3, 'epoch': 1400, 'train_loss': 0.05534014478325844, 'val_loss': 1.8100690841674805, 'test_acc': 0.8181818127632141}
{'fold': 3, 'epoch': 1450, 'train_loss': 0.04309428110718727, 'val_loss': 1.8100690841674805, 'test_acc': 0.8181818127632141}
{'fold': 3, 'epoch': 1500, 'train_loss': 0.035309791564941406, 'val_loss': 1.8100690841674805, 'test_acc': 0.8181818127632141}
{'fold': 4, 'epoch': 50, 'train_loss': 0.13407687842845917, 'val_loss': 2.08071231842041, 'test_acc': 0.7777777910232544}
{'fold': 4, 'epoch': 100, 'train_loss': 0.04826293885707855, 'val_loss': 1.5833531618118286, 'test_acc': 0.7878788113594055}
{'fold': 4, 'epoch': 150, 'train_loss': 0.06137502193450928, 'val_loss': 1.440354347229004, 'test_acc': 0.7878788113594055}
{'fold': 4, 'epoch': 200, 'train_loss': 0.04931517317891121, 'val_loss': 1.5769754648208618, 'test_acc': 0.7777777910232544}
{'fold': 4, 'epoch': 250, 'train_loss': 0.050676699727773666, 'val_loss': 1.799541711807251, 'test_acc': 0.7777777910232544}
{'fold': 4, 'epoch': 300, 'train_loss': 0.069486603140831, 'val_loss': 1.744311809539795, 'test_acc': 0.7777777910232544}
{'fold': 4, 'epoch': 350, 'train_loss': 0.029398467391729355, 'val_loss': 1.8195891380310059, 'test_acc': 0.7777777910232544}
{'fold': 4, 'epoch': 400, 'train_loss': 0.05621805042028427, 'val_loss': 1.8120242357254028, 'test_acc': 0.7777777910232544}
{'fold': 4, 'epoch': 450, 'train_loss': 0.040276139974594116, 'val_loss': 1.7992428541183472, 'test_acc': 0.7777777910232544}
{'fold': 4, 'epoch': 500, 'train_loss': 0.02702873945236206, 'val_loss': 1.7901057004928589, 'test_acc': 0.7777777910232544}
{'fold': 4, 'epoch': 550, 'train_loss': 0.04345349967479706, 'val_loss': 1.7834455966949463, 'test_acc': 0.7777777910232544}
{'fold': 4, 'epoch': 600, 'train_loss': 0.0639689564704895, 'val_loss': 1.7825292348861694, 'test_acc': 0.7777777910232544}
{'fold': 4, 'epoch': 650, 'train_loss': 0.038191065192222595, 'val_loss': 1.7828320264816284, 'test_acc': 0.7777777910232544}
{'fold': 4, 'epoch': 700, 'train_loss': 0.025797955691814423, 'val_loss': 1.7819281816482544, 'test_acc': 0.7777777910232544}
{'fold': 4, 'epoch': 750, 'train_loss': 0.04272306710481644, 'val_loss': 1.7819708585739136, 'test_acc': 0.7777777910232544}
{'fold': 4, 'epoch': 800, 'train_loss': 0.03789890557527542, 'val_loss': 1.7815004587173462, 'test_acc': 0.7777777910232544}
{'fold': 4, 'epoch': 850, 'train_loss': 0.04275534301996231, 'val_loss': 1.7815015316009521, 'test_acc': 0.7777777910232544}
{'fold': 4, 'epoch': 900, 'train_loss': 0.033980775624513626, 'val_loss': 1.781477928161621, 'test_acc': 0.7777777910232544}
{'fold': 4, 'epoch': 950, 'train_loss': 0.021751999855041504, 'val_loss': 1.781461477279663, 'test_acc': 0.7777777910232544}
{'fold': 4, 'epoch': 1000, 'train_loss': 0.03648295998573303, 'val_loss': 1.781449794769287, 'test_acc': 0.7777777910232544}
{'fold': 4, 'epoch': 1050, 'train_loss': 0.04329535737633705, 'val_loss': 1.7814494371414185, 'test_acc': 0.7777777910232544}
{'fold': 4, 'epoch': 1100, 'train_loss': 0.02609873190522194, 'val_loss': 1.78145432472229, 'test_acc': 0.7777777910232544}
{'fold': 4, 'epoch': 1150, 'train_loss': 0.032147280871868134, 'val_loss': 1.7814550399780273, 'test_acc': 0.7777777910232544}
{'fold': 4, 'epoch': 1200, 'train_loss': 0.03980576992034912, 'val_loss': 1.7814546823501587, 'test_acc': 0.7777777910232544}
{'fold': 4, 'epoch': 1250, 'train_loss': 0.06807566434144974, 'val_loss': 1.7814552783966064, 'test_acc': 0.7777777910232544}
{'fold': 4, 'epoch': 1300, 'train_loss': 0.02604091353714466, 'val_loss': 1.7814550399780273, 'test_acc': 0.7777777910232544}
{'fold': 4, 'epoch': 1350, 'train_loss': 0.05278681218624115, 'val_loss': 1.7814552783966064, 'test_acc': 0.7777777910232544}
{'fold': 4, 'epoch': 1400, 'train_loss': 0.024687813594937325, 'val_loss': 1.781455159187317, 'test_acc': 0.7777777910232544}
{'fold': 4, 'epoch': 1450, 'train_loss': 0.04084550589323044, 'val_loss': 1.7814552783966064, 'test_acc': 0.7777777910232544}
{'fold': 4, 'epoch': 1500, 'train_loss': 0.0449594184756279, 'val_loss': 1.7814552783966064, 'test_acc': 0.7777777910232544}
Val Loss: 1.0439, Test Accuracy: 0.621 +/- 0.119, Duration: 72.756
Model(0) results: loss=1.044, accuracy=0.621, std=0.119, cv_params={'epoch': 1500, 'hidden': 32, 'layer': 2, 'lr': 0.1, 'net': <class 'models.GCNConv'>}
Best Model(0) results: loss=1.044, accuracy=0.621, std=0.119, cv_params={'epoch': 1500, 'hidden': 32, 'layer': 2, 'lr': 0.1, 'net': <class 'models.GCNConv'>}

# Evaluating model(1): {'epoch': 1500, 'hidden': 48, 'layer': 2, 'lr': 0.1, 'net': <class 'models.GCNConv'>}
{'fold': 0, 'epoch': 50, 'train_loss': 0.22092396020889282, 'val_loss': 1.4753334522247314, 'test_acc': 0.5899999737739563}
{'fold': 0, 'epoch': 100, 'train_loss': 0.09440954774618149, 'val_loss': 1.41633939743042, 'test_acc': 0.7200000286102295}
{'fold': 0, 'epoch': 150, 'train_loss': 0.0810539573431015, 'val_loss': 1.8101775646209717, 'test_acc': 0.7300000190734863}
{'fold': 0, 'epoch': 200, 'train_loss': 0.0841379389166832, 'val_loss': 1.7038912773132324, 'test_acc': 0.7699999809265137}
{'fold': 0, 'epoch': 250, 'train_loss': 0.06666270643472672, 'val_loss': 1.698610544204712, 'test_acc': 0.7799999713897705}
{'fold': 0, 'epoch': 300, 'train_loss': 0.06188614293932915, 'val_loss': 1.6771296262741089, 'test_acc': 0.7799999713897705}
{'fold': 0, 'epoch': 350, 'train_loss': 0.03772007301449776, 'val_loss': 1.6539753675460815, 'test_acc': 0.7599999904632568}
{'fold': 0, 'epoch': 400, 'train_loss': 0.04437122121453285, 'val_loss': 1.6681395769119263, 'test_acc': 0.7799999713897705}
{'fold': 0, 'epoch': 450, 'train_loss': 0.06928345561027527, 'val_loss': 1.6954389810562134, 'test_acc': 0.7799999713897705}
{'fold': 0, 'epoch': 500, 'train_loss': 0.06425273418426514, 'val_loss': 1.694476842880249, 'test_acc': 0.7799999713897705}
{'fold': 0, 'epoch': 550, 'train_loss': 0.04125051572918892, 'val_loss': 1.69227933883667, 'test_acc': 0.7799999713897705}
{'fold': 0, 'epoch': 600, 'train_loss': 0.06566748768091202, 'val_loss': 1.6927801370620728, 'test_acc': 0.7799999713897705}
{'fold': 0, 'epoch': 650, 'train_loss': 0.04884282127022743, 'val_loss': 1.6905852556228638, 'test_acc': 0.7799999713897705}
{'fold': 0, 'epoch': 700, 'train_loss': 0.05851569026708603, 'val_loss': 1.6911537647247314, 'test_acc': 0.7799999713897705}
{'fold': 0, 'epoch': 750, 'train_loss': 0.07504645735025406, 'val_loss': 1.6918903589248657, 'test_acc': 0.7799999713897705}
{'fold': 0, 'epoch': 800, 'train_loss': 0.06232203170657158, 'val_loss': 1.6921581029891968, 'test_acc': 0.7799999713897705}
{'fold': 0, 'epoch': 850, 'train_loss': 0.04943476989865303, 'val_loss': 1.6921170949935913, 'test_acc': 0.7799999713897705}
{'fold': 0, 'epoch': 900, 'train_loss': 0.04043380171060562, 'val_loss': 1.6920973062515259, 'test_acc': 0.7799999713897705}
{'fold': 0, 'epoch': 950, 'train_loss': 0.049135722219944, 'val_loss': 1.6920753717422485, 'test_acc': 0.7799999713897705}
{'fold': 0, 'epoch': 1000, 'train_loss': 0.057362958788871765, 'val_loss': 1.6920850276947021, 'test_acc': 0.7799999713897705}
{'fold': 0, 'epoch': 1050, 'train_loss': 0.03602100908756256, 'val_loss': 1.6920936107635498, 'test_acc': 0.7799999713897705}
{'fold': 0, 'epoch': 1100, 'train_loss': 0.05360855162143707, 'val_loss': 1.6920955181121826, 'test_acc': 0.7799999713897705}
{'fold': 0, 'epoch': 1150, 'train_loss': 0.04001772031188011, 'val_loss': 1.6920973062515259, 'test_acc': 0.7799999713897705}
{'fold': 0, 'epoch': 1200, 'train_loss': 0.05551256611943245, 'val_loss': 1.6920969486236572, 'test_acc': 0.7799999713897705}
{'fold': 0, 'epoch': 1250, 'train_loss': 0.056272704154253006, 'val_loss': 1.692096471786499, 'test_acc': 0.7799999713897705}
{'fold': 0, 'epoch': 1300, 'train_loss': 0.06381209939718246, 'val_loss': 1.692096471786499, 'test_acc': 0.7799999713897705}
{'fold': 0, 'epoch': 1350, 'train_loss': 0.06232137233018875, 'val_loss': 1.6920965909957886, 'test_acc': 0.7799999713897705}
{'fold': 0, 'epoch': 1400, 'train_loss': 0.031633999198675156, 'val_loss': 1.692096471786499, 'test_acc': 0.7799999713897705}
{'fold': 0, 'epoch': 1450, 'train_loss': 0.03141748532652855, 'val_loss': 1.692096471786499, 'test_acc': 0.7799999713897705}
{'fold': 0, 'epoch': 1500, 'train_loss': 0.05678514763712883, 'val_loss': 1.692096471786499, 'test_acc': 0.7799999713897705}
{'fold': 1, 'epoch': 50, 'train_loss': 0.2683885097503662, 'val_loss': 3.309542655944824, 'test_acc': 0.7070707082748413}
{'fold': 1, 'epoch': 100, 'train_loss': 0.07817815244197845, 'val_loss': 3.36228609085083, 'test_acc': 0.7878788113594055}
{'fold': 1, 'epoch': 150, 'train_loss': 0.04450839385390282, 'val_loss': 2.6222970485687256, 'test_acc': 0.7979797720909119}
{'fold': 1, 'epoch': 200, 'train_loss': 0.03881527855992317, 'val_loss': 2.8329203128814697, 'test_acc': 0.7878788113594055}
{'fold': 1, 'epoch': 250, 'train_loss': 0.02643129974603653, 'val_loss': 2.8966076374053955, 'test_acc': 0.7777777910232544}
{'fold': 1, 'epoch': 300, 'train_loss': 0.04079265147447586, 'val_loss': 2.81727933883667, 'test_acc': 0.7777777910232544}
{'fold': 1, 'epoch': 350, 'train_loss': 0.032784298062324524, 'val_loss': 2.7631711959838867, 'test_acc': 0.7777777910232544}
{'fold': 1, 'epoch': 400, 'train_loss': 0.03184189274907112, 'val_loss': 2.7545833587646484, 'test_acc': 0.7777777910232544}
{'fold': 1, 'epoch': 450, 'train_loss': 0.015531118959188461, 'val_loss': 2.7646546363830566, 'test_acc': 0.7777777910232544}
{'fold': 1, 'epoch': 500, 'train_loss': 0.06854873895645142, 'val_loss': 2.757519245147705, 'test_acc': 0.7777777910232544}
{'fold': 1, 'epoch': 550, 'train_loss': 0.021893111988902092, 'val_loss': 2.756758213043213, 'test_acc': 0.7878788113594055}
{'fold': 1, 'epoch': 600, 'train_loss': 0.05752331018447876, 'val_loss': 2.7515804767608643, 'test_acc': 0.7878788113594055}
{'fold': 1, 'epoch': 650, 'train_loss': 0.05224058777093887, 'val_loss': 2.7499396800994873, 'test_acc': 0.7878788113594055}
{'fold': 1, 'epoch': 700, 'train_loss': 0.036995384842157364, 'val_loss': 2.7493343353271484, 'test_acc': 0.7878788113594055}
{'fold': 1, 'epoch': 750, 'train_loss': 0.03723425790667534, 'val_loss': 2.7492151260375977, 'test_acc': 0.7878788113594055}
{'fold': 1, 'epoch': 800, 'train_loss': 0.026832828298211098, 'val_loss': 2.749102830886841, 'test_acc': 0.7878788113594055}
{'fold': 1, 'epoch': 850, 'train_loss': 0.017974499613046646, 'val_loss': 2.749037265777588, 'test_acc': 0.7878788113594055}
{'fold': 1, 'epoch': 900, 'train_loss': 0.027560992166399956, 'val_loss': 2.7490291595458984, 'test_acc': 0.7878788113594055}
{'fold': 1, 'epoch': 950, 'train_loss': 0.021636735647916794, 'val_loss': 2.7490615844726562, 'test_acc': 0.7878788113594055}
{'fold': 1, 'epoch': 1000, 'train_loss': 0.030960939824581146, 'val_loss': 2.7490384578704834, 'test_acc': 0.7878788113594055}
{'fold': 1, 'epoch': 1050, 'train_loss': 0.01600709557533264, 'val_loss': 2.7490367889404297, 'test_acc': 0.7878788113594055}
{'fold': 1, 'epoch': 1100, 'train_loss': 0.036364905536174774, 'val_loss': 2.749037504196167, 'test_acc': 0.7878788113594055}
{'fold': 1, 'epoch': 1150, 'train_loss': 0.039705533534288406, 'val_loss': 2.7490367889404297, 'test_acc': 0.7878788113594055}
{'fold': 1, 'epoch': 1200, 'train_loss': 0.025802399963140488, 'val_loss': 2.749037265777588, 'test_acc': 0.7878788113594055}
{'fold': 1, 'epoch': 1250, 'train_loss': 0.033104270696640015, 'val_loss': 2.749037504196167, 'test_acc': 0.7878788113594055}
{'fold': 1, 'epoch': 1300, 'train_loss': 0.037358544766902924, 'val_loss': 2.749037504196167, 'test_acc': 0.7878788113594055}
{'fold': 1, 'epoch': 1350, 'train_loss': 0.02887323498725891, 'val_loss': 2.749037504196167, 'test_acc': 0.7878788113594055}
{'fold': 1, 'epoch': 1400, 'train_loss': 0.027082767337560654, 'val_loss': 2.749037504196167, 'test_acc': 0.7878788113594055}
{'fold': 1, 'epoch': 1450, 'train_loss': 0.04273902624845505, 'val_loss': 2.749037504196167, 'test_acc': 0.7878788113594055}
{'fold': 1, 'epoch': 1500, 'train_loss': 0.03809938579797745, 'val_loss': 2.749037504196167, 'test_acc': 0.7878788113594055}
{'fold': 2, 'epoch': 50, 'train_loss': 0.050450269132852554, 'val_loss': 2.671722650527954, 'test_acc': 0.8282828330993652}
{'fold': 2, 'epoch': 100, 'train_loss': 0.03962431848049164, 'val_loss': 2.222585916519165, 'test_acc': 0.8383838534355164}
{'fold': 2, 'epoch': 150, 'train_loss': 0.008893081918358803, 'val_loss': 2.5672876834869385, 'test_acc': 0.8585858345031738}
{'fold': 2, 'epoch': 200, 'train_loss': 0.012710859067738056, 'val_loss': 1.9544334411621094, 'test_acc': 0.8282828330993652}
{'fold': 2, 'epoch': 250, 'train_loss': 0.01024168822914362, 'val_loss': 2.0291435718536377, 'test_acc': 0.8383838534355164}
{'fold': 2, 'epoch': 300, 'train_loss': 0.012270555831491947, 'val_loss': 2.028858184814453, 'test_acc': 0.8484848737716675}
{'fold': 2, 'epoch': 350, 'train_loss': 0.010836676694452763, 'val_loss': 1.9611494541168213, 'test_acc': 0.8282828330993652}
{'fold': 2, 'epoch': 400, 'train_loss': 0.0064669460989534855, 'val_loss': 1.9734668731689453, 'test_acc': 0.8282828330993652}
{'fold': 2, 'epoch': 450, 'train_loss': 0.01395332906395197, 'val_loss': 1.964398741722107, 'test_acc': 0.8282828330993652}
{'fold': 2, 'epoch': 500, 'train_loss': 0.013814153149724007, 'val_loss': 1.9516047239303589, 'test_acc': 0.8282828330993652}
{'fold': 2, 'epoch': 550, 'train_loss': 0.015535499900579453, 'val_loss': 1.9467579126358032, 'test_acc': 0.8282828330993652}
{'fold': 2, 'epoch': 600, 'train_loss': 0.01338128186762333, 'val_loss': 1.9471125602722168, 'test_acc': 0.8282828330993652}
{'fold': 2, 'epoch': 650, 'train_loss': 0.017948215827345848, 'val_loss': 1.94797945022583, 'test_acc': 0.8282828330993652}
{'fold': 2, 'epoch': 700, 'train_loss': 0.015510897152125835, 'val_loss': 1.9473780393600464, 'test_acc': 0.8282828330993652}
{'fold': 2, 'epoch': 750, 'train_loss': 0.030476855114102364, 'val_loss': 1.9475175142288208, 'test_acc': 0.8282828330993652}
{'fold': 2, 'epoch': 800, 'train_loss': 0.03767721354961395, 'val_loss': 1.9474461078643799, 'test_acc': 0.8282828330993652}
{'fold': 2, 'epoch': 850, 'train_loss': 0.012542449869215488, 'val_loss': 1.9475475549697876, 'test_acc': 0.8282828330993652}
{'fold': 2, 'epoch': 900, 'train_loss': 0.02032831870019436, 'val_loss': 1.9476313591003418, 'test_acc': 0.8282828330993652}
{'fold': 2, 'epoch': 950, 'train_loss': 0.013624029234051704, 'val_loss': 1.9476667642593384, 'test_acc': 0.8282828330993652}
{'fold': 2, 'epoch': 1000, 'train_loss': 0.01172250509262085, 'val_loss': 1.947689175605774, 'test_acc': 0.8282828330993652}
{'fold': 2, 'epoch': 1050, 'train_loss': 0.01582803949713707, 'val_loss': 1.9476895332336426, 'test_acc': 0.8282828330993652}
{'fold': 2, 'epoch': 1100, 'train_loss': 0.0127326725050807, 'val_loss': 1.9476960897445679, 'test_acc': 0.8282828330993652}
{'fold': 2, 'epoch': 1150, 'train_loss': 0.012345490045845509, 'val_loss': 1.9476985931396484, 'test_acc': 0.8282828330993652}
{'fold': 2, 'epoch': 1200, 'train_loss': 0.014285996556282043, 'val_loss': 1.9476991891860962, 'test_acc': 0.8282828330993652}
{'fold': 2, 'epoch': 1250, 'train_loss': 0.021043768152594566, 'val_loss': 1.9476991891860962, 'test_acc': 0.8282828330993652}
{'fold': 2, 'epoch': 1300, 'train_loss': 0.015797408297657967, 'val_loss': 1.9476991891860962, 'test_acc': 0.8282828330993652}
{'fold': 2, 'epoch': 1350, 'train_loss': 0.02063162624835968, 'val_loss': 1.9476991891860962, 'test_acc': 0.8282828330993652}
{'fold': 2, 'epoch': 1400, 'train_loss': 0.014757579192519188, 'val_loss': 1.9476991891860962, 'test_acc': 0.8282828330993652}
{'fold': 2, 'epoch': 1450, 'train_loss': 0.011323819868266582, 'val_loss': 1.9476991891860962, 'test_acc': 0.8282828330993652}
{'fold': 2, 'epoch': 1500, 'train_loss': 0.014786697924137115, 'val_loss': 1.9476991891860962, 'test_acc': 0.8282828330993652}
{'fold': 3, 'epoch': 50, 'train_loss': 0.8409595489501953, 'val_loss': 1.9781574010849, 'test_acc': 0.6565656661987305}
{'fold': 3, 'epoch': 100, 'train_loss': 0.2130347490310669, 'val_loss': 1.4393532276153564, 'test_acc': 0.7575757503509521}
{'fold': 3, 'epoch': 150, 'train_loss': 0.13847596943378448, 'val_loss': 1.257278561592102, 'test_acc': 0.7878788113594055}
{'fold': 3, 'epoch': 200, 'train_loss': 0.10404716432094574, 'val_loss': 1.4628658294677734, 'test_acc': 0.7878788113594055}
{'fold': 3, 'epoch': 250, 'train_loss': 0.08223731815814972, 'val_loss': 1.2443290948867798, 'test_acc': 0.7676767706871033}
{'fold': 3, 'epoch': 300, 'train_loss': 0.10608179122209549, 'val_loss': 1.230936050415039, 'test_acc': 0.7878788113594055}
{'fold': 3, 'epoch': 350, 'train_loss': 0.09089887887239456, 'val_loss': 1.2506307363510132, 'test_acc': 0.7878788113594055}
{'fold': 3, 'epoch': 400, 'train_loss': 0.08780118077993393, 'val_loss': 1.242693543434143, 'test_acc': 0.7878788113594055}
{'fold': 3, 'epoch': 450, 'train_loss': 0.10523750633001328, 'val_loss': 1.2312817573547363, 'test_acc': 0.7878788113594055}
{'fold': 3, 'epoch': 500, 'train_loss': 0.061833977699279785, 'val_loss': 1.2324296236038208, 'test_acc': 0.7878788113594055}
{'fold': 3, 'epoch': 550, 'train_loss': 0.08297549933195114, 'val_loss': 1.23623788356781, 'test_acc': 0.7878788113594055}
{'fold': 3, 'epoch': 600, 'train_loss': 0.1248854473233223, 'val_loss': 1.2384940385818481, 'test_acc': 0.7878788113594055}
{'fold': 3, 'epoch': 650, 'train_loss': 0.08069435507059097, 'val_loss': 1.238732933998108, 'test_acc': 0.7878788113594055}
{'fold': 3, 'epoch': 700, 'train_loss': 0.09320874512195587, 'val_loss': 1.2377712726593018, 'test_acc': 0.7878788113594055}
{'fold': 3, 'epoch': 750, 'train_loss': 0.11032725125551224, 'val_loss': 1.237800121307373, 'test_acc': 0.7878788113594055}
{'fold': 3, 'epoch': 800, 'train_loss': 0.10674377530813217, 'val_loss': 1.2379862070083618, 'test_acc': 0.7878788113594055}
{'fold': 3, 'epoch': 850, 'train_loss': 0.11423061043024063, 'val_loss': 1.238023042678833, 'test_acc': 0.7878788113594055}
{'fold': 3, 'epoch': 900, 'train_loss': 0.12149755656719208, 'val_loss': 1.2380062341690063, 'test_acc': 0.7878788113594055}
{'fold': 3, 'epoch': 950, 'train_loss': 0.1069936603307724, 'val_loss': 1.2379816770553589, 'test_acc': 0.7878788113594055}
{'fold': 3, 'epoch': 1000, 'train_loss': 0.0780966579914093, 'val_loss': 1.2379822731018066, 'test_acc': 0.7878788113594055}
{'fold': 3, 'epoch': 1050, 'train_loss': 0.08503370732069016, 'val_loss': 1.2379816770553589, 'test_acc': 0.7878788113594055}
{'fold': 3, 'epoch': 1100, 'train_loss': 0.09832946211099625, 'val_loss': 1.237984538078308, 'test_acc': 0.7878788113594055}
{'fold': 3, 'epoch': 1150, 'train_loss': 0.09279682487249374, 'val_loss': 1.2379846572875977, 'test_acc': 0.7878788113594055}
{'fold': 3, 'epoch': 1200, 'train_loss': 0.07406577467918396, 'val_loss': 1.2379833459854126, 'test_acc': 0.7878788113594055}
{'fold': 3, 'epoch': 1250, 'train_loss': 0.05767817795276642, 'val_loss': 1.237982988357544, 'test_acc': 0.7878788113594055}
{'fold': 3, 'epoch': 1300, 'train_loss': 0.08355610817670822, 'val_loss': 1.237982988357544, 'test_acc': 0.7878788113594055}
{'fold': 3, 'epoch': 1350, 'train_loss': 0.07090483605861664, 'val_loss': 1.2379831075668335, 'test_acc': 0.7878788113594055}
{'fold': 3, 'epoch': 1400, 'train_loss': 0.13614769279956818, 'val_loss': 1.2379831075668335, 'test_acc': 0.7878788113594055}
{'fold': 3, 'epoch': 1450, 'train_loss': 0.08566771447658539, 'val_loss': 1.2379831075668335, 'test_acc': 0.7878788113594055}
{'fold': 3, 'epoch': 1500, 'train_loss': 0.08707981556653976, 'val_loss': 1.2379831075668335, 'test_acc': 0.7878788113594055}
{'fold': 4, 'epoch': 50, 'train_loss': 0.25009047985076904, 'val_loss': 2.1623144149780273, 'test_acc': 0.7373737096786499}
{'fold': 4, 'epoch': 100, 'train_loss': 0.11037054657936096, 'val_loss': 2.0421812534332275, 'test_acc': 0.7979797720909119}
{'fold': 4, 'epoch': 150, 'train_loss': 0.06551976501941681, 'val_loss': 1.7981433868408203, 'test_acc': 0.7979797720909119}
{'fold': 4, 'epoch': 200, 'train_loss': 0.05270584672689438, 'val_loss': 1.7483845949172974, 'test_acc': 0.7878788113594055}
{'fold': 4, 'epoch': 250, 'train_loss': 0.04718251898884773, 'val_loss': 1.8456764221191406, 'test_acc': 0.7878788113594055}
{'fold': 4, 'epoch': 300, 'train_loss': 0.06123333424329758, 'val_loss': 1.8630640506744385, 'test_acc': 0.7676767706871033}
{'fold': 4, 'epoch': 350, 'train_loss': 0.04289669916033745, 'val_loss': 1.898268222808838, 'test_acc': 0.7777777910232544}
{'fold': 4, 'epoch': 400, 'train_loss': 0.027124734595417976, 'val_loss': 1.8757339715957642, 'test_acc': 0.7878788113594055}
{'fold': 4, 'epoch': 450, 'train_loss': 0.022807296365499496, 'val_loss': 1.8844902515411377, 'test_acc': 0.7777777910232544}
{'fold': 4, 'epoch': 500, 'train_loss': 0.021971113979816437, 'val_loss': 1.8822211027145386, 'test_acc': 0.7777777910232544}
{'fold': 4, 'epoch': 550, 'train_loss': 0.042781244963407516, 'val_loss': 1.8840298652648926, 'test_acc': 0.7777777910232544}
{'fold': 4, 'epoch': 600, 'train_loss': 0.02574077993631363, 'val_loss': 1.8859286308288574, 'test_acc': 0.7777777910232544}
{'fold': 4, 'epoch': 650, 'train_loss': 0.06126449257135391, 'val_loss': 1.8865920305252075, 'test_acc': 0.7777777910232544}
{'fold': 4, 'epoch': 700, 'train_loss': 0.03811580315232277, 'val_loss': 1.8872766494750977, 'test_acc': 0.7777777910232544}
{'fold': 4, 'epoch': 750, 'train_loss': 0.05605503171682358, 'val_loss': 1.8871760368347168, 'test_acc': 0.7777777910232544}
{'fold': 4, 'epoch': 800, 'train_loss': 0.045747075229883194, 'val_loss': 1.8869434595108032, 'test_acc': 0.7777777910232544}
{'fold': 4, 'epoch': 850, 'train_loss': 0.037554964423179626, 'val_loss': 1.8868155479431152, 'test_acc': 0.7777777910232544}
{'fold': 4, 'epoch': 900, 'train_loss': 0.042220283299684525, 'val_loss': 1.8868073225021362, 'test_acc': 0.7777777910232544}
{'fold': 4, 'epoch': 950, 'train_loss': 0.030557511374354362, 'val_loss': 1.8868144750595093, 'test_acc': 0.7777777910232544}
{'fold': 4, 'epoch': 1000, 'train_loss': 0.03229239583015442, 'val_loss': 1.8868155479431152, 'test_acc': 0.7777777910232544}
{'fold': 4, 'epoch': 1050, 'train_loss': 0.05414179340004921, 'val_loss': 1.8868175745010376, 'test_acc': 0.7777777910232544}
{'fold': 4, 'epoch': 1100, 'train_loss': 0.03716973587870598, 'val_loss': 1.8868175745010376, 'test_acc': 0.7777777910232544}
{'fold': 4, 'epoch': 1150, 'train_loss': 0.03608335182070732, 'val_loss': 1.886818289756775, 'test_acc': 0.7777777910232544}
{'fold': 4, 'epoch': 1200, 'train_loss': 0.041655611246824265, 'val_loss': 1.8868180513381958, 'test_acc': 0.7777777910232544}
{'fold': 4, 'epoch': 1250, 'train_loss': 0.035295698791742325, 'val_loss': 1.8868178129196167, 'test_acc': 0.7777777910232544}
{'fold': 4, 'epoch': 1300, 'train_loss': 0.046515367925167084, 'val_loss': 1.8868178129196167, 'test_acc': 0.7777777910232544}
{'fold': 4, 'epoch': 1350, 'train_loss': 0.047615572810173035, 'val_loss': 1.8868176937103271, 'test_acc': 0.7777777910232544}
{'fold': 4, 'epoch': 1400, 'train_loss': 0.048220500349998474, 'val_loss': 1.8868176937103271, 'test_acc': 0.7777777910232544}
{'fold': 4, 'epoch': 1450, 'train_loss': 0.051964037120342255, 'val_loss': 1.8868176937103271, 'test_acc': 0.7777777910232544}
{'fold': 4, 'epoch': 1500, 'train_loss': 0.047648072242736816, 'val_loss': 1.8868176937103271, 'test_acc': 0.7777777910232544}
Val Loss: 1.1537, Test Accuracy: 0.645 +/- 0.129, Duration: 78.459
Model(1) results: loss=1.154, accuracy=0.645, std=0.129, cv_params={'epoch': 1500, 'hidden': 48, 'layer': 2, 'lr': 0.1, 'net': <class 'models.GCNConv'>}
Best Model(0) results: loss=1.044, accuracy=0.621, std=0.119, cv_params={'epoch': 1500, 'hidden': 32, 'layer': 2, 'lr': 0.1, 'net': <class 'models.GCNConv'>}

# Evaluating model(2): {'epoch': 1500, 'hidden': 64, 'layer': 2, 'lr': 0.1, 'net': <class 'models.GCNConv'>}
{'fold': 0, 'epoch': 50, 'train_loss': 0.38724032044410706, 'val_loss': 2.629509925842285, 'test_acc': 0.6299999952316284}
{'fold': 0, 'epoch': 100, 'train_loss': 0.08256738632917404, 'val_loss': 2.9051694869995117, 'test_acc': 0.7200000286102295}
{'fold': 0, 'epoch': 150, 'train_loss': 0.04256315156817436, 'val_loss': 2.0901551246643066, 'test_acc': 0.7300000190734863}
{'fold': 0, 'epoch': 200, 'train_loss': 0.03037637285888195, 'val_loss': 2.068600654602051, 'test_acc': 0.7599999904632568}
{'fold': 0, 'epoch': 250, 'train_loss': 0.04431600123643875, 'val_loss': 2.0803561210632324, 'test_acc': 0.7599999904632568}
{'fold': 0, 'epoch': 300, 'train_loss': 0.025522371754050255, 'val_loss': 2.0966389179229736, 'test_acc': 0.7400000095367432}
{'fold': 0, 'epoch': 350, 'train_loss': 0.034093596041202545, 'val_loss': 2.0770866870880127, 'test_acc': 0.7400000095367432}
{'fold': 0, 'epoch': 400, 'train_loss': 0.025413179770112038, 'val_loss': 2.0939717292785645, 'test_acc': 0.7400000095367432}
{'fold': 0, 'epoch': 450, 'train_loss': 0.025767909362912178, 'val_loss': 2.1132233142852783, 'test_acc': 0.7300000190734863}
{'fold': 0, 'epoch': 500, 'train_loss': 0.043989673256874084, 'val_loss': 2.100090980529785, 'test_acc': 0.7300000190734863}
{'fold': 0, 'epoch': 550, 'train_loss': 0.01822442002594471, 'val_loss': 2.1016385555267334, 'test_acc': 0.7300000190734863}
{'fold': 0, 'epoch': 600, 'train_loss': 0.019529804587364197, 'val_loss': 2.0968146324157715, 'test_acc': 0.7300000190734863}
{'fold': 0, 'epoch': 650, 'train_loss': 0.01013510674238205, 'val_loss': 2.094465494155884, 'test_acc': 0.7300000190734863}
{'fold': 0, 'epoch': 700, 'train_loss': 0.026000749319791794, 'val_loss': 2.0933682918548584, 'test_acc': 0.7300000190734863}
{'fold': 0, 'epoch': 750, 'train_loss': 0.03492296114563942, 'val_loss': 2.092571973800659, 'test_acc': 0.7300000190734863}
{'fold': 0, 'epoch': 800, 'train_loss': 0.02662726677954197, 'val_loss': 2.0924785137176514, 'test_acc': 0.7300000190734863}
{'fold': 0, 'epoch': 850, 'train_loss': 0.03554870933294296, 'val_loss': 2.0924978256225586, 'test_acc': 0.7300000190734863}
{'fold': 0, 'epoch': 900, 'train_loss': 0.03296806663274765, 'val_loss': 2.0924079418182373, 'test_acc': 0.7300000190734863}
{'fold': 0, 'epoch': 950, 'train_loss': 0.037722669541835785, 'val_loss': 2.09238862991333, 'test_acc': 0.7300000190734863}
{'fold': 0, 'epoch': 1000, 'train_loss': 0.03137939050793648, 'val_loss': 2.09236216545105, 'test_acc': 0.7300000190734863}
{'fold': 0, 'epoch': 1050, 'train_loss': 0.04446199908852577, 'val_loss': 2.0923569202423096, 'test_acc': 0.7300000190734863}
{'fold': 0, 'epoch': 1100, 'train_loss': 0.03858322277665138, 'val_loss': 2.0923593044281006, 'test_acc': 0.7300000190734863}
{'fold': 0, 'epoch': 1150, 'train_loss': 0.015240334905683994, 'val_loss': 2.09236216545105, 'test_acc': 0.7300000190734863}
{'fold': 0, 'epoch': 1200, 'train_loss': 0.02767549455165863, 'val_loss': 2.09236216545105, 'test_acc': 0.7300000190734863}
{'fold': 0, 'epoch': 1250, 'train_loss': 0.02427634969353676, 'val_loss': 2.0923619270324707, 'test_acc': 0.7300000190734863}
{'fold': 0, 'epoch': 1300, 'train_loss': 0.018156860023736954, 'val_loss': 2.0923616886138916, 'test_acc': 0.7300000190734863}
{'fold': 0, 'epoch': 1350, 'train_loss': 0.012248818762600422, 'val_loss': 2.0923616886138916, 'test_acc': 0.7300000190734863}
{'fold': 0, 'epoch': 1400, 'train_loss': 0.06113777309656143, 'val_loss': 2.0923616886138916, 'test_acc': 0.7300000190734863}
{'fold': 0, 'epoch': 1450, 'train_loss': 0.02838357351720333, 'val_loss': 2.0923616886138916, 'test_acc': 0.7300000190734863}
{'fold': 0, 'epoch': 1500, 'train_loss': 0.02478279545903206, 'val_loss': 2.0923616886138916, 'test_acc': 0.7300000190734863}
{'fold': 1, 'epoch': 50, 'train_loss': 0.0638153925538063, 'val_loss': 3.3141205310821533, 'test_acc': 0.7272727489471436}
{'fold': 1, 'epoch': 100, 'train_loss': 0.017073461785912514, 'val_loss': 3.969694137573242, 'test_acc': 0.7373737096786499}
{'fold': 1, 'epoch': 150, 'train_loss': 0.021162917837500572, 'val_loss': 3.1467654705047607, 'test_acc': 0.7878788113594055}
{'fold': 1, 'epoch': 200, 'train_loss': 0.006278336048126221, 'val_loss': 2.9191484451293945, 'test_acc': 0.7777777910232544}
{'fold': 1, 'epoch': 250, 'train_loss': 0.01807263121008873, 'val_loss': 2.570065975189209, 'test_acc': 0.7777777910232544}
{'fold': 1, 'epoch': 300, 'train_loss': 0.007134843152016401, 'val_loss': 2.7911038398742676, 'test_acc': 0.7878788113594055}
{'fold': 1, 'epoch': 350, 'train_loss': 0.020454058423638344, 'val_loss': 2.6939852237701416, 'test_acc': 0.7878788113594055}
{'fold': 1, 'epoch': 400, 'train_loss': 0.021399229764938354, 'val_loss': 2.6778647899627686, 'test_acc': 0.7878788113594055}
{'fold': 1, 'epoch': 450, 'train_loss': 0.007367460057139397, 'val_loss': 2.674125909805298, 'test_acc': 0.7878788113594055}
{'fold': 1, 'epoch': 500, 'train_loss': 0.010343100875616074, 'val_loss': 2.6691999435424805, 'test_acc': 0.7878788113594055}
{'fold': 1, 'epoch': 550, 'train_loss': 0.013636373914778233, 'val_loss': 2.6665725708007812, 'test_acc': 0.7878788113594055}
{'fold': 1, 'epoch': 600, 'train_loss': 0.006550912279635668, 'val_loss': 2.6668365001678467, 'test_acc': 0.7878788113594055}
{'fold': 1, 'epoch': 650, 'train_loss': 0.01684160716831684, 'val_loss': 2.6656792163848877, 'test_acc': 0.7878788113594055}
{'fold': 1, 'epoch': 700, 'train_loss': 0.015157444402575493, 'val_loss': 2.666182518005371, 'test_acc': 0.7878788113594055}
{'fold': 1, 'epoch': 750, 'train_loss': 0.015809567645192146, 'val_loss': 2.666086435317993, 'test_acc': 0.7878788113594055}
{'fold': 1, 'epoch': 800, 'train_loss': 0.009904393926262856, 'val_loss': 2.666033983230591, 'test_acc': 0.7878788113594055}
{'fold': 1, 'epoch': 850, 'train_loss': 0.023994872346520424, 'val_loss': 2.6660776138305664, 'test_acc': 0.7878788113594055}
{'fold': 1, 'epoch': 900, 'train_loss': 0.011006573215126991, 'val_loss': 2.6661226749420166, 'test_acc': 0.7878788113594055}
{'fold': 1, 'epoch': 950, 'train_loss': 0.019354576244950294, 'val_loss': 2.666111707687378, 'test_acc': 0.7878788113594055}
{'fold': 1, 'epoch': 1000, 'train_loss': 0.023378221318125725, 'val_loss': 2.6660757064819336, 'test_acc': 0.7878788113594055}
{'fold': 1, 'epoch': 1050, 'train_loss': 0.00888768769800663, 'val_loss': 2.6660726070404053, 'test_acc': 0.7878788113594055}
{'fold': 1, 'epoch': 1100, 'train_loss': 0.03370639681816101, 'val_loss': 2.6660714149475098, 'test_acc': 0.7878788113594055}
{'fold': 1, 'epoch': 1150, 'train_loss': 0.0055386037565767765, 'val_loss': 2.6660752296447754, 'test_acc': 0.7878788113594055}
{'fold': 1, 'epoch': 1200, 'train_loss': 0.036040522158145905, 'val_loss': 2.6660754680633545, 'test_acc': 0.7878788113594055}
{'fold': 1, 'epoch': 1250, 'train_loss': 0.005132799502462149, 'val_loss': 2.6660754680633545, 'test_acc': 0.7878788113594055}
{'fold': 1, 'epoch': 1300, 'train_loss': 0.011876106262207031, 'val_loss': 2.6660759449005127, 'test_acc': 0.7878788113594055}
{'fold': 1, 'epoch': 1350, 'train_loss': 0.010880885645747185, 'val_loss': 2.6660759449005127, 'test_acc': 0.7878788113594055}
{'fold': 1, 'epoch': 1400, 'train_loss': 0.012401299551129341, 'val_loss': 2.6660759449005127, 'test_acc': 0.7878788113594055}
{'fold': 1, 'epoch': 1450, 'train_loss': 0.0076723042875528336, 'val_loss': 2.6660759449005127, 'test_acc': 0.7878788113594055}
{'fold': 1, 'epoch': 1500, 'train_loss': 0.0071487934328615665, 'val_loss': 2.6660759449005127, 'test_acc': 0.7878788113594055}
{'fold': 2, 'epoch': 50, 'train_loss': 0.24735203385353088, 'val_loss': 4.27085542678833, 'test_acc': 0.7777777910232544}
{'fold': 2, 'epoch': 100, 'train_loss': 0.15633775293827057, 'val_loss': 3.7097768783569336, 'test_acc': 0.7676767706871033}
{'fold': 2, 'epoch': 150, 'train_loss': 0.06456242501735687, 'val_loss': 3.30879807472229, 'test_acc': 0.808080792427063}
{'fold': 2, 'epoch': 200, 'train_loss': 0.025881486013531685, 'val_loss': 3.1670587062835693, 'test_acc': 0.8181818127632141}
{'fold': 2, 'epoch': 250, 'train_loss': 0.01914028264582157, 'val_loss': 3.076591968536377, 'test_acc': 0.8181818127632141}
{'fold': 2, 'epoch': 300, 'train_loss': 0.024226276203989983, 'val_loss': 2.943739652633667, 'test_acc': 0.8282828330993652}
{'fold': 2, 'epoch': 350, 'train_loss': 0.02168050967156887, 'val_loss': 2.932809829711914, 'test_acc': 0.8282828330993652}
{'fold': 2, 'epoch': 400, 'train_loss': 0.010652544908225536, 'val_loss': 2.9570815563201904, 'test_acc': 0.8282828330993652}
{'fold': 2, 'epoch': 450, 'train_loss': 0.02027561515569687, 'val_loss': 2.97403883934021, 'test_acc': 0.8282828330993652}
{'fold': 2, 'epoch': 500, 'train_loss': 0.04432464390993118, 'val_loss': 2.9764750003814697, 'test_acc': 0.8282828330993652}
{'fold': 2, 'epoch': 550, 'train_loss': 0.013938497751951218, 'val_loss': 2.9794564247131348, 'test_acc': 0.8282828330993652}
{'fold': 2, 'epoch': 600, 'train_loss': 0.025724394246935844, 'val_loss': 2.980738401412964, 'test_acc': 0.8282828330993652}
{'fold': 2, 'epoch': 650, 'train_loss': 0.029160883277654648, 'val_loss': 2.9806275367736816, 'test_acc': 0.8282828330993652}
{'fold': 2, 'epoch': 700, 'train_loss': 0.0273393876850605, 'val_loss': 2.9798879623413086, 'test_acc': 0.8282828330993652}
{'fold': 2, 'epoch': 750, 'train_loss': 0.046821705996990204, 'val_loss': 2.9803504943847656, 'test_acc': 0.8282828330993652}
{'fold': 2, 'epoch': 800, 'train_loss': 0.019589772447943687, 'val_loss': 2.980961322784424, 'test_acc': 0.8282828330993652}
{'fold': 2, 'epoch': 850, 'train_loss': 0.011321114376187325, 'val_loss': 2.9809882640838623, 'test_acc': 0.8282828330993652}
{'fold': 2, 'epoch': 900, 'train_loss': 0.020513884723186493, 'val_loss': 2.98111891746521, 'test_acc': 0.8282828330993652}
{'fold': 2, 'epoch': 950, 'train_loss': 0.04154399409890175, 'val_loss': 2.9811317920684814, 'test_acc': 0.8282828330993652}
{'fold': 2, 'epoch': 1000, 'train_loss': 0.016018083319067955, 'val_loss': 2.98116397857666, 'test_acc': 0.8282828330993652}
{'fold': 2, 'epoch': 1050, 'train_loss': 0.024398639798164368, 'val_loss': 2.9811747074127197, 'test_acc': 0.8282828330993652}
{'fold': 2, 'epoch': 1100, 'train_loss': 0.023768076673150063, 'val_loss': 2.9811856746673584, 'test_acc': 0.8282828330993652}
{'fold': 2, 'epoch': 1150, 'train_loss': 0.02516196109354496, 'val_loss': 2.9811885356903076, 'test_acc': 0.8282828330993652}
{'fold': 2, 'epoch': 1200, 'train_loss': 0.043377868831157684, 'val_loss': 2.981189250946045, 'test_acc': 0.8282828330993652}
{'fold': 2, 'epoch': 1250, 'train_loss': 0.020305288955569267, 'val_loss': 2.981189727783203, 'test_acc': 0.8282828330993652}
{'fold': 2, 'epoch': 1300, 'train_loss': 0.01380356214940548, 'val_loss': 2.9811899662017822, 'test_acc': 0.8282828330993652}
{'fold': 2, 'epoch': 1350, 'train_loss': 0.025481732562184334, 'val_loss': 2.981189727783203, 'test_acc': 0.8282828330993652}
{'fold': 2, 'epoch': 1400, 'train_loss': 0.01870979182422161, 'val_loss': 2.981189727783203, 'test_acc': 0.8282828330993652}
{'fold': 2, 'epoch': 1450, 'train_loss': 0.01874248869717121, 'val_loss': 2.981189727783203, 'test_acc': 0.8282828330993652}
{'fold': 2, 'epoch': 1500, 'train_loss': 0.020235517993569374, 'val_loss': 2.981189727783203, 'test_acc': 0.8282828330993652}
{'fold': 3, 'epoch': 50, 'train_loss': 0.35300159454345703, 'val_loss': 1.5325984954833984, 'test_acc': 0.747474730014801}
{'fold': 3, 'epoch': 100, 'train_loss': 0.04960500821471214, 'val_loss': 2.3213729858398438, 'test_acc': 0.8181818127632141}
{'fold': 3, 'epoch': 150, 'train_loss': 0.05537329241633415, 'val_loss': 1.857285976409912, 'test_acc': 0.8181818127632141}
{'fold': 3, 'epoch': 200, 'train_loss': 0.026007819920778275, 'val_loss': 1.6258397102355957, 'test_acc': 0.7979797720909119}
{'fold': 3, 'epoch': 250, 'train_loss': 0.013043621554970741, 'val_loss': 1.4614274501800537, 'test_acc': 0.8181818127632141}
{'fold': 3, 'epoch': 300, 'train_loss': 0.020387833938002586, 'val_loss': 1.5037550926208496, 'test_acc': 0.8181818127632141}
{'fold': 3, 'epoch': 350, 'train_loss': 0.02493954263627529, 'val_loss': 1.4289039373397827, 'test_acc': 0.8181818127632141}
{'fold': 3, 'epoch': 400, 'train_loss': 0.013710196129977703, 'val_loss': 1.4488784074783325, 'test_acc': 0.8181818127632141}
{'fold': 3, 'epoch': 450, 'train_loss': 0.026562552899122238, 'val_loss': 1.4478514194488525, 'test_acc': 0.8181818127632141}
{'fold': 3, 'epoch': 500, 'train_loss': 0.026848092675209045, 'val_loss': 1.4394100904464722, 'test_acc': 0.8181818127632141}
{'fold': 3, 'epoch': 550, 'train_loss': 0.017832471057772636, 'val_loss': 1.4409846067428589, 'test_acc': 0.8181818127632141}
{'fold': 3, 'epoch': 600, 'train_loss': 0.023991461843252182, 'val_loss': 1.4407633543014526, 'test_acc': 0.8181818127632141}
{'fold': 3, 'epoch': 650, 'train_loss': 0.025217676535248756, 'val_loss': 1.4402704238891602, 'test_acc': 0.8181818127632141}
{'fold': 3, 'epoch': 700, 'train_loss': 0.016700953245162964, 'val_loss': 1.4399133920669556, 'test_acc': 0.8181818127632141}
{'fold': 3, 'epoch': 750, 'train_loss': 0.031847670674324036, 'val_loss': 1.4395419359207153, 'test_acc': 0.8181818127632141}
{'fold': 3, 'epoch': 800, 'train_loss': 0.03183586522936821, 'val_loss': 1.4393736124038696, 'test_acc': 0.8181818127632141}
{'fold': 3, 'epoch': 850, 'train_loss': 0.041572343558073044, 'val_loss': 1.439446210861206, 'test_acc': 0.8181818127632141}
{'fold': 3, 'epoch': 900, 'train_loss': 0.021192865446209908, 'val_loss': 1.439432144165039, 'test_acc': 0.8181818127632141}
{'fold': 3, 'epoch': 950, 'train_loss': 0.021066024899482727, 'val_loss': 1.4394104480743408, 'test_acc': 0.8181818127632141}
{'fold': 3, 'epoch': 1000, 'train_loss': 0.02597452886402607, 'val_loss': 1.4394066333770752, 'test_acc': 0.8181818127632141}
{'fold': 3, 'epoch': 1050, 'train_loss': 0.026840893551707268, 'val_loss': 1.439408779144287, 'test_acc': 0.8181818127632141}
{'fold': 3, 'epoch': 1100, 'train_loss': 0.05485071241855621, 'val_loss': 1.439408540725708, 'test_acc': 0.8181818127632141}
{'fold': 3, 'epoch': 1150, 'train_loss': 0.012147627770900726, 'val_loss': 1.4394084215164185, 'test_acc': 0.8181818127632141}
{'fold': 3, 'epoch': 1200, 'train_loss': 0.04711659997701645, 'val_loss': 1.439408779144287, 'test_acc': 0.8181818127632141}
{'fold': 3, 'epoch': 1250, 'train_loss': 0.028737615793943405, 'val_loss': 1.439408779144287, 'test_acc': 0.8181818127632141}
{'fold': 3, 'epoch': 1300, 'train_loss': 0.014178373850882053, 'val_loss': 1.439408779144287, 'test_acc': 0.8181818127632141}
{'fold': 3, 'epoch': 1350, 'train_loss': 0.020037241280078888, 'val_loss': 1.439408779144287, 'test_acc': 0.8181818127632141}
{'fold': 3, 'epoch': 1400, 'train_loss': 0.04014141857624054, 'val_loss': 1.439408779144287, 'test_acc': 0.8181818127632141}
{'fold': 3, 'epoch': 1450, 'train_loss': 0.03240281715989113, 'val_loss': 1.439408779144287, 'test_acc': 0.8181818127632141}
{'fold': 3, 'epoch': 1500, 'train_loss': 0.010671328753232956, 'val_loss': 1.439408779144287, 'test_acc': 0.8181818127632141}
{'fold': 4, 'epoch': 50, 'train_loss': 0.2209499031305313, 'val_loss': 1.8749128580093384, 'test_acc': 0.7575757503509521}
{'fold': 4, 'epoch': 100, 'train_loss': 0.06252165138721466, 'val_loss': 2.630143404006958, 'test_acc': 0.7878788113594055}
{'fold': 4, 'epoch': 150, 'train_loss': 0.04505086690187454, 'val_loss': 2.5517327785491943, 'test_acc': 0.7979797720909119}
{'fold': 4, 'epoch': 200, 'train_loss': 0.03501597046852112, 'val_loss': 2.5589585304260254, 'test_acc': 0.7979797720909119}
{'fold': 4, 'epoch': 250, 'train_loss': 0.014948454685509205, 'val_loss': 2.478517532348633, 'test_acc': 0.808080792427063}
{'fold': 4, 'epoch': 300, 'train_loss': 0.018098633736371994, 'val_loss': 2.3531546592712402, 'test_acc': 0.7979797720909119}
{'fold': 4, 'epoch': 350, 'train_loss': 0.022935528308153152, 'val_loss': 2.3273353576660156, 'test_acc': 0.808080792427063}
{'fold': 4, 'epoch': 400, 'train_loss': 0.012244942598044872, 'val_loss': 2.325416088104248, 'test_acc': 0.7878788113594055}
{'fold': 4, 'epoch': 450, 'train_loss': 0.03753416985273361, 'val_loss': 2.3197758197784424, 'test_acc': 0.7878788113594055}
{'fold': 4, 'epoch': 500, 'train_loss': 0.019076939672231674, 'val_loss': 2.3200364112854004, 'test_acc': 0.7878788113594055}
{'fold': 4, 'epoch': 550, 'train_loss': 0.03129907324910164, 'val_loss': 2.3261730670928955, 'test_acc': 0.7777777910232544}
{'fold': 4, 'epoch': 600, 'train_loss': 0.007534949574619532, 'val_loss': 2.3241684436798096, 'test_acc': 0.7777777910232544}
{'fold': 4, 'epoch': 650, 'train_loss': 0.018591133877635002, 'val_loss': 2.3241090774536133, 'test_acc': 0.7878788113594055}
{'fold': 4, 'epoch': 700, 'train_loss': 0.019830932840704918, 'val_loss': 2.3242347240448, 'test_acc': 0.7878788113594055}
{'fold': 4, 'epoch': 750, 'train_loss': 0.028104493394494057, 'val_loss': 2.324660062789917, 'test_acc': 0.7878788113594055}
{'fold': 4, 'epoch': 800, 'train_loss': 0.01938774809241295, 'val_loss': 2.324723958969116, 'test_acc': 0.7878788113594055}
{'fold': 4, 'epoch': 850, 'train_loss': 0.031952012330293655, 'val_loss': 2.3247230052948, 'test_acc': 0.7878788113594055}
{'fold': 4, 'epoch': 900, 'train_loss': 0.01987905614078045, 'val_loss': 2.324720621109009, 'test_acc': 0.7878788113594055}
{'fold': 4, 'epoch': 950, 'train_loss': 0.014908998273313046, 'val_loss': 2.324739694595337, 'test_acc': 0.7878788113594055}
{'fold': 4, 'epoch': 1000, 'train_loss': 0.032447732985019684, 'val_loss': 2.3247382640838623, 'test_acc': 0.7878788113594055}
{'fold': 4, 'epoch': 1050, 'train_loss': 0.022301537916064262, 'val_loss': 2.324737787246704, 'test_acc': 0.7878788113594055}
{'fold': 4, 'epoch': 1100, 'train_loss': 0.010793342255055904, 'val_loss': 2.324740409851074, 'test_acc': 0.7878788113594055}
{'fold': 4, 'epoch': 1150, 'train_loss': 0.054176632314920425, 'val_loss': 2.3247387409210205, 'test_acc': 0.7878788113594055}
{'fold': 4, 'epoch': 1200, 'train_loss': 0.014034327119588852, 'val_loss': 2.3247385025024414, 'test_acc': 0.7878788113594055}
{'fold': 4, 'epoch': 1250, 'train_loss': 0.01947207562625408, 'val_loss': 2.3247389793395996, 'test_acc': 0.7878788113594055}
{'fold': 4, 'epoch': 1300, 'train_loss': 0.014958239160478115, 'val_loss': 2.3247389793395996, 'test_acc': 0.7878788113594055}
{'fold': 4, 'epoch': 1350, 'train_loss': 0.016346311196684837, 'val_loss': 2.3247389793395996, 'test_acc': 0.7878788113594055}
{'fold': 4, 'epoch': 1400, 'train_loss': 0.012398543767631054, 'val_loss': 2.3247389793395996, 'test_acc': 0.7878788113594055}
{'fold': 4, 'epoch': 1450, 'train_loss': 0.017755040898919106, 'val_loss': 2.3247389793395996, 'test_acc': 0.7878788113594055}
{'fold': 4, 'epoch': 1500, 'train_loss': 0.03468843176960945, 'val_loss': 2.3247389793395996, 'test_acc': 0.7878788113594055}
Val Loss: 1.2961, Test Accuracy: 0.542 +/- 0.099, Duration: 87.458
Model(2) results: loss=1.296, accuracy=0.542, std=0.099, cv_params={'epoch': 1500, 'hidden': 64, 'layer': 2, 'lr': 0.1, 'net': <class 'models.GCNConv'>}
Best Model(0) results: loss=1.044, accuracy=0.621, std=0.119, cv_params={'epoch': 1500, 'hidden': 32, 'layer': 2, 'lr': 0.1, 'net': <class 'models.GCNConv'>}

--
GCNConv(0): loss=1.044, accuracy=0.621, std=0.119, cv_params={'epoch': 1500, 'hidden': 32, 'layer': 2, 'lr': 0.1, 'net': <class 'models.GCNConv'>}
GCNConv(1): loss=1.154, accuracy=0.645, std=0.129, cv_params={'epoch': 1500, 'hidden': 48, 'layer': 2, 'lr': 0.1, 'net': <class 'models.GCNConv'>}
GCNConv(2): loss=1.296, accuracy=0.542, std=0.099, cv_params={'epoch': 1500, 'hidden': 64, 'layer': 2, 'lr': 0.1, 'net': <class 'models.GCNConv'>}
